[2020-04-18 15:52:22]: DEBUG - Not existed.
[2020-04-18 15:52:23]: DEBUG - Not existed.
[2020-04-18 15:52:23]: DEBUG - Existed
[2020-04-18 15:52:23]: INFO - Current sence is tan_suo.
[2020-04-18 15:52:23]: DEBUG - Existed
[2020-04-18 15:52:23]: DEBUG - Click (1044, 589)
[2020-04-18 15:52:28]: INFO - Start for times: 1.
[2020-04-18 15:52:28]: DEBUG - Not existed.
[2020-04-18 15:52:28]: INFO - Search for tan_suo.png.
[2020-04-18 15:52:28]: DEBUG - Matching...
[2020-04-18 15:52:28]: DEBUG - Matched.
[2020-04-18 15:52:30]: DEBUG - Click (865, 531)
[2020-04-18 15:52:33]: INFO - Search for zhen_rong_suo_ding.png.
[2020-04-18 15:52:33]: DEBUG - Not existed.
[2020-04-18 15:52:33]: INFO - Search for zhan_dou.png.
[2020-04-18 15:52:33]: DEBUG - Not existed.
[2020-04-18 15:52:33]: DEBUG - Matching...
[2020-04-18 15:52:33]: DEBUG - Matched.
[2020-04-18 15:52:33]: INFO - Discover 1st monster.
[2020-04-18 15:52:34]: DEBUG - Click (1078, 318)
[2020-04-18 15:52:34]: INFO - Search for zhun_bei.png.
[2020-04-18 15:52:34]: DEBUG - Matching...
[2020-04-18 15:52:34]: DEBUG - Matching...
[2020-04-18 15:52:34]: DEBUG - Matching...
[2020-04-18 15:52:34]: DEBUG - Matching...
[2020-04-18 15:52:35]: DEBUG - Matching...
[2020-04-18 15:52:35]: DEBUG - Matching...
[2020-04-18 15:52:35]: DEBUG - Matching...
[2020-04-18 15:52:35]: DEBUG - Matched.
[2020-04-18 15:52:38]: INFO - Check if needed to change dog food.
[2020-04-18 15:52:38]: DEBUG - Not existed.
[2020-04-18 15:52:38]: DEBUG - Existed
[2020-04-18 15:52:39]: DEBUG - Click (491, 433)
[2020-04-18 15:52:41]: INFO - Search for quan_bu.png
[2020-04-18 15:52:41]: DEBUG - Matching...
[2020-04-18 15:52:41]: DEBUG - Matched.
[2020-04-18 15:52:42]: DEBUG - Click (85, 626)
[2020-04-18 15:52:42]: INFO - Search for su_cai.png
[2020-04-18 15:52:42]: DEBUG - Matching...
[2020-04-18 15:52:43]: DEBUG - Matching...
[2020-04-18 15:52:43]: DEBUG - Matched.
[2020-04-18 15:52:44]: DEBUG - Click (75, 344)
[2020-04-18 15:52:46]: INFO - Search for man_2.png
[2020-04-18 15:52:47]: DEBUG - Not existed.
[2020-04-18 15:52:47]: INFO - Search for man_3.png
[2020-04-18 15:52:47]: DEBUG - Existed
[2020-04-18 15:52:47]: INFO - Search for gou_liang_bai_dan.png
[2020-04-18 15:52:47]: DEBUG - Matching...
[2020-04-18 15:52:47]: DEBUG - Matched.
[2020-04-18 15:52:49]: INFO - Search for man_2.png
[2020-04-18 15:52:49]: DEBUG - Not existed.
[2020-04-18 15:52:49]: INFO - Search for man_3.png
[2020-04-18 15:52:49]: DEBUG - Not existed.
[2020-04-18 15:52:50]: INFO - Search for man_2.png
[2020-04-18 15:52:50]: DEBUG - Not existed.
[2020-04-18 15:52:50]: INFO - Search for man_3.png
[2020-04-18 15:52:50]: DEBUG - Not existed.
[2020-04-18 15:52:51]: INFO - Search for man_2.png
[2020-04-18 15:52:51]: DEBUG - Not existed.
[2020-04-18 15:52:51]: INFO - Search for man_3.png
[2020-04-18 15:52:51]: DEBUG - Not existed.
[2020-04-18 15:52:52]: INFO - Search for fan_hui.png
[2020-04-18 15:52:52]: DEBUG - Matching...
[2020-04-18 15:52:52]: DEBUG - Matched.
[2020-04-18 15:52:53]: DEBUG - Click (56, 92)
[2020-04-18 15:52:54]: INFO - Finished.
[2020-04-18 15:52:57]: DEBUG - Click (1064, 542)
[2020-04-18 15:53:03]: INFO - Search for sheng_li.png.
[2020-04-18 15:53:03]: DEBUG - Matching...
[2020-04-18 15:53:04]: DEBUG - Matching...
[2020-04-18 15:53:04]: DEBUG - Matching...
[2020-04-18 15:53:04]: DEBUG - Matching...
[2020-04-18 15:53:04]: DEBUG - Matching...
[2020-04-18 15:53:05]: DEBUG - Matched.
[2020-04-18 15:53:05]: DEBUG - Click (859, 541)
[2020-04-18 15:53:08]: INFO - Search for jie_suan.png.
[2020-04-18 15:53:08]: DEBUG - Matching...
[2020-04-18 15:53:09]: DEBUG - Matching...
[2020-04-18 15:53:09]: DEBUG - Matched.
[2020-04-18 15:53:11]: DEBUG - Click (878, 518)
[2020-04-18 15:53:14]: DEBUG - Not existed.
[2020-04-18 15:53:14]: DEBUG - Matching...
[2020-04-18 15:53:14]: DEBUG - Matched.
[2020-04-18 15:53:14]: INFO - Discover 2st monster.
[2020-04-18 15:53:14]: DEBUG - Click (870, 313)
[2020-04-18 15:53:14]: INFO - Search for zhun_bei.png.
[2020-04-18 15:53:14]: DEBUG - Matching...
[2020-04-18 15:53:14]: DEBUG - Matching...
[2020-04-18 15:53:15]: DEBUG - Matching...
[2020-04-18 15:53:15]: DEBUG - Matching...
[2020-04-18 15:53:15]: DEBUG - Matching...
[2020-04-18 15:53:16]: DEBUG - Matching...
[2020-04-18 15:53:16]: DEBUG - Matching...
[2020-04-18 15:53:16]: DEBUG - Matched.
[2020-04-18 15:53:19]: INFO - Check if needed to change dog food.
[2020-04-18 15:53:19]: DEBUG - Not existed.
[2020-04-18 15:53:19]: DEBUG - Not existed.
[2020-04-18 15:53:21]: DEBUG - Click (1054, 542)
[2020-04-18 15:53:28]: INFO - Search for sheng_li.png.
[2020-04-18 15:53:28]: DEBUG - Matching...
[2020-04-18 15:53:29]: DEBUG - Matching...
[2020-04-18 15:53:29]: DEBUG - Matching...
[2020-04-18 15:53:29]: DEBUG - Matched.
[2020-04-18 15:53:30]: DEBUG - Click (885, 504)
[2020-04-18 15:53:32]: INFO - Search for jie_suan.png.
[2020-04-18 15:53:32]: DEBUG - Matching...
[2020-04-18 15:53:33]: DEBUG - Matching...
[2020-04-18 15:53:33]: DEBUG - Matched.
[2020-04-18 15:53:35]: DEBUG - Click (871, 518)
[2020-04-18 15:53:38]: DEBUG - Not existed.
[2020-04-18 15:53:38]: DEBUG - Matching...
[2020-04-18 15:53:38]: DEBUG - Matched.
[2020-04-18 15:53:38]: INFO - Discover 3st monster.
[2020-04-18 15:53:38]: DEBUG - Click (979, 411)
[2020-04-18 15:53:38]: INFO - Search for zhun_bei.png.
[2020-04-18 15:53:38]: DEBUG - Matching...
[2020-04-18 15:53:39]: DEBUG - Matching...
[2020-04-18 15:53:39]: DEBUG - Matching...
[2020-04-18 15:53:39]: DEBUG - Matching...
[2020-04-18 15:53:39]: DEBUG - Matching...
[2020-04-18 15:53:40]: DEBUG - Matching...
[2020-04-18 15:53:40]: DEBUG - Matching...
[2020-04-18 15:53:40]: DEBUG - Matched.
[2020-04-18 15:53:43]: INFO - Check if needed to change dog food.
[2020-04-18 15:53:43]: DEBUG - Not existed.
[2020-04-18 15:53:43]: DEBUG - Not existed.
[2020-04-18 15:53:45]: DEBUG - Click (1059, 535)
[2020-04-18 15:53:52]: INFO - Search for sheng_li.png.
[2020-04-18 15:53:52]: DEBUG - Matching...
[2020-04-18 15:53:53]: DEBUG - Matching...
[2020-04-18 15:53:53]: DEBUG - Matching...
[2020-04-18 15:53:53]: DEBUG - Matched.
[2020-04-18 15:53:54]: DEBUG - Click (882, 502)
[2020-04-18 15:53:56]: INFO - Search for jie_suan.png.
[2020-04-18 15:53:56]: DEBUG - Matching...
[2020-04-18 15:53:57]: DEBUG - Matching...
[2020-04-18 15:53:57]: DEBUG - Matched.
[2020-04-18 15:53:59]: DEBUG - Click (883, 525)
[2020-04-18 15:54:02]: DEBUG - Not existed.
[2020-04-18 15:54:02]: DEBUG - Matching...
[2020-04-18 15:54:04]: DEBUG - Matching...
[2020-04-18 15:54:05]: DEBUG - Matching...
[2020-04-18 15:54:06]: DEBUG - Existed
[2020-04-18 15:54:07]: DEBUG - Click (963, 517)
[2020-04-18 15:54:09]: DEBUG - Not existed.
[2020-04-18 15:54:09]: DEBUG - Matching...
[2020-04-18 15:54:09]: DEBUG - Matched.
[2020-04-18 15:54:09]: INFO - Discover 4st monster.
[2020-04-18 15:54:09]: DEBUG - Click (1028, 376)
[2020-04-18 15:54:09]: INFO - Search for zhun_bei.png.
[2020-04-18 15:54:09]: DEBUG - Matching...
[2020-04-18 15:54:09]: DEBUG - Matching...
[2020-04-18 15:54:09]: DEBUG - Matching...
[2020-04-18 15:54:10]: DEBUG - Matching...
[2020-04-18 15:54:10]: DEBUG - Matching...
[2020-04-18 15:54:10]: DEBUG - Matching...
[2020-04-18 15:54:10]: DEBUG - Matched.
[2020-04-18 15:54:13]: INFO - Check if needed to change dog food.
[2020-04-18 15:54:13]: DEBUG - Existed
[2020-04-18 15:54:14]: DEBUG - Click (464, 421)
[2020-04-18 15:54:15]: INFO - Search for quan_bu.png
[2020-04-18 15:54:15]: DEBUG - Matching...
[2020-04-18 15:54:17]: DEBUG - Matching...
[2020-04-18 15:54:17]: DEBUG - Matched.
[2020-04-18 15:54:18]: DEBUG - Click (83, 625)
[2020-04-18 15:54:18]: INFO - Search for su_cai.png
[2020-04-18 15:54:18]: DEBUG - Matching...
[2020-04-18 15:54:19]: DEBUG - Matching...
[2020-04-18 15:54:19]: DEBUG - Matched.
[2020-04-18 15:54:20]: DEBUG - Click (73, 342)
[2020-04-18 15:54:23]: INFO - Search for man_2.png
[2020-04-18 15:54:23]: DEBUG - Existed
[2020-04-18 15:54:23]: INFO - Search for gou_liang_bai_dan.png
[2020-04-18 15:54:23]: DEBUG - Matching...
[2020-04-18 15:54:23]: DEBUG - Matched.
[2020-04-18 15:54:26]: INFO - Search for man_2.png
[2020-04-18 15:54:26]: DEBUG - Not existed.
[2020-04-18 15:54:26]: INFO - Search for man_3.png
[2020-04-18 15:54:26]: DEBUG - Not existed.
[2020-04-18 15:54:27]: INFO - Search for man_2.png
[2020-04-18 15:54:28]: DEBUG - Not existed.
[2020-04-18 15:54:28]: INFO - Search for man_3.png
[2020-04-18 15:54:28]: DEBUG - Not existed.
[2020-04-18 15:54:29]: INFO - Search for man_2.png
[2020-04-18 15:54:29]: DEBUG - Not existed.
[2020-04-18 15:54:29]: INFO - Search for man_3.png
[2020-04-18 15:54:29]: DEBUG - Not existed.
[2020-04-18 15:54:30]: INFO - Search for fan_hui.png
[2020-04-18 15:54:30]: DEBUG - Matching...
[2020-04-18 15:54:31]: DEBUG - Matched.
[2020-04-18 15:54:32]: DEBUG - Click (61, 80)
[2020-04-18 15:54:33]: INFO - Finished.
[2020-04-18 15:54:35]: DEBUG - Click (1106, 588)
[2020-04-18 15:54:42]: INFO - Search for sheng_li.png.
[2020-04-18 15:54:42]: DEBUG - Matching...
[2020-04-18 15:54:42]: DEBUG - Matching...
[2020-04-18 15:54:43]: DEBUG - Matching...
[2020-04-18 15:54:43]: DEBUG - Matching...
[2020-04-18 15:54:43]: DEBUG - Matched.
[2020-04-18 15:54:45]: DEBUG - Click (871, 532)
[2020-04-18 15:54:46]: INFO - Search for jie_suan.png.
[2020-04-18 15:54:46]: DEBUG - Matching...
[2020-04-18 15:54:48]: DEBUG - Matching...
[2020-04-18 15:54:48]: DEBUG - Matched.
[2020-04-18 15:54:50]: DEBUG - Click (860, 555)
[2020-04-18 15:54:53]: DEBUG - Existed
[2020-04-18 15:54:54]: DEBUG - Click (599, 296)
[2020-04-18 15:54:54]: INFO - Search for zhun_bei.png.
[2020-04-18 15:54:54]: DEBUG - Matching...
[2020-04-18 15:54:55]: DEBUG - Matching...
[2020-04-18 15:54:55]: DEBUG - Matching...
[2020-04-18 15:54:56]: DEBUG - Matching...
[2020-04-18 15:54:56]: DEBUG - Matching...
[2020-04-18 15:54:57]: DEBUG - Matching...
[2020-04-18 15:54:57]: DEBUG - Matching...
[2020-04-18 15:54:58]: DEBUG - Matching...
[2020-04-18 15:54:58]: DEBUG - Matching...
[2020-04-18 15:54:58]: DEBUG - Matching...
[2020-04-18 15:54:59]: DEBUG - Matching...
[2020-04-18 15:54:59]: DEBUG - Matched.
[2020-04-18 15:55:02]: INFO - Check if needed to change dog food.
[2020-04-18 15:55:02]: DEBUG - Not existed.
[2020-04-18 15:55:02]: DEBUG - Not existed.
[2020-04-18 15:55:05]: DEBUG - Click (1062, 543)
[2020-04-18 15:55:12]: INFO - Search for sheng_li.png.
[2020-04-18 15:55:12]: DEBUG - Matching...
[2020-04-18 15:55:12]: DEBUG - Matching...
[2020-04-18 15:55:12]: DEBUG - Matching...
[2020-04-18 15:55:13]: DEBUG - Matching...
[2020-04-18 15:55:13]: DEBUG - Matched.
[2020-04-18 15:55:14]: DEBUG - Click (887, 508)
[2020-04-18 15:55:16]: INFO - Search for jie_suan.png.
[2020-04-18 15:55:16]: DEBUG - Matching...
[2020-04-18 15:55:16]: DEBUG - Matched.
[2020-04-18 15:55:18]: DEBUG - Click (896, 399)
[2020-04-18 15:55:26]: DEBUG - Not existed.
[2020-04-18 15:55:27]: DEBUG - Not existed.
[2020-04-18 15:55:32]: INFO - Check if discover shi_ju(use ping_an_qi_tan).
[2020-04-18 15:55:32]: DEBUG - Existed
[2020-04-18 15:56:03]: DEBUG - Not existed.
[2020-04-18 15:56:04]: DEBUG - Not existed.
[2020-04-18 15:56:04]: DEBUG - Existed
[2020-04-18 15:56:04]: INFO - Current sence is tan_suo.
[2020-04-18 15:56:04]: DEBUG - Existed
[2020-04-18 15:56:04]: DEBUG - Click (1037, 594)
[2020-04-18 15:56:09]: INFO - Start for times: 1.
[2020-04-18 15:56:45]: DEBUG - Not existed.
[2020-04-18 15:56:45]: INFO - Search for tan_suo.png.
[2020-04-18 15:56:45]: DEBUG - Matching...
[2020-04-18 15:56:45]: DEBUG - Matched.
[2020-04-18 15:56:47]: DEBUG - Click (864, 531)
[2020-04-18 15:56:50]: INFO - Search for zhen_rong_suo_ding.png.
[2020-04-18 15:56:50]: DEBUG - Not existed.
[2020-04-18 15:56:50]: INFO - Search for zhan_dou.png.
[2020-04-18 15:56:50]: DEBUG - Not existed.
[2020-04-18 15:56:50]: DEBUG - Matching...
[2020-04-18 15:56:50]: DEBUG - Matched.
[2020-04-18 15:56:50]: INFO - Discover 1st monster.
[2020-04-18 15:56:50]: DEBUG - Click (916, 459)
[2020-04-18 15:56:50]: INFO - Search for zhun_bei.png.
[2020-04-18 15:56:50]: DEBUG - Matching...
[2020-04-18 15:56:50]: DEBUG - Matching...
[2020-04-18 15:56:51]: DEBUG - Matching...
[2020-04-18 15:56:51]: DEBUG - Matching...
[2020-04-18 15:56:51]: DEBUG - Matching...
[2020-04-18 15:56:52]: DEBUG - Matching...
[2020-04-18 15:56:52]: DEBUG - Matched.
[2020-04-18 15:56:55]: INFO - Check if needed to change dog food.
[2020-04-18 15:56:55]: DEBUG - Not existed.
[2020-04-18 15:56:55]: DEBUG - Not existed.
[2020-04-18 15:56:57]: DEBUG - Click (1097, 583)
[2020-04-18 15:57:05]: INFO - Search for sheng_li.png.
[2020-04-18 15:57:05]: DEBUG - Matching...
[2020-04-18 15:57:05]: DEBUG - Matching...
[2020-04-18 15:57:05]: DEBUG - Matching...
[2020-04-18 15:57:05]: DEBUG - Matching...
[2020-04-18 15:57:06]: DEBUG - Matched.
[2020-04-18 15:57:07]: DEBUG - Click (888, 527)
[2020-04-18 15:57:09]: INFO - Search for jie_suan.png.
[2020-04-18 15:57:09]: DEBUG - Matching...
[2020-04-18 15:57:10]: DEBUG - Matching...
[2020-04-18 15:57:10]: DEBUG - Matched.
[2020-04-18 15:57:12]: DEBUG - Click (873, 537)
[2020-04-18 15:57:15]: DEBUG - Not existed.
[2020-04-18 15:57:15]: DEBUG - Matching...
[2020-04-18 15:57:15]: DEBUG - Matched.
[2020-04-18 15:57:15]: INFO - Discover 2st monster.
[2020-04-18 15:57:15]: DEBUG - Click (865, 318)
[2020-04-18 15:57:15]: INFO - Search for zhun_bei.png.
[2020-04-18 15:57:15]: DEBUG - Matching...
[2020-04-18 15:57:15]: DEBUG - Matching...
[2020-04-18 15:57:16]: DEBUG - Matching...
[2020-04-18 15:57:16]: DEBUG - Matching...
[2020-04-18 15:57:16]: DEBUG - Matching...
[2020-04-18 15:57:16]: DEBUG - Matching...
[2020-04-18 15:57:17]: DEBUG - Matching...
[2020-04-18 15:57:17]: DEBUG - Matched.
[2020-04-18 15:57:20]: INFO - Check if needed to change dog food.
[2020-04-18 15:57:20]: DEBUG - Not existed.
[2020-04-18 15:57:20]: DEBUG - Not existed.
[2020-04-18 15:57:22]: DEBUG - Click (1073, 546)
[2020-04-18 15:57:30]: INFO - Search for sheng_li.png.
[2020-04-18 15:57:30]: DEBUG - Matching...
[2020-04-18 15:57:30]: DEBUG - Matching...
[2020-04-18 15:57:30]: DEBUG - Matching...
[2020-04-18 15:57:30]: DEBUG - Matched.
[2020-04-18 15:57:31]: DEBUG - Click (865, 539)
[2020-04-18 15:57:33]: INFO - Search for jie_suan.png.
[2020-04-18 15:57:33]: DEBUG - Matching...
[2020-04-18 15:57:34]: DEBUG - Matching...
[2020-04-18 15:57:34]: DEBUG - Matched.
[2020-04-18 15:57:37]: DEBUG - Click (872, 543)
[2020-04-18 15:57:40]: DEBUG - Not existed.
[2020-04-18 15:57:40]: DEBUG - Matching...
[2020-04-18 15:57:40]: DEBUG - Matched.
[2020-04-18 15:57:40]: INFO - Discover 3st monster.
[2020-04-18 15:57:40]: DEBUG - Click (1076, 323)
[2020-04-18 15:57:40]: INFO - Search for zhun_bei.png.
[2020-04-18 15:57:40]: DEBUG - Matching...
[2020-04-18 15:57:40]: DEBUG - Matching...
[2020-04-18 15:57:40]: DEBUG - Matching...
[2020-04-18 15:57:41]: DEBUG - Matching...
[2020-04-18 15:57:41]: DEBUG - Matching...
[2020-04-18 15:57:41]: DEBUG - Matching...
[2020-04-18 15:57:42]: DEBUG - Matched.
[2020-04-18 15:57:45]: INFO - Check if needed to change dog food.
[2020-04-18 15:57:45]: DEBUG - Not existed.
[2020-04-18 15:57:45]: DEBUG - Not existed.
[2020-04-18 15:57:47]: DEBUG - Click (1099, 595)
[2020-04-18 15:57:54]: INFO - Search for sheng_li.png.
[2020-04-18 15:57:54]: DEBUG - Matching...
[2020-04-18 15:57:54]: DEBUG - Matching...
[2020-04-18 15:57:54]: DEBUG - Matching...
[2020-04-18 15:57:55]: DEBUG - Matching...
[2020-04-18 15:57:55]: DEBUG - Matched.
[2020-04-18 15:57:56]: DEBUG - Click (878, 517)
[2020-04-18 15:57:58]: INFO - Search for jie_suan.png.
[2020-04-18 15:57:58]: DEBUG - Matching...
[2020-04-18 15:57:59]: DEBUG - Matching...
[2020-04-18 15:57:59]: DEBUG - Matched.
[2020-04-18 15:58:01]: DEBUG - Click (893, 519)
[2020-04-18 15:58:04]: DEBUG - Not existed.
[2020-04-18 15:58:04]: DEBUG - Matching...
[2020-04-18 15:58:05]: DEBUG - Matching...
[2020-04-18 15:58:06]: DEBUG - Matching...
[2020-04-18 15:58:07]: DEBUG - Existed
[2020-04-18 15:58:08]: DEBUG - Click (945, 518)
[2020-04-18 15:58:10]: DEBUG - Not existed.
[2020-04-18 15:58:10]: DEBUG - Matching...
[2020-04-18 15:58:11]: DEBUG - Matched.
[2020-04-18 15:58:11]: INFO - Discover 4st monster.
[2020-04-18 15:58:11]: DEBUG - Click (731, 387)
[2020-04-18 15:58:11]: INFO - Search for zhun_bei.png.
[2020-04-18 15:58:11]: DEBUG - Matching...
[2020-04-18 15:58:11]: DEBUG - Matching...
[2020-04-18 15:58:11]: DEBUG - Matching...
[2020-04-18 15:58:11]: DEBUG - Matching...
[2020-04-18 15:58:12]: DEBUG - Matching...
[2020-04-18 15:58:12]: DEBUG - Matching...
[2020-04-18 15:58:12]: DEBUG - Matching...
[2020-04-18 15:58:12]: DEBUG - Matched.
[2020-04-18 15:58:15]: INFO - Check if needed to change dog food.
[2020-04-18 15:58:16]: DEBUG - Not existed.
[2020-04-18 15:58:16]: DEBUG - Not existed.
[2020-04-18 15:58:18]: DEBUG - Click (1060, 551)
[2020-04-18 15:58:24]: INFO - Search for sheng_li.png.
[2020-04-18 15:58:24]: DEBUG - Matching...
[2020-04-18 15:58:24]: DEBUG - Matching...
[2020-04-18 15:58:25]: DEBUG - Matching...
[2020-04-18 15:58:25]: DEBUG - Matching...
[2020-04-18 15:58:25]: DEBUG - Matching...
[2020-04-18 15:58:25]: DEBUG - Matched.
[2020-04-18 15:58:27]: DEBUG - Click (888, 526)
[2020-04-18 15:58:29]: INFO - Search for jie_suan.png.
[2020-04-18 15:58:29]: DEBUG - Matching...
[2020-04-18 15:58:29]: DEBUG - Matched.
[2020-04-18 15:58:31]: DEBUG - Click (868, 405)
[2020-04-18 15:58:34]: DEBUG - Not existed.
[2020-04-18 15:58:34]: DEBUG - Matching...
[2020-04-18 15:58:35]: DEBUG - Matching...
[2020-04-18 15:58:36]: DEBUG - Matching...
[2020-04-18 15:58:37]: DEBUG - Existed
[2020-04-18 15:58:38]: DEBUG - Click (954, 510)
[2020-04-18 15:58:41]: DEBUG - Not existed.
[2020-04-18 15:58:41]: DEBUG - Matching...
[2020-04-18 15:58:41]: DEBUG - Matched.
[2020-04-18 15:58:41]: INFO - Discover 5st monster.
[2020-04-18 15:58:41]: DEBUG - Click (887, 311)
[2020-04-18 15:58:41]: INFO - Search for zhun_bei.png.
[2020-04-18 15:58:41]: DEBUG - Matching...
[2020-04-18 15:58:41]: DEBUG - Matching...
[2020-04-18 15:58:41]: DEBUG - Matching...
[2020-04-18 15:58:42]: DEBUG - Matching...
[2020-04-18 15:58:42]: DEBUG - Matching...
[2020-04-18 15:58:42]: DEBUG - Matching...
[2020-04-18 15:58:42]: DEBUG - Matched.
[2020-04-18 15:58:45]: INFO - Check if needed to change dog food.
[2020-04-18 15:58:45]: DEBUG - Not existed.
[2020-04-18 15:58:45]: DEBUG - Not existed.
[2020-04-18 15:58:48]: DEBUG - Click (1117, 588)
[2020-04-18 15:58:55]: INFO - Search for sheng_li.png.
[2020-04-18 15:58:55]: DEBUG - Matching...
[2020-04-18 15:58:55]: DEBUG - Matching...
[2020-04-18 15:58:56]: DEBUG - Matching...
[2020-04-18 15:58:56]: DEBUG - Matching...
[2020-04-18 15:58:56]: DEBUG - Matched.
[2020-04-18 15:58:57]: DEBUG - Click (881, 537)
[2020-04-18 15:58:59]: INFO - Search for jie_suan.png.
[2020-04-18 15:58:59]: DEBUG - Matching...
[2020-04-18 15:58:59]: DEBUG - Matched.
[2020-04-18 15:59:01]: DEBUG - Click (890, 406)
[2020-04-18 15:59:04]: DEBUG - Existed
[2020-04-18 15:59:05]: DEBUG - Click (596, 314)
[2020-04-18 15:59:05]: INFO - Search for zhun_bei.png.
[2020-04-18 15:59:05]: DEBUG - Matching...
[2020-04-18 15:59:06]: DEBUG - Matching...
[2020-04-18 15:59:06]: DEBUG - Matching...
[2020-04-18 15:59:06]: DEBUG - Matching...
[2020-04-18 15:59:07]: DEBUG - Matching...
[2020-04-18 15:59:07]: DEBUG - Matching...
[2020-04-18 15:59:07]: DEBUG - Matched.
[2020-04-18 15:59:10]: INFO - Check if needed to change dog food.
[2020-04-18 15:59:10]: DEBUG - Not existed.
[2020-04-18 15:59:10]: DEBUG - Not existed.
[2020-04-18 15:59:12]: DEBUG - Click (1088, 554)
[2020-04-18 15:59:19]: INFO - Search for sheng_li.png.
[2020-04-18 15:59:19]: DEBUG - Matching...
[2020-04-18 15:59:19]: DEBUG - Matching...
[2020-04-18 15:59:20]: DEBUG - Matching...
[2020-04-18 15:59:20]: DEBUG - Matching...
[2020-04-18 15:59:20]: DEBUG - Matching...
[2020-04-18 15:59:20]: DEBUG - Matched.
[2020-04-18 15:59:21]: DEBUG - Click (869, 518)
[2020-04-18 15:59:24]: INFO - Search for jie_suan.png.
[2020-04-18 15:59:24]: DEBUG - Matching...
[2020-04-18 15:59:25]: DEBUG - Matching...
[2020-04-18 15:59:25]: DEBUG - Matched.
[2020-04-18 15:59:27]: DEBUG - Click (868, 543)
[2020-04-18 15:59:27]: INFO - Stopped.
[2020-04-18 16:07:50]: DEBUG - Existed
[2020-04-18 16:07:50]: INFO - Current sence is ting_yuan.
[2020-04-18 16:07:51]: DEBUG - Existed
[2020-04-18 16:07:51]: INFO - Current sence is ting_yuan.
[2020-04-18 16:07:51]: DEBUG - Existed
[2020-04-18 16:07:51]: DEBUG - Click (626, 199)
[2020-04-18 16:07:53]: DEBUG - Existed
[2020-04-18 16:07:53]: DEBUG - Click (1036, 599)
[2020-04-18 16:07:58]: INFO - Start for times: 1.
[2020-04-18 16:07:58]: DEBUG - Not existed.
[2020-04-18 16:07:58]: INFO - Search for tan_suo.png.
[2020-04-18 16:07:59]: DEBUG - Matching...
[2020-04-18 16:07:59]: DEBUG - Matched.
[2020-04-18 16:08:01]: DEBUG - Click (864, 530)
[2020-04-18 16:08:04]: INFO - Search for zhen_rong_suo_ding.png.
[2020-04-18 16:08:04]: DEBUG - Not existed.
[2020-04-18 16:08:04]: INFO - Search for zhan_dou.png.
[2020-04-18 16:08:04]: DEBUG - Not existed.
[2020-04-18 16:08:04]: DEBUG - Matching...
[2020-04-18 16:08:04]: DEBUG - Matched.
[2020-04-18 16:08:04]: INFO - Discover 1st monster.
[2020-04-18 16:08:04]: DEBUG - Click (1078, 323)
[2020-04-18 16:08:04]: INFO - Search for zhun_bei.png.
[2020-04-18 16:08:04]: DEBUG - Matching...
[2020-04-18 16:08:05]: DEBUG - Matching...
[2020-04-18 16:08:05]: DEBUG - Matching...
[2020-04-18 16:08:05]: DEBUG - Matching...
[2020-04-18 16:08:06]: DEBUG - Matching...
[2020-04-18 16:08:06]: DEBUG - Matching...
[2020-04-18 16:08:07]: DEBUG - Matching...
[2020-04-18 16:08:07]: DEBUG - Matched.
[2020-04-18 16:08:10]: INFO - Check if needed to change dog food.
[2020-04-18 16:08:10]: DEBUG - Not existed.
[2020-04-18 16:08:10]: DEBUG - Not existed.
[2020-04-18 16:08:12]: DEBUG - Click (1073, 552)
[2020-04-18 16:08:19]: INFO - Search for sheng_li.png.
[2020-04-18 16:08:19]: DEBUG - Matching...
[2020-04-18 16:08:19]: DEBUG - Matching...
[2020-04-18 16:08:20]: DEBUG - Matching...
[2020-04-18 16:08:20]: DEBUG - Matching...
[2020-04-18 16:08:20]: DEBUG - Matched.
[2020-04-18 16:08:22]: DEBUG - Click (862, 536)
[2020-04-18 16:08:24]: INFO - Search for jie_suan.png.
[2020-04-18 16:08:24]: DEBUG - Matching...
[2020-04-18 16:08:25]: DEBUG - Matching...
[2020-04-18 16:08:25]: DEBUG - Matched.
[2020-04-18 16:08:28]: DEBUG - Click (868, 554)
[2020-04-18 16:08:32]: DEBUG - Not existed.
[2020-04-18 16:08:32]: DEBUG - Matching...
[2020-04-18 16:08:32]: DEBUG - Matched.
[2020-04-18 16:08:32]: INFO - Discover 2st monster.
[2020-04-18 16:08:32]: DEBUG - Click (865, 316)
[2020-04-18 16:08:32]: INFO - Search for zhun_bei.png.
[2020-04-18 16:08:33]: DEBUG - Matching...
[2020-04-18 16:08:34]: DEBUG - Matching...
[2020-04-18 16:08:35]: DEBUG - Matching...
[2020-04-18 16:08:36]: DEBUG - Matching...
[2020-04-18 16:08:38]: DEBUG - Matching...
[2020-04-18 16:08:39]: DEBUG - Matching...
[2020-04-18 16:08:40]: DEBUG - Matching...
[2020-04-18 16:08:40]: DEBUG - Matched.
[2020-04-18 16:08:43]: INFO - Check if needed to change dog food.
[2020-04-18 16:08:43]: DEBUG - Not existed.
[2020-04-18 16:08:44]: DEBUG - Not existed.
[2020-04-18 16:08:45]: DEBUG - Click (1071, 551)
[2020-04-18 16:08:53]: INFO - Search for sheng_li.png.
[2020-04-18 16:08:53]: DEBUG - Matching...
[2020-04-18 16:08:53]: DEBUG - Matching...
[2020-04-18 16:08:53]: DEBUG - Matched.
[2020-04-18 16:08:55]: DEBUG - Click (887, 524)
[2020-04-18 16:08:57]: INFO - Search for jie_suan.png.
[2020-04-18 16:08:57]: DEBUG - Matching...
[2020-04-18 16:08:57]: DEBUG - Matched.
[2020-04-18 16:08:59]: DEBUG - Click (888, 425)
[2020-04-18 16:09:02]: DEBUG - Not existed.
[2020-04-18 16:09:02]: DEBUG - Matching...
[2020-04-18 16:09:02]: DEBUG - Matched.
[2020-04-18 16:09:02]: INFO - Discover 3st monster.
[2020-04-18 16:09:02]: DEBUG - Click (1003, 416)
[2020-04-18 16:09:02]: INFO - Search for zhun_bei.png.
[2020-04-18 16:09:02]: DEBUG - Matching...
[2020-04-18 16:09:03]: DEBUG - Matching...
[2020-04-18 16:09:03]: DEBUG - Matching...
[2020-04-18 16:09:03]: DEBUG - Matching...
[2020-04-18 16:09:04]: DEBUG - Matching...
[2020-04-18 16:09:04]: DEBUG - Matching...
[2020-04-18 16:09:04]: DEBUG - Matching...
[2020-04-18 16:09:04]: DEBUG - Matched.
[2020-04-18 16:09:07]: INFO - Check if needed to change dog food.
[2020-04-18 16:09:07]: DEBUG - Not existed.
[2020-04-18 16:09:07]: DEBUG - Not existed.
[2020-04-18 16:09:09]: DEBUG - Click (1096, 567)
[2020-04-18 16:09:16]: INFO - Search for sheng_li.png.
[2020-04-18 16:09:16]: DEBUG - Matching...
[2020-04-18 16:09:16]: DEBUG - Matching...
[2020-04-18 16:09:17]: DEBUG - Matching...
[2020-04-18 16:09:17]: DEBUG - Matching...
[2020-04-18 16:09:17]: DEBUG - Matching...
[2020-04-18 16:09:17]: DEBUG - Matched.
[2020-04-18 16:09:18]: DEBUG - Click (871, 512)
[2020-04-18 16:09:20]: INFO - Search for jie_suan.png.
[2020-04-18 16:09:20]: DEBUG - Matching...
[2020-04-18 16:09:20]: DEBUG - Matched.
[2020-04-18 16:09:22]: DEBUG - Click (891, 432)
[2020-04-18 16:09:25]: DEBUG - Not existed.
[2020-04-18 16:09:25]: DEBUG - Matching...
[2020-04-18 16:09:26]: DEBUG - Matching...
[2020-04-18 16:09:28]: DEBUG - Matching...
[2020-04-18 16:09:29]: DEBUG - Existed
[2020-04-18 16:09:30]: DEBUG - Click (958, 520)
[2020-04-18 16:09:32]: DEBUG - Not existed.
[2020-04-18 16:09:32]: DEBUG - Matching...
[2020-04-18 16:09:32]: DEBUG - Matched.
[2020-04-18 16:09:32]: INFO - Discover 4st monster.
[2020-04-18 16:09:32]: DEBUG - Click (921, 422)
[2020-04-18 16:09:32]: INFO - Search for zhun_bei.png.
[2020-04-18 16:09:32]: DEBUG - Matching...
[2020-04-18 16:09:33]: DEBUG - Matching...
[2020-04-18 16:09:33]: DEBUG - Matching...
[2020-04-18 16:09:33]: DEBUG - Matching...
[2020-04-18 16:09:33]: DEBUG - Matching...
[2020-04-18 16:09:34]: DEBUG - Matching...
[2020-04-18 16:09:34]: DEBUG - Matching...
[2020-04-18 16:09:34]: DEBUG - Matched.
[2020-04-18 16:09:37]: INFO - Check if needed to change dog food.
[2020-04-18 16:09:37]: DEBUG - Not existed.
[2020-04-18 16:09:37]: DEBUG - Not existed.
[2020-04-18 16:09:39]: DEBUG - Click (1070, 543)
[2020-04-18 16:09:46]: INFO - Search for sheng_li.png.
[2020-04-18 16:09:46]: DEBUG - Matching...
[2020-04-18 16:09:46]: DEBUG - Matching...
[2020-04-18 16:09:46]: DEBUG - Matching...
[2020-04-18 16:09:47]: DEBUG - Matching...
[2020-04-18 16:09:47]: DEBUG - Matching...
[2020-04-18 16:09:47]: DEBUG - Matched.
[2020-04-18 16:09:48]: DEBUG - Click (858, 520)
[2020-04-18 16:09:50]: INFO - Search for jie_suan.png.
[2020-04-18 16:09:50]: DEBUG - Matching...
[2020-04-18 16:09:51]: DEBUG - Matching...
[2020-04-18 16:09:52]: DEBUG - Matched.
[2020-04-18 16:09:54]: DEBUG - Click (872, 552)
[2020-04-18 16:09:57]: DEBUG - Not existed.
[2020-04-18 16:09:57]: DEBUG - Matching...
[2020-04-18 16:09:58]: DEBUG - Matching...
[2020-04-18 16:09:59]: DEBUG - Matching...
[2020-04-18 16:10:00]: DEBUG - Existed
[2020-04-18 16:10:01]: DEBUG - Click (947, 505)
[2020-04-18 16:10:04]: DEBUG - Not existed.
[2020-04-18 16:10:04]: DEBUG - Matching...
[2020-04-18 16:10:04]: DEBUG - Matched.
[2020-04-18 16:10:04]: INFO - Discover 5st monster.
[2020-04-18 16:10:04]: DEBUG - Click (904, 355)
[2020-04-18 16:10:04]: INFO - Search for zhun_bei.png.
[2020-04-18 16:10:04]: DEBUG - Matching...
[2020-04-18 16:10:04]: DEBUG - Matching...
[2020-04-18 16:10:04]: DEBUG - Matching...
[2020-04-18 16:10:05]: DEBUG - Matching...
[2020-04-18 16:10:05]: DEBUG - Matching...
[2020-04-18 16:10:05]: DEBUG - Matching...
[2020-04-18 16:10:05]: DEBUG - Matching...
[2020-04-18 16:10:05]: DEBUG - Matched.
[2020-04-18 16:10:08]: INFO - Check if needed to change dog food.
[2020-04-18 16:10:09]: DEBUG - Not existed.
[2020-04-18 16:10:09]: DEBUG - Not existed.
[2020-04-18 16:10:10]: DEBUG - Click (1063, 544)
[2020-04-18 16:10:17]: INFO - Search for sheng_li.png.
[2020-04-18 16:10:17]: DEBUG - Matching...
[2020-04-18 16:10:17]: DEBUG - Matching...
[2020-04-18 16:10:18]: DEBUG - Matching...
[2020-04-18 16:10:18]: DEBUG - Matching...
[2020-04-18 16:10:18]: DEBUG - Matching...
[2020-04-18 16:10:18]: DEBUG - Matched.
[2020-04-18 16:10:19]: DEBUG - Click (890, 523)
[2020-04-18 16:10:21]: INFO - Search for jie_suan.png.
[2020-04-18 16:10:21]: DEBUG - Matching...
[2020-04-18 16:10:22]: DEBUG - Matching...
[2020-04-18 16:10:22]: DEBUG - Matched.
[2020-04-18 16:10:25]: DEBUG - Click (883, 544)
[2020-04-18 16:10:28]: DEBUG - Existed
[2020-04-18 16:10:29]: DEBUG - Click (590, 304)
[2020-04-18 16:10:29]: INFO - Search for zhun_bei.png.
[2020-04-18 16:10:29]: DEBUG - Matching...
[2020-04-18 16:10:29]: DEBUG - Matching...
[2020-04-18 16:10:29]: DEBUG - Matching...
[2020-04-18 16:10:30]: DEBUG - Matching...
[2020-04-18 16:10:30]: DEBUG - Matching...
[2020-04-18 16:10:30]: DEBUG - Matching...
[2020-04-18 16:10:31]: DEBUG - Matching...
[2020-04-18 16:10:31]: DEBUG - Matched.
[2020-04-18 16:10:34]: INFO - Check if needed to change dog food.
[2020-04-18 16:10:34]: DEBUG - Not existed.
[2020-04-18 16:10:34]: DEBUG - Not existed.
[2020-04-18 16:10:36]: DEBUG - Click (1064, 540)
[2020-04-18 16:10:42]: INFO - Search for sheng_li.png.
[2020-04-18 16:10:43]: DEBUG - Matching...
[2020-04-18 16:10:43]: DEBUG - Matching...
[2020-04-18 16:10:43]: DEBUG - Matching...
[2020-04-18 16:10:43]: DEBUG - Matching...
[2020-04-18 16:10:43]: DEBUG - Matched.
[2020-04-18 16:10:44]: DEBUG - Click (859, 500)
[2020-04-18 16:10:46]: INFO - Search for jie_suan.png.
[2020-04-18 16:10:46]: DEBUG - Matching...
[2020-04-18 16:10:46]: DEBUG - Matched.
[2020-04-18 16:10:48]: DEBUG - Click (870, 422)
[2020-04-18 16:10:56]: DEBUG - Not existed.
[2020-04-18 16:10:56]: DEBUG - Existed
[2020-04-18 16:10:56]: INFO - Discover treasure.
[2020-04-18 16:10:58]: DEBUG - Click (542, 482)
[2020-04-18 16:11:00]: INFO - Search for huo_de_jiang_li.png.
[2020-04-18 16:11:00]: DEBUG - Matching...
[2020-04-18 16:11:00]: DEBUG - Matched.
[2020-04-18 16:11:01]: DEBUG - Click (1096, 261)
[2020-04-18 16:11:04]: DEBUG - Not existed.
[2020-04-18 16:11:04]: DEBUG - Not existed.
[2020-04-18 16:11:08]: INFO - Check if discover shi_ju(use ping_an_qi_tan).
[2020-04-18 16:11:08]: DEBUG - Existed
[2020-04-18 16:11:10]: DEBUG - Click (1044, 587)
[2020-04-18 16:11:15]: INFO - Start for times: 2.
[2020-04-18 16:11:15]: DEBUG - Not existed.
[2020-04-18 16:11:15]: INFO - Search for tan_suo.png.
[2020-04-18 16:11:15]: DEBUG - Matching...
[2020-04-18 16:11:16]: DEBUG - Matched.
[2020-04-18 16:11:18]: DEBUG - Click (866, 529)
[2020-04-18 16:11:21]: INFO - Search for zhen_rong_suo_ding.png.
[2020-04-18 16:11:21]: DEBUG - Not existed.
[2020-04-18 16:11:21]: INFO - Search for zhan_dou.png.
[2020-04-18 16:11:21]: DEBUG - Not existed.
[2020-04-18 16:11:21]: DEBUG - Matching...
[2020-04-18 16:11:21]: DEBUG - Matched.
[2020-04-18 16:11:21]: INFO - Discover 1st monster.
[2020-04-18 16:11:21]: DEBUG - Click (995, 420)
[2020-04-18 16:11:21]: INFO - Search for zhun_bei.png.
[2020-04-18 16:11:21]: DEBUG - Matching...
[2020-04-18 16:11:21]: DEBUG - Matching...
[2020-04-18 16:11:21]: DEBUG - Matching...
[2020-04-18 16:11:22]: DEBUG - Matching...
[2020-04-18 16:11:22]: DEBUG - Matching...
[2020-04-18 16:11:22]: DEBUG - Matching...
[2020-04-18 16:11:23]: DEBUG - Matching...
[2020-04-18 16:11:23]: DEBUG - Matched.
[2020-04-18 16:11:26]: INFO - Check if needed to change dog food.
[2020-04-18 16:11:26]: DEBUG - Not existed.
[2020-04-18 16:11:26]: DEBUG - Not existed.
[2020-04-18 16:11:28]: DEBUG - Click (1070, 547)
[2020-04-18 16:11:35]: INFO - Search for sheng_li.png.
[2020-04-18 16:11:35]: DEBUG - Matching...
[2020-04-18 16:11:36]: DEBUG - Matching...
[2020-04-18 16:11:36]: DEBUG - Matched.
[2020-04-18 16:11:37]: DEBUG - Click (880, 535)
[2020-04-18 16:11:39]: INFO - Search for jie_suan.png.
[2020-04-18 16:11:39]: DEBUG - Matching...
[2020-04-18 16:11:40]: DEBUG - Matching...
[2020-04-18 16:11:40]: DEBUG - Matched.
[2020-04-18 16:11:42]: DEBUG - Click (899, 525)
[2020-04-18 16:11:46]: DEBUG - Not existed.
[2020-04-18 16:11:46]: DEBUG - Matching...
[2020-04-18 16:11:46]: DEBUG - Matched.
[2020-04-18 16:11:46]: INFO - Discover 2st monster.
[2020-04-18 16:11:46]: DEBUG - Click (869, 313)
[2020-04-18 16:11:46]: INFO - Search for zhun_bei.png.
[2020-04-18 16:11:46]: DEBUG - Matching...
[2020-04-18 16:11:46]: DEBUG - Matching...
[2020-04-18 16:11:46]: DEBUG - Matching...
[2020-04-18 16:11:47]: DEBUG - Matching...
[2020-04-18 16:11:47]: DEBUG - Matching...
[2020-04-18 16:11:47]: DEBUG - Matching...
[2020-04-18 16:11:47]: DEBUG - Matching...
[2020-04-18 16:11:47]: DEBUG - Matched.
[2020-04-18 16:11:50]: INFO - Check if needed to change dog food.
[2020-04-18 16:11:51]: DEBUG - Not existed.
[2020-04-18 16:11:51]: DEBUG - Not existed.
[2020-04-18 16:11:52]: DEBUG - Click (1057, 539)
[2020-04-18 16:11:59]: INFO - Search for sheng_li.png.
[2020-04-18 16:11:59]: DEBUG - Matching...
[2020-04-18 16:12:00]: DEBUG - Matching...
[2020-04-18 16:12:00]: DEBUG - Matching...
[2020-04-18 16:12:00]: DEBUG - Matching...
[2020-04-18 16:12:00]: DEBUG - Matching...
[2020-04-18 16:12:00]: DEBUG - Matched.
[2020-04-18 16:12:01]: DEBUG - Click (866, 520)
[2020-04-18 16:12:03]: INFO - Search for jie_suan.png.
[2020-04-18 16:12:03]: DEBUG - Matching...
[2020-04-18 16:12:03]: DEBUG - Matched.
[2020-04-18 16:12:05]: DEBUG - Click (878, 427)
[2020-04-18 16:12:08]: DEBUG - Not existed.
[2020-04-18 16:12:08]: DEBUG - Matching...
[2020-04-18 16:12:09]: DEBUG - Matched.
[2020-04-18 16:12:09]: INFO - Discover 3st monster.
[2020-04-18 16:12:09]: DEBUG - Click (1073, 321)
[2020-04-18 16:12:09]: INFO - Search for zhun_bei.png.
[2020-04-18 16:12:09]: DEBUG - Matching...
[2020-04-18 16:12:09]: DEBUG - Matching...
[2020-04-18 16:12:09]: DEBUG - Matching...
[2020-04-18 16:12:09]: DEBUG - Matching...
[2020-04-18 16:12:10]: DEBUG - Matching...
[2020-04-18 16:12:10]: DEBUG - Matching...
[2020-04-18 16:12:10]: DEBUG - Matching...
[2020-04-18 16:12:10]: DEBUG - Matched.
[2020-04-18 16:12:13]: INFO - Check if needed to change dog food.
[2020-04-18 16:12:13]: DEBUG - Not existed.
[2020-04-18 16:12:13]: DEBUG - Existed
[2020-04-18 16:12:14]: DEBUG - Click (481, 425)
[2020-04-18 16:12:15]: INFO - Search for quan_bu.png
[2020-04-18 16:12:15]: DEBUG - Matching...
[2020-04-18 16:12:16]: DEBUG - Matching...
[2020-04-18 16:12:16]: DEBUG - Matched.
[2020-04-18 16:12:17]: DEBUG - Click (85, 649)
[2020-04-18 16:12:17]: INFO - Search for su_cai.png
[2020-04-18 16:12:17]: DEBUG - Matching...
[2020-04-18 16:12:18]: DEBUG - Matching...
[2020-04-18 16:12:19]: DEBUG - Matched.
[2020-04-18 16:12:20]: DEBUG - Click (85, 350)
[2020-04-18 16:12:23]: INFO - Search for man_2.png
[2020-04-18 16:12:23]: DEBUG - Not existed.
[2020-04-18 16:12:23]: INFO - Search for man_3.png
[2020-04-18 16:12:23]: DEBUG - Existed
[2020-04-18 16:12:23]: INFO - Search for gou_liang_bai_dan.png
[2020-04-18 16:12:23]: DEBUG - Matching...
[2020-04-18 16:12:23]: DEBUG - Matched.
[2020-04-18 16:12:25]: INFO - Search for man_2.png
[2020-04-18 16:12:25]: DEBUG - Not existed.
[2020-04-18 16:12:25]: INFO - Search for man_3.png
[2020-04-18 16:12:25]: DEBUG - Not existed.
[2020-04-18 16:12:26]: INFO - Search for man_2.png
[2020-04-18 16:12:26]: DEBUG - Not existed.
[2020-04-18 16:12:26]: INFO - Search for man_3.png
[2020-04-18 16:12:26]: DEBUG - Not existed.
[2020-04-18 16:12:27]: INFO - Search for man_2.png
[2020-04-18 16:12:27]: DEBUG - Not existed.
[2020-04-18 16:12:27]: INFO - Search for man_3.png
[2020-04-18 16:12:27]: DEBUG - Not existed.
[2020-04-18 16:12:28]: INFO - Search for fan_hui.png
[2020-04-18 16:12:28]: DEBUG - Matching...
[2020-04-18 16:12:28]: DEBUG - Matched.
[2020-04-18 16:12:30]: DEBUG - Click (62, 85)
[2020-04-18 16:12:31]: INFO - Finished.
[2020-04-18 16:12:33]: DEBUG - Click (1070, 536)
[2020-04-18 16:12:40]: INFO - Search for sheng_li.png.
[2020-04-18 16:12:40]: DEBUG - Matching...
[2020-04-18 16:12:40]: DEBUG - Matching...
[2020-04-18 16:12:40]: DEBUG - Matching...
[2020-04-18 16:12:40]: DEBUG - Matching...
[2020-04-18 16:12:41]: DEBUG - Matching...
[2020-04-18 16:12:41]: DEBUG - Matched.
[2020-04-18 16:12:42]: DEBUG - Click (851, 503)
[2020-04-18 16:12:44]: INFO - Search for jie_suan.png.
[2020-04-18 16:12:44]: DEBUG - Matching...
[2020-04-18 16:12:44]: DEBUG - Matched.
[2020-04-18 16:12:46]: DEBUG - Click (885, 407)
[2020-04-18 16:12:48]: DEBUG - Not existed.
[2020-04-18 16:12:48]: DEBUG - Matching...
[2020-04-18 16:12:50]: DEBUG - Matching...
[2020-04-18 16:12:51]: DEBUG - Matching...
[2020-04-18 16:12:52]: DEBUG - Existed
[2020-04-18 16:12:53]: DEBUG - Click (956, 521)
[2020-04-18 16:12:55]: DEBUG - Not existed.
[2020-04-18 16:12:55]: DEBUG - Matching...
[2020-04-18 16:12:55]: DEBUG - Matched.
[2020-04-18 16:12:55]: INFO - Discover 4st monster.
[2020-04-18 16:12:55]: DEBUG - Click (882, 371)
[2020-04-18 16:12:55]: INFO - Search for zhun_bei.png.
[2020-04-18 16:12:55]: DEBUG - Matching...
[2020-04-18 16:12:55]: DEBUG - Matching...
[2020-04-18 16:12:55]: DEBUG - Matching...
[2020-04-18 16:12:56]: DEBUG - Matching...
[2020-04-18 16:12:56]: DEBUG - Matching...
[2020-04-18 16:12:56]: DEBUG - Matching...
[2020-04-18 16:12:56]: DEBUG - Matching...
[2020-04-18 16:12:56]: DEBUG - Matched.
[2020-04-18 16:12:59]: INFO - Check if needed to change dog food.
[2020-04-18 16:13:00]: DEBUG - Not existed.
[2020-04-18 16:13:00]: DEBUG - Not existed.
[2020-04-18 16:13:01]: DEBUG - Click (1059, 540)
[2020-04-18 16:13:08]: INFO - Search for sheng_li.png.
[2020-04-18 16:13:08]: DEBUG - Matching...
[2020-04-18 16:13:09]: DEBUG - Matching...
[2020-04-18 16:13:09]: DEBUG - Matching...
[2020-04-18 16:13:09]: DEBUG - Matching...
[2020-04-18 16:13:09]: DEBUG - Matched.
[2020-04-18 16:13:10]: DEBUG - Click (851, 508)
[2020-04-18 16:13:12]: INFO - Search for jie_suan.png.
[2020-04-18 16:13:12]: DEBUG - Matching...
[2020-04-18 16:13:12]: DEBUG - Matched.
[2020-04-18 16:13:14]: DEBUG - Click (872, 437)
[2020-04-18 16:13:17]: DEBUG - Existed
[2020-04-18 16:13:18]: DEBUG - Click (583, 311)
[2020-04-18 16:13:18]: INFO - Search for zhun_bei.png.
[2020-04-18 16:13:18]: DEBUG - Matching...
[2020-04-18 16:13:19]: DEBUG - Matching...
[2020-04-18 16:13:19]: DEBUG - Matching...
[2020-04-18 16:13:19]: DEBUG - Matching...
[2020-04-18 16:13:19]: DEBUG - Matching...
[2020-04-18 16:13:20]: DEBUG - Matching...
[2020-04-18 16:13:20]: DEBUG - Matching...
[2020-04-18 16:13:20]: DEBUG - Matched.
[2020-04-18 16:13:23]: INFO - Check if needed to change dog food.
[2020-04-18 16:13:23]: DEBUG - Not existed.
[2020-04-18 16:13:23]: DEBUG - Not existed.
[2020-04-18 16:13:25]: DEBUG - Click (1066, 543)
[2020-04-18 16:13:32]: INFO - Search for sheng_li.png.
[2020-04-18 16:13:32]: DEBUG - Matching...
[2020-04-18 16:13:32]: DEBUG - Matching...
[2020-04-18 16:13:32]: DEBUG - Matching...
[2020-04-18 16:13:33]: DEBUG - Matching...
[2020-04-18 16:13:33]: DEBUG - Matched.
[2020-04-18 16:13:34]: DEBUG - Click (888, 539)
[2020-04-18 16:13:36]: INFO - Search for jie_suan.png.
[2020-04-18 16:13:36]: DEBUG - Matching...
[2020-04-18 16:13:37]: DEBUG - Matching...
[2020-04-18 16:13:37]: DEBUG - Matched.
[2020-04-18 16:13:39]: DEBUG - Click (880, 550)
[2020-04-18 16:13:42]: INFO - Stopped.
[2020-04-18 16:22:15]: DEBUG - Not existed.
[2020-04-18 16:22:15]: DEBUG - Not existed.
[2020-04-18 16:22:15]: DEBUG - Existed
[2020-04-18 16:22:15]: INFO - Current sence is tan_suo.
[2020-04-18 16:22:15]: DEBUG - Existed
[2020-04-18 16:22:15]: DEBUG - Click (1041, 597)
[2020-04-18 16:22:20]: INFO - Start for times: 1.
[2020-04-18 16:22:20]: DEBUG - Not existed.
[2020-04-18 16:22:20]: INFO - Search for tan_suo.png.
[2020-04-18 16:22:20]: DEBUG - Matching...
[2020-04-18 16:22:20]: DEBUG - Matched.
[2020-04-18 16:22:22]: DEBUG - Click (865, 524)
[2020-04-18 16:22:25]: INFO - Search for zhen_rong_suo_ding.png.
[2020-04-18 16:22:25]: DEBUG - Not existed.
[2020-04-18 16:22:25]: INFO - Search for zhan_dou.png.
[2020-04-18 16:22:25]: DEBUG - Not existed.
[2020-04-18 16:22:25]: DEBUG - Matching...
[2020-04-18 16:22:25]: DEBUG - Matched.
[2020-04-18 16:22:25]: INFO - Discover 1st monster.
[2020-04-18 16:22:25]: DEBUG - Click (1090, 456)
[2020-04-18 16:22:25]: INFO - Search for zhun_bei.png.
[2020-04-18 16:22:25]: DEBUG - Matching...
[2020-04-18 16:22:26]: DEBUG - Matching...
[2020-04-18 16:22:26]: DEBUG - Matching...
[2020-04-18 16:22:26]: DEBUG - Matching...
[2020-04-18 16:22:26]: DEBUG - Matching...
[2020-04-18 16:22:27]: DEBUG - Matching...
[2020-04-18 16:22:27]: DEBUG - Matching...
[2020-04-18 16:22:27]: DEBUG - Matching...
[2020-04-18 16:22:27]: DEBUG - Matched.
[2020-04-18 16:22:30]: INFO - Check if needed to change dog food.
[2020-04-18 16:22:31]: DEBUG - Not existed.
[2020-04-18 16:22:31]: DEBUG - Not existed.
[2020-04-18 16:22:33]: DEBUG - Click (1095, 559)
[2020-04-18 16:22:40]: INFO - Search for sheng_li.png.
[2020-04-18 16:22:40]: DEBUG - Matching...
[2020-04-18 16:22:40]: DEBUG - Matching...
[2020-04-18 16:22:40]: DEBUG - Matching...
[2020-04-18 16:22:41]: DEBUG - Matching...
[2020-04-18 16:22:41]: DEBUG - Matching...
[2020-04-18 16:22:41]: DEBUG - Matched.
[2020-04-18 16:22:42]: DEBUG - Click (874, 533)
[2020-04-18 16:22:44]: INFO - Search for jie_suan.png.
[2020-04-18 16:22:44]: DEBUG - Matching...
[2020-04-18 16:22:44]: DEBUG - Matched.
[2020-04-18 16:22:46]: DEBUG - Click (884, 411)
[2020-04-18 16:22:49]: DEBUG - Not existed.
[2020-04-18 16:22:49]: DEBUG - Matching...
[2020-04-18 16:22:49]: DEBUG - Matched.
[2020-04-18 16:22:49]: INFO - Discover 2st monster.
[2020-04-18 16:22:49]: DEBUG - Click (1076, 316)
[2020-04-18 16:22:49]: INFO - Search for zhun_bei.png.
[2020-04-18 16:22:49]: DEBUG - Matching...
[2020-04-18 16:22:49]: DEBUG - Matching...
[2020-04-18 16:22:50]: DEBUG - Matching...
[2020-04-18 16:22:50]: DEBUG - Matching...
[2020-04-18 16:22:50]: DEBUG - Matching...
[2020-04-18 16:22:50]: DEBUG - Matching...
[2020-04-18 16:22:51]: DEBUG - Matching...
[2020-04-18 16:22:51]: DEBUG - Matched.
[2020-04-18 16:22:54]: INFO - Check if needed to change dog food.
[2020-04-18 16:22:54]: DEBUG - Existed
[2020-04-18 16:22:55]: DEBUG - Click (460, 424)
[2020-04-18 16:22:56]: INFO - Search for quan_bu.png
[2020-04-18 16:22:56]: DEBUG - Matching...
[2020-04-18 16:22:57]: DEBUG - Matching...
[2020-04-18 16:22:57]: DEBUG - Matched.
[2020-04-18 16:22:58]: DEBUG - Click (105, 642)
[2020-04-18 16:22:58]: INFO - Search for su_cai.png
[2020-04-18 16:22:58]: DEBUG - Matching...
[2020-04-18 16:22:59]: DEBUG - Matching...
[2020-04-18 16:22:59]: DEBUG - Matched.
[2020-04-18 16:23:00]: DEBUG - Click (106, 321)
[2020-04-18 16:23:03]: INFO - Search for man_2.png
[2020-04-18 16:23:03]: DEBUG - Existed
[2020-04-18 16:23:03]: INFO - Search for gou_liang_bai_dan.png
[2020-04-18 16:23:03]: DEBUG - Matching...
[2020-04-18 16:23:03]: DEBUG - Matched.
[2020-04-18 16:23:05]: INFO - Search for man_2.png
[2020-04-18 16:23:05]: DEBUG - Not existed.
[2020-04-18 16:23:05]: INFO - Search for man_3.png
[2020-04-18 16:23:05]: DEBUG - Not existed.
[2020-04-18 16:23:06]: INFO - Search for man_2.png
[2020-04-18 16:23:06]: DEBUG - Not existed.
[2020-04-18 16:23:06]: INFO - Search for man_3.png
[2020-04-18 16:23:06]: DEBUG - Not existed.
[2020-04-18 16:23:07]: INFO - Search for man_2.png
[2020-04-18 16:23:07]: DEBUG - Not existed.
[2020-04-18 16:23:07]: INFO - Search for man_3.png
[2020-04-18 16:23:08]: DEBUG - Not existed.
[2020-04-18 16:23:09]: INFO - Search for fan_hui.png
[2020-04-18 16:23:09]: DEBUG - Matching...
[2020-04-18 16:23:09]: DEBUG - Matched.
[2020-04-18 16:23:10]: DEBUG - Click (65, 80)
[2020-04-18 16:23:11]: INFO - Finished.
[2020-04-18 16:23:12]: DEBUG - Click (1076, 541)
[2020-04-18 16:23:19]: INFO - Search for sheng_li.png.
[2020-04-18 16:23:19]: DEBUG - Matching...
[2020-04-18 16:23:19]: DEBUG - Matching...
[2020-04-18 16:23:20]: DEBUG - Matching...
[2020-04-18 16:23:20]: DEBUG - Matching...
[2020-04-18 16:23:20]: DEBUG - Matching...
[2020-04-18 16:23:20]: DEBUG - Matched.
[2020-04-18 16:23:21]: DEBUG - Click (894, 502)
[2020-04-18 16:23:23]: INFO - Search for jie_suan.png.
[2020-04-18 16:23:23]: DEBUG - Matching...
[2020-04-18 16:23:23]: DEBUG - Matched.
[2020-04-18 16:23:25]: DEBUG - Click (876, 415)
[2020-04-18 16:23:28]: DEBUG - Not existed.
[2020-04-18 16:23:28]: DEBUG - Matching...
[2020-04-18 16:23:28]: DEBUG - Matched.
[2020-04-18 16:23:28]: INFO - Discover 3st monster.
[2020-04-18 16:23:28]: DEBUG - Click (870, 311)
[2020-04-18 16:23:28]: INFO - Search for zhun_bei.png.
[2020-04-18 16:23:28]: DEBUG - Matching...
[2020-04-18 16:23:28]: DEBUG - Matching...
[2020-04-18 16:23:29]: DEBUG - Matching...
[2020-04-18 16:23:29]: DEBUG - Matching...
[2020-04-18 16:23:29]: DEBUG - Matching...
[2020-04-18 16:23:29]: DEBUG - Matching...
[2020-04-18 16:23:30]: DEBUG - Matching...
[2020-04-18 16:23:30]: DEBUG - Matched.
[2020-04-18 16:23:33]: INFO - Check if needed to change dog food.
[2020-04-18 16:23:33]: DEBUG - Not existed.
[2020-04-18 16:23:33]: DEBUG - Not existed.
[2020-04-18 16:23:35]: DEBUG - Click (1065, 557)
[2020-04-18 16:23:42]: INFO - Search for sheng_li.png.
[2020-04-18 16:23:42]: DEBUG - Matching...
[2020-04-18 16:23:43]: DEBUG - Matching...
[2020-04-18 16:23:43]: DEBUG - Matching...
[2020-04-18 16:23:43]: DEBUG - Matched.
[2020-04-18 16:23:44]: DEBUG - Click (858, 524)
[2020-04-18 16:23:46]: INFO - Search for jie_suan.png.
[2020-04-18 16:23:46]: DEBUG - Matching...
[2020-04-18 16:23:46]: DEBUG - Matched.
[2020-04-18 16:23:48]: DEBUG - Click (889, 422)
[2020-04-18 16:23:51]: DEBUG - Not existed.
[2020-04-18 16:23:51]: DEBUG - Matching...
[2020-04-18 16:23:52]: DEBUG - Matching...
[2020-04-18 16:23:53]: DEBUG - Matching...
[2020-04-18 16:23:54]: DEBUG - Existed
[2020-04-18 16:23:55]: DEBUG - Click (945, 509)
[2020-04-18 16:23:58]: DEBUG - Not existed.
[2020-04-18 16:23:58]: DEBUG - Matching...
[2020-04-18 16:23:58]: DEBUG - Matched.
[2020-04-18 16:23:58]: INFO - Discover 4st monster.
[2020-04-18 16:23:58]: DEBUG - Click (854, 375)
[2020-04-18 16:23:58]: INFO - Search for zhun_bei.png.
[2020-04-18 16:23:58]: DEBUG - Matching...
[2020-04-18 16:23:58]: DEBUG - Matching...
[2020-04-18 16:23:58]: DEBUG - Matching...
[2020-04-18 16:23:58]: DEBUG - Matching...
[2020-04-18 16:23:59]: DEBUG - Matching...
[2020-04-18 16:23:59]: DEBUG - Matching...
[2020-04-18 16:23:59]: DEBUG - Matching...
[2020-04-18 16:23:59]: DEBUG - Matched.
[2020-04-18 16:24:02]: INFO - Check if needed to change dog food.
[2020-04-18 16:24:02]: DEBUG - Not existed.
[2020-04-18 16:24:03]: DEBUG - Not existed.
[2020-04-18 16:24:05]: DEBUG - Click (1060, 546)
[2020-04-18 16:24:12]: INFO - Search for sheng_li.png.
[2020-04-18 16:24:12]: DEBUG - Matching...
[2020-04-18 16:24:12]: DEBUG - Matching...
[2020-04-18 16:24:12]: DEBUG - Matching...
[2020-04-18 16:24:13]: DEBUG - Matching...
[2020-04-18 16:24:13]: DEBUG - Matched.
[2020-04-18 16:24:14]: DEBUG - Click (882, 533)
[2020-04-18 16:24:16]: INFO - Search for jie_suan.png.
[2020-04-18 16:24:16]: DEBUG - Matching...
[2020-04-18 16:24:17]: DEBUG - Matching...
[2020-04-18 16:24:17]: DEBUG - Matched.
[2020-04-18 16:24:19]: DEBUG - Click (897, 521)
[2020-04-18 16:24:22]: DEBUG - Existed
[2020-04-18 16:24:23]: DEBUG - Click (583, 302)
[2020-04-18 16:24:23]: INFO - Search for zhun_bei.png.
[2020-04-18 16:24:23]: DEBUG - Matching...
[2020-04-18 16:24:23]: DEBUG - Matching...
[2020-04-18 16:24:24]: DEBUG - Matching...
[2020-04-18 16:24:24]: DEBUG - Matching...
[2020-04-18 16:24:24]: DEBUG - Matching...
[2020-04-18 16:24:24]: DEBUG - Matching...
[2020-04-18 16:24:25]: DEBUG - Matching...
[2020-04-18 16:24:25]: DEBUG - Matched.
[2020-04-18 16:24:28]: INFO - Check if needed to change dog food.
[2020-04-18 16:24:28]: DEBUG - Not existed.
[2020-04-18 16:24:28]: DEBUG - Not existed.
[2020-04-18 16:24:30]: DEBUG - Click (1079, 549)
[2020-04-18 16:24:37]: INFO - Search for sheng_li.png.
[2020-04-18 16:24:37]: DEBUG - Matching...
[2020-04-18 16:24:37]: DEBUG - Matching...
[2020-04-18 16:24:38]: DEBUG - Matching...
[2020-04-18 16:24:38]: DEBUG - Matching...
[2020-04-18 16:24:38]: DEBUG - Matched.
[2020-04-18 16:24:39]: DEBUG - Click (870, 505)
[2020-04-18 16:24:41]: INFO - Search for jie_suan.png.
[2020-04-18 16:24:41]: DEBUG - Matching...
[2020-04-18 16:24:42]: DEBUG - Matching...
[2020-04-18 16:24:42]: DEBUG - Matched.
[2020-04-18 16:24:44]: DEBUG - Click (872, 549)
[2020-04-18 16:24:52]: DEBUG - Not existed.
[2020-04-18 16:24:52]: DEBUG - Existed
[2020-04-18 16:24:52]: INFO - Discover treasure.
[2020-04-18 16:24:53]: DEBUG - Click (639, 409)
[2020-04-18 16:24:55]: INFO - Search for huo_de_jiang_li.png.
[2020-04-18 16:24:55]: DEBUG - Matching...
[2020-04-18 16:24:55]: DEBUG - Matched.
[2020-04-18 16:24:57]: DEBUG - Click (1088, 250)
[2020-04-18 16:24:59]: DEBUG - Not existed.
[2020-04-18 16:24:59]: DEBUG - Existed
[2020-04-18 16:24:59]: INFO - Discover treasure.
[2020-04-18 16:25:01]: DEBUG - Click (705, 461)
[2020-04-18 16:25:03]: INFO - Search for huo_de_jiang_li.png.
[2020-04-18 16:25:03]: DEBUG - Matching...
[2020-04-18 16:25:03]: DEBUG - Matched.
[2020-04-18 16:25:04]: DEBUG - Click (1101, 263)
[2020-04-18 16:25:07]: DEBUG - Not existed.
[2020-04-18 16:25:07]: DEBUG - Not existed.
[2020-04-18 16:25:12]: INFO - Check if discover shi_ju(use ping_an_qi_tan).
[2020-04-18 16:25:12]: DEBUG - Existed
[2020-04-18 16:25:13]: DEBUG - Click (1044, 579)
[2020-04-18 16:25:18]: INFO - Start for times: 2.
[2020-04-18 16:25:18]: DEBUG - Not existed.
[2020-04-18 16:25:18]: INFO - Search for tan_suo.png.
[2020-04-18 16:25:18]: DEBUG - Matching...
[2020-04-18 16:25:18]: DEBUG - Matched.
[2020-04-18 16:25:21]: DEBUG - Click (866, 525)
[2020-04-18 16:25:24]: INFO - Search for zhen_rong_suo_ding.png.
[2020-04-18 16:25:24]: DEBUG - Not existed.
[2020-04-18 16:25:24]: INFO - Search for zhan_dou.png.
[2020-04-18 16:25:24]: DEBUG - Not existed.
[2020-04-18 16:25:24]: DEBUG - Matching...
[2020-04-18 16:25:24]: DEBUG - Matched.
[2020-04-18 16:25:24]: INFO - Discover 1st monster.
[2020-04-18 16:25:24]: DEBUG - Click (864, 312)
[2020-04-18 16:25:24]: INFO - Search for zhun_bei.png.
[2020-04-18 16:25:24]: DEBUG - Matching...
[2020-04-18 16:25:24]: DEBUG - Matching...
[2020-04-18 16:25:24]: DEBUG - Matching...
[2020-04-18 16:25:25]: DEBUG - Matching...
[2020-04-18 16:25:25]: DEBUG - Matching...
[2020-04-18 16:25:25]: DEBUG - Matching...
[2020-04-18 16:25:25]: DEBUG - Matching...
[2020-04-18 16:25:25]: DEBUG - Matched.
[2020-04-18 16:25:28]: INFO - Check if needed to change dog food.
[2020-04-18 16:25:28]: DEBUG - Not existed.
[2020-04-18 16:25:29]: DEBUG - Not existed.
[2020-04-18 16:25:30]: DEBUG - Click (1073, 542)
[2020-04-18 16:25:37]: INFO - Search for sheng_li.png.
[2020-04-18 16:25:37]: DEBUG - Matching...
[2020-04-18 16:25:38]: DEBUG - Matching...
[2020-04-18 16:25:38]: DEBUG - Matching...
[2020-04-18 16:25:38]: DEBUG - Matching...
[2020-04-18 16:25:38]: DEBUG - Matched.
[2020-04-18 16:25:39]: DEBUG - Click (887, 503)
[2020-04-18 16:25:41]: INFO - Search for jie_suan.png.
[2020-04-18 16:25:41]: DEBUG - Matching...
[2020-04-18 16:25:42]: DEBUG - Matching...
[2020-04-18 16:25:42]: DEBUG - Matched.
[2020-04-18 16:25:45]: DEBUG - Click (891, 514)
[2020-04-18 16:25:48]: DEBUG - Not existed.
[2020-04-18 16:25:48]: DEBUG - Matching...
[2020-04-18 16:25:48]: DEBUG - Matched.
[2020-04-18 16:25:48]: INFO - Discover 2st monster.
[2020-04-18 16:25:48]: DEBUG - Click (897, 401)
[2020-04-18 16:25:48]: INFO - Search for zhun_bei.png.
[2020-04-18 16:25:48]: DEBUG - Matching...
[2020-04-18 16:25:48]: DEBUG - Matching...
[2020-04-18 16:25:49]: DEBUG - Matching...
[2020-04-18 16:25:49]: DEBUG - Matching...
[2020-04-18 16:25:49]: DEBUG - Matching...
[2020-04-18 16:25:49]: DEBUG - Matching...
[2020-04-18 16:25:50]: DEBUG - Matching...
[2020-04-18 16:25:50]: DEBUG - Matched.
[2020-04-18 16:25:53]: INFO - Check if needed to change dog food.
[2020-04-18 16:25:53]: DEBUG - Not existed.
[2020-04-18 16:25:53]: DEBUG - Not existed.
[2020-04-18 16:25:55]: DEBUG - Click (1070, 547)
[2020-04-18 16:26:02]: INFO - Search for sheng_li.png.
[2020-04-18 16:26:02]: DEBUG - Matching...
[2020-04-18 16:26:03]: DEBUG - Matching...
[2020-04-18 16:26:03]: DEBUG - Matching...
[2020-04-18 16:26:03]: DEBUG - Matched.
[2020-04-18 16:26:04]: DEBUG - Click (881, 515)
[2020-04-18 16:26:06]: INFO - Search for jie_suan.png.
[2020-04-18 16:26:06]: DEBUG - Matching...
[2020-04-18 16:26:06]: DEBUG - Matched.
[2020-04-18 16:26:08]: DEBUG - Click (863, 408)
[2020-04-18 16:26:11]: DEBUG - Not existed.
[2020-04-18 16:26:11]: DEBUG - Matching...
[2020-04-18 16:26:11]: DEBUG - Matched.
[2020-04-18 16:26:11]: INFO - Discover 3st monster.
[2020-04-18 16:26:11]: DEBUG - Click (1074, 317)
[2020-04-18 16:26:11]: INFO - Search for zhun_bei.png.
[2020-04-18 16:26:11]: DEBUG - Matching...
[2020-04-18 16:26:11]: DEBUG - Matching...
[2020-04-18 16:26:12]: DEBUG - Matching...
[2020-04-18 16:26:12]: DEBUG - Matching...
[2020-04-18 16:26:12]: DEBUG - Matching...
[2020-04-18 16:26:12]: DEBUG - Matching...
[2020-04-18 16:26:13]: DEBUG - Matching...
[2020-04-18 16:26:13]: DEBUG - Matched.
[2020-04-18 16:26:16]: INFO - Check if needed to change dog food.
[2020-04-18 16:26:16]: DEBUG - Not existed.
[2020-04-18 16:26:16]: DEBUG - Not existed.
[2020-04-18 16:26:18]: DEBUG - Click (1067, 553)
[2020-04-18 16:26:24]: INFO - Search for sheng_li.png.
[2020-04-18 16:26:24]: DEBUG - Matching...
[2020-04-18 16:26:25]: DEBUG - Matching...
[2020-04-18 16:26:25]: DEBUG - Matching...
[2020-04-18 16:26:25]: DEBUG - Matching...
[2020-04-18 16:26:25]: DEBUG - Matching...
[2020-04-18 16:26:25]: DEBUG - Matched.
[2020-04-18 16:26:27]: DEBUG - Click (856, 519)
[2020-04-18 16:26:28]: INFO - Search for jie_suan.png.
[2020-04-18 16:26:29]: DEBUG - Matching...
[2020-04-18 16:26:29]: DEBUG - Matched.
[2020-04-18 16:26:31]: DEBUG - Click (883, 426)
[2020-04-18 16:26:34]: DEBUG - Existed
[2020-04-18 16:26:35]: DEBUG - Click (593, 304)
[2020-04-18 16:26:35]: INFO - Search for zhun_bei.png.
[2020-04-18 16:26:35]: DEBUG - Matching...
[2020-04-18 16:26:35]: DEBUG - Matching...
[2020-04-18 16:26:35]: DEBUG - Matching...
[2020-04-18 16:26:35]: DEBUG - Matching...
[2020-04-18 16:26:36]: DEBUG - Matching...
[2020-04-18 16:26:36]: DEBUG - Matching...
[2020-04-18 16:26:36]: DEBUG - Matching...
[2020-04-18 16:26:37]: DEBUG - Matching...
[2020-04-18 16:26:37]: DEBUG - Matched.
[2020-04-18 16:26:40]: INFO - Check if needed to change dog food.
[2020-04-18 16:26:40]: DEBUG - Not existed.
[2020-04-18 16:26:40]: DEBUG - Not existed.
[2020-04-18 16:26:42]: DEBUG - Click (1076, 544)
[2020-04-18 16:26:48]: INFO - Search for sheng_li.png.
[2020-04-18 16:26:48]: DEBUG - Matching...
[2020-04-18 16:26:49]: DEBUG - Matching...
[2020-04-18 16:26:49]: DEBUG - Matching...
[2020-04-18 16:26:49]: DEBUG - Matching...
[2020-04-18 16:26:49]: DEBUG - Matching...
[2020-04-18 16:26:50]: DEBUG - Matching...
[2020-04-18 16:26:50]: DEBUG - Matched.
[2020-04-18 16:26:51]: DEBUG - Click (879, 525)
[2020-04-18 16:26:53]: INFO - Search for jie_suan.png.
[2020-04-18 16:26:53]: DEBUG - Matching...
[2020-04-18 16:26:53]: DEBUG - Matched.
[2020-04-18 16:26:55]: DEBUG - Click (864, 421)
[2020-04-18 16:27:03]: DEBUG - Not existed.
[2020-04-18 16:27:04]: DEBUG - Existed
[2020-04-18 16:27:04]: INFO - Discover treasure.
[2020-04-18 16:27:05]: DEBUG - Click (614, 391)
[2020-04-18 16:27:07]: INFO - Search for huo_de_jiang_li.png.
[2020-04-18 16:27:07]: DEBUG - Matching...
[2020-04-18 16:27:07]: DEBUG - Matched.
[2020-04-18 16:27:08]: DEBUG - Click (1087, 259)
[2020-04-18 16:27:11]: DEBUG - Not existed.
[2020-04-18 16:27:11]: DEBUG - Not existed.
[2020-04-18 16:27:16]: INFO - Check if discover shi_ju(use ping_an_qi_tan).
[2020-04-18 16:27:16]: DEBUG - Existed
[2020-04-18 16:27:18]: DEBUG - Click (1028, 581)
[2020-04-18 16:27:23]: INFO - Start for times: 3.
[2020-04-18 16:27:23]: DEBUG - Not existed.
[2020-04-18 16:27:23]: INFO - Search for tan_suo.png.
[2020-04-18 16:27:23]: DEBUG - Matching...
[2020-04-18 16:27:23]: DEBUG - Matched.
[2020-04-18 16:27:25]: DEBUG - Click (866, 526)
[2020-04-18 16:27:28]: INFO - Search for zhen_rong_suo_ding.png.
[2020-04-18 16:27:28]: DEBUG - Not existed.
[2020-04-18 16:27:28]: INFO - Search for zhan_dou.png.
[2020-04-18 16:27:28]: DEBUG - Not existed.
[2020-04-18 16:27:28]: DEBUG - Matching...
[2020-04-18 16:27:28]: DEBUG - Matched.
[2020-04-18 16:27:28]: INFO - Discover 1st monster.
[2020-04-18 16:27:28]: DEBUG - Click (1079, 454)
[2020-04-18 16:27:28]: INFO - Search for zhun_bei.png.
[2020-04-18 16:27:28]: DEBUG - Matching...
[2020-04-18 16:27:29]: DEBUG - Matching...
[2020-04-18 16:27:29]: DEBUG - Matching...
[2020-04-18 16:27:29]: DEBUG - Matching...
[2020-04-18 16:27:29]: DEBUG - Matching...
[2020-04-18 16:27:30]: DEBUG - Matching...
[2020-04-18 16:27:30]: DEBUG - Matching...
[2020-04-18 16:27:30]: DEBUG - Matched.
[2020-04-18 16:27:33]: INFO - Check if needed to change dog food.
[2020-04-18 16:27:33]: DEBUG - Not existed.
[2020-04-18 16:27:33]: DEBUG - Not existed.
[2020-04-18 16:27:35]: DEBUG - Click (1108, 566)
[2020-04-18 16:27:42]: INFO - Search for sheng_li.png.
[2020-04-18 16:27:42]: DEBUG - Matching...
[2020-04-18 16:27:43]: DEBUG - Matching...
[2020-04-18 16:27:43]: DEBUG - Matching...
[2020-04-18 16:27:43]: DEBUG - Matching...
[2020-04-18 16:27:43]: DEBUG - Matching...
[2020-04-18 16:27:43]: DEBUG - Matched.
[2020-04-18 16:27:44]: DEBUG - Click (864, 524)
[2020-04-18 16:27:46]: INFO - Search for jie_suan.png.
[2020-04-18 16:27:46]: DEBUG - Matching...
[2020-04-18 16:27:46]: DEBUG - Matched.
[2020-04-18 16:27:48]: DEBUG - Click (893, 423)
[2020-04-18 16:27:51]: DEBUG - Not existed.
[2020-04-18 16:27:51]: DEBUG - Matching...
[2020-04-18 16:27:51]: DEBUG - Matched.
[2020-04-18 16:27:51]: INFO - Discover 2st monster.
[2020-04-18 16:27:51]: DEBUG - Click (1076, 315)
[2020-04-18 16:27:51]: INFO - Search for zhun_bei.png.
[2020-04-18 16:27:51]: DEBUG - Matching...
[2020-04-18 16:27:52]: DEBUG - Matching...
[2020-04-18 16:27:52]: DEBUG - Matching...
[2020-04-18 16:27:52]: DEBUG - Matching...
[2020-04-18 16:27:52]: DEBUG - Matching...
[2020-04-18 16:27:53]: DEBUG - Matching...
[2020-04-18 16:27:53]: DEBUG - Matching...
[2020-04-18 16:27:53]: DEBUG - Matched.
[2020-04-18 16:27:56]: INFO - Check if needed to change dog food.
[2020-04-18 16:27:56]: DEBUG - Not existed.
[2020-04-18 16:27:56]: DEBUG - Not existed.
[2020-04-18 16:27:58]: DEBUG - Click (1114, 579)
[2020-04-18 16:28:05]: INFO - Search for sheng_li.png.
[2020-04-18 16:28:05]: DEBUG - Matching...
[2020-04-18 16:28:06]: DEBUG - Matching...
[2020-04-18 16:28:06]: DEBUG - Matching...
[2020-04-18 16:28:06]: DEBUG - Matching...
[2020-04-18 16:28:06]: DEBUG - Matched.
[2020-04-18 16:28:07]: DEBUG - Click (852, 533)
[2020-04-18 16:28:09]: INFO - Search for jie_suan.png.
[2020-04-18 16:28:09]: DEBUG - Matching...
[2020-04-18 16:28:10]: DEBUG - Matching...
[2020-04-18 16:28:10]: DEBUG - Matched.
[2020-04-18 16:28:12]: DEBUG - Click (881, 521)
[2020-04-18 16:28:16]: DEBUG - Not existed.
[2020-04-18 16:28:16]: DEBUG - Matching...
[2020-04-18 16:28:16]: DEBUG - Matched.
[2020-04-18 16:28:16]: INFO - Discover 3st monster.
[2020-04-18 16:28:16]: DEBUG - Click (870, 306)
[2020-04-18 16:28:16]: INFO - Search for zhun_bei.png.
[2020-04-18 16:28:16]: DEBUG - Matching...
[2020-04-18 16:28:16]: DEBUG - Matching...
[2020-04-18 16:28:16]: DEBUG - Matching...
[2020-04-18 16:28:16]: DEBUG - Matching...
[2020-04-18 16:28:17]: DEBUG - Matching...
[2020-04-18 16:28:17]: DEBUG - Matching...
[2020-04-18 16:28:17]: DEBUG - Matching...
[2020-04-18 16:28:17]: DEBUG - Matched.
[2020-04-18 16:28:20]: INFO - Check if needed to change dog food.
[2020-04-18 16:28:20]: DEBUG - Not existed.
[2020-04-18 16:28:20]: DEBUG - Not existed.
[2020-04-18 16:28:22]: DEBUG - Click (1108, 582)
[2020-04-18 16:28:29]: INFO - Search for sheng_li.png.
[2020-04-18 16:28:29]: DEBUG - Matching...
[2020-04-18 16:28:29]: DEBUG - Matching...
[2020-04-18 16:28:30]: DEBUG - Matching...
[2020-04-18 16:28:30]: DEBUG - Matching...
[2020-04-18 16:28:30]: DEBUG - Matching...
[2020-04-18 16:28:30]: DEBUG - Matched.
[2020-04-18 16:28:31]: DEBUG - Click (892, 499)
[2020-04-18 16:28:34]: INFO - Search for jie_suan.png.
[2020-04-18 16:28:34]: DEBUG - Matching...
[2020-04-18 16:28:35]: DEBUG - Matching...
[2020-04-18 16:28:35]: DEBUG - Matched.
[2020-04-18 16:28:37]: DEBUG - Click (900, 521)
[2020-04-18 16:28:40]: DEBUG - Not existed.
[2020-04-18 16:28:40]: DEBUG - Matching...
[2020-04-18 16:28:41]: DEBUG - Matching...
[2020-04-18 16:28:42]: DEBUG - Matching...
[2020-04-18 16:28:43]: DEBUG - Existed
[2020-04-18 16:28:44]: DEBUG - Click (946, 519)
[2020-04-18 16:28:46]: DEBUG - Not existed.
[2020-04-18 16:28:46]: DEBUG - Matching...
[2020-04-18 16:28:47]: DEBUG - Matched.
[2020-04-18 16:28:47]: INFO - Discover 4st monster.
[2020-04-18 16:28:47]: DEBUG - Click (863, 398)
[2020-04-18 16:28:47]: INFO - Search for zhun_bei.png.
[2020-04-18 16:28:47]: DEBUG - Matching...
[2020-04-18 16:28:47]: DEBUG - Matching...
[2020-04-18 16:28:47]: DEBUG - Matching...
[2020-04-18 16:28:47]: DEBUG - Matching...
[2020-04-18 16:28:48]: DEBUG - Matching...
[2020-04-18 16:28:48]: DEBUG - Matching...
[2020-04-18 16:28:48]: DEBUG - Matching...
[2020-04-18 16:28:48]: DEBUG - Matched.
[2020-04-18 16:28:51]: INFO - Check if needed to change dog food.
[2020-04-18 16:28:51]: DEBUG - Not existed.
[2020-04-18 16:28:51]: DEBUG - Not existed.
[2020-04-18 16:28:53]: DEBUG - Click (1102, 586)
[2020-04-18 16:29:00]: INFO - Search for sheng_li.png.
[2020-04-18 16:29:00]: DEBUG - Matching...
[2020-04-18 16:29:00]: DEBUG - Matching...
[2020-04-18 16:29:00]: DEBUG - Matching...
[2020-04-18 16:29:01]: DEBUG - Matching...
[2020-04-18 16:29:01]: DEBUG - Matching...
[2020-04-18 16:29:01]: DEBUG - Matching...
[2020-04-18 16:29:01]: DEBUG - Matched.
[2020-04-18 16:29:02]: DEBUG - Click (897, 527)
[2020-04-18 16:29:04]: INFO - Search for jie_suan.png.
[2020-04-18 16:29:04]: DEBUG - Matching...
[2020-04-18 16:29:05]: DEBUG - Matching...
[2020-04-18 16:29:05]: DEBUG - Matched.
[2020-04-18 16:29:07]: DEBUG - Click (877, 534)
[2020-04-18 16:29:10]: DEBUG - Not existed.
[2020-04-18 16:29:11]: DEBUG - Matching...
[2020-04-18 16:29:12]: DEBUG - Matching...
[2020-04-18 16:29:13]: DEBUG - Matching...
[2020-04-18 16:29:14]: DEBUG - Existed
[2020-04-18 16:29:15]: DEBUG - Click (949, 516)
[2020-04-18 16:29:17]: DEBUG - Not existed.
[2020-04-18 16:29:17]: DEBUG - Matching...
[2020-04-18 16:29:17]: DEBUG - Matched.
[2020-04-18 16:29:17]: INFO - Discover 5st monster.
[2020-04-18 16:29:17]: DEBUG - Click (867, 322)
[2020-04-18 16:29:17]: INFO - Search for zhun_bei.png.
[2020-04-18 16:29:17]: DEBUG - Matching...
[2020-04-18 16:29:17]: DEBUG - Matching...
[2020-04-18 16:29:18]: DEBUG - Matching...
[2020-04-18 16:29:18]: DEBUG - Matching...
[2020-04-18 16:29:18]: DEBUG - Matching...
[2020-04-18 16:29:19]: DEBUG - Matching...
[2020-04-18 16:29:19]: DEBUG - Matching...
[2020-04-18 16:29:19]: DEBUG - Matched.
[2020-04-18 16:29:22]: INFO - Check if needed to change dog food.
[2020-04-18 16:29:22]: DEBUG - Not existed.
[2020-04-18 16:29:22]: DEBUG - Not existed.
[2020-04-18 16:29:24]: DEBUG - Click (1092, 565)
[2020-04-18 16:29:31]: INFO - Search for sheng_li.png.
[2020-04-18 16:29:31]: DEBUG - Matching...
[2020-04-18 16:29:31]: DEBUG - Matching...
[2020-04-18 16:29:32]: DEBUG - Matching...
[2020-04-18 16:29:32]: DEBUG - Matching...
[2020-04-18 16:29:32]: DEBUG - Matching...
[2020-04-18 16:29:32]: DEBUG - Matched.
[2020-04-18 16:29:34]: DEBUG - Click (894, 529)
[2020-04-18 16:29:36]: INFO - Search for jie_suan.png.
[2020-04-18 16:29:36]: DEBUG - Matching...
[2020-04-18 16:29:36]: DEBUG - Matched.
[2020-04-18 16:29:38]: DEBUG - Click (893, 403)
[2020-04-18 16:29:41]: DEBUG - Existed
[2020-04-18 16:29:42]: DEBUG - Click (589, 307)
[2020-04-18 16:29:42]: INFO - Search for zhun_bei.png.
[2020-04-18 16:29:42]: DEBUG - Matching...
[2020-04-18 16:29:42]: DEBUG - Matching...
[2020-04-18 16:29:42]: DEBUG - Matching...
[2020-04-18 16:29:43]: DEBUG - Matching...
[2020-04-18 16:29:43]: DEBUG - Matching...
[2020-04-18 16:29:43]: DEBUG - Matching...
[2020-04-18 16:29:44]: DEBUG - Matching...
[2020-04-18 16:29:44]: DEBUG - Matching...
[2020-04-18 16:29:44]: DEBUG - Matched.
[2020-04-18 16:29:47]: INFO - Check if needed to change dog food.
[2020-04-18 16:29:47]: DEBUG - Not existed.
[2020-04-18 16:29:47]: DEBUG - Not existed.
[2020-04-18 16:29:49]: DEBUG - Click (1067, 539)
[2020-04-18 16:29:56]: INFO - Search for sheng_li.png.
[2020-04-18 16:29:56]: DEBUG - Matching...
[2020-04-18 16:29:56]: DEBUG - Matching...
[2020-04-18 16:29:56]: DEBUG - Matching...
[2020-04-18 16:29:57]: DEBUG - Matching...
[2020-04-18 16:29:57]: DEBUG - Matched.
[2020-04-18 16:29:58]: DEBUG - Click (880, 518)
[2020-04-18 16:30:00]: INFO - Search for jie_suan.png.
[2020-04-18 16:30:00]: DEBUG - Matching...
[2020-04-18 16:30:00]: DEBUG - Matched.
[2020-04-18 16:30:02]: DEBUG - Click (888, 397)
[2020-04-18 16:30:10]: DEBUG - Not existed.
[2020-04-18 16:30:10]: DEBUG - Existed
[2020-04-18 16:30:10]: INFO - Discover treasure.
[2020-04-18 16:30:11]: DEBUG - Click (535, 411)
[2020-04-18 16:30:13]: INFO - Search for huo_de_jiang_li.png.
[2020-04-18 16:30:13]: DEBUG - Matching...
[2020-04-18 16:30:13]: DEBUG - Matched.
[2020-04-18 16:30:14]: DEBUG - Click (1092, 260)
[2020-04-18 16:30:17]: DEBUG - Not existed.
[2020-04-18 16:30:17]: DEBUG - Existed
[2020-04-18 16:30:17]: INFO - Discover treasure.
[2020-04-18 16:30:18]: DEBUG - Click (633, 391)
[2020-04-18 16:30:21]: INFO - Search for huo_de_jiang_li.png.
[2020-04-18 16:30:21]: DEBUG - Matching...
[2020-04-18 16:30:21]: DEBUG - Matched.
[2020-04-18 16:30:22]: DEBUG - Click (1098, 262)
[2020-04-18 16:30:25]: DEBUG - Not existed.
[2020-04-18 16:30:25]: DEBUG - Not existed.
[2020-04-18 16:30:30]: INFO - Check if discover shi_ju(use ping_an_qi_tan).
[2020-04-18 16:30:30]: DEBUG - Existed
[2020-04-18 16:30:32]: DEBUG - Click (1045, 587)
[2020-04-18 16:30:37]: INFO - Start for times: 4.
[2020-04-18 16:30:37]: DEBUG - Not existed.
[2020-04-18 16:30:37]: INFO - Search for tan_suo.png.
[2020-04-18 16:30:37]: DEBUG - Matching...
[2020-04-18 16:30:37]: DEBUG - Matched.
[2020-04-18 16:30:39]: DEBUG - Click (865, 524)
[2020-04-18 16:30:42]: INFO - Search for zhen_rong_suo_ding.png.
[2020-04-18 16:30:43]: DEBUG - Not existed.
[2020-04-18 16:30:43]: INFO - Search for zhan_dou.png.
[2020-04-18 16:30:43]: DEBUG - Not existed.
[2020-04-18 16:30:43]: DEBUG - Matching...
[2020-04-18 16:30:43]: DEBUG - Matched.
[2020-04-18 16:30:43]: INFO - Discover 1st monster.
[2020-04-18 16:30:43]: DEBUG - Click (865, 311)
[2020-04-18 16:30:43]: INFO - Search for zhun_bei.png.
[2020-04-18 16:30:43]: DEBUG - Matching...
[2020-04-18 16:30:43]: DEBUG - Matching...
[2020-04-18 16:30:43]: DEBUG - Matching...
[2020-04-18 16:30:44]: DEBUG - Matching...
[2020-04-18 16:30:44]: DEBUG - Matching...
[2020-04-18 16:30:44]: DEBUG - Matching...
[2020-04-18 16:30:45]: DEBUG - Matching...
[2020-04-18 16:30:45]: DEBUG - Matching...
[2020-04-18 16:30:45]: DEBUG - Matching...
[2020-04-18 16:30:46]: DEBUG - Matching...
[2020-04-18 16:30:46]: DEBUG - Matched.
[2020-04-18 16:30:49]: INFO - Check if needed to change dog food.
[2020-04-18 16:30:49]: DEBUG - Not existed.
[2020-04-18 16:30:49]: DEBUG - Not existed.
[2020-04-18 16:30:51]: DEBUG - Click (1066, 548)
[2020-04-18 16:30:58]: INFO - Search for sheng_li.png.
[2020-04-18 16:30:58]: DEBUG - Matching...
[2020-04-18 16:30:58]: DEBUG - Matching...
[2020-04-18 16:30:58]: DEBUG - Matching...
[2020-04-18 16:30:59]: DEBUG - Matching...
[2020-04-18 16:30:59]: DEBUG - Matching...
[2020-04-18 16:30:59]: DEBUG - Matching...
[2020-04-18 16:30:59]: DEBUG - Matched.
[2020-04-18 16:31:01]: DEBUG - Click (891, 533)
[2020-04-18 16:31:02]: INFO - Search for jie_suan.png.
[2020-04-18 16:31:02]: DEBUG - Matching...
[2020-04-18 16:31:04]: DEBUG - Matching...
[2020-04-18 16:31:04]: DEBUG - Matched.
[2020-04-18 16:31:06]: DEBUG - Click (872, 517)
[2020-04-18 16:31:09]: DEBUG - Not existed.
[2020-04-18 16:31:09]: DEBUG - Matching...
[2020-04-18 16:31:09]: DEBUG - Matched.
[2020-04-18 16:31:09]: INFO - Discover 2st monster.
[2020-04-18 16:31:09]: DEBUG - Click (988, 411)
[2020-04-18 16:31:09]: INFO - Search for zhun_bei.png.
[2020-04-18 16:31:09]: DEBUG - Matching...
[2020-04-18 16:31:09]: DEBUG - Matching...
[2020-04-18 16:31:10]: DEBUG - Matching...
[2020-04-18 16:31:10]: DEBUG - Matching...
[2020-04-18 16:31:10]: DEBUG - Matching...
[2020-04-18 16:31:11]: DEBUG - Matching...
[2020-04-18 16:31:11]: DEBUG - Matching...
[2020-04-18 16:31:11]: DEBUG - Matching...
[2020-04-18 16:31:12]: DEBUG - Matching...
[2020-04-18 16:31:12]: DEBUG - Matching...
[2020-04-18 16:31:12]: DEBUG - Matched.
[2020-04-18 16:31:15]: INFO - Check if needed to change dog food.
[2020-04-18 16:31:15]: DEBUG - Not existed.
[2020-04-18 16:31:15]: DEBUG - Existed
[2020-04-18 16:31:16]: DEBUG - Click (493, 434)
[2020-04-18 16:31:17]: INFO - Search for quan_bu.png
[2020-04-18 16:31:17]: DEBUG - Matching...
[2020-04-18 16:31:18]: DEBUG - Matching...
[2020-04-18 16:31:18]: DEBUG - Matched.
[2020-04-18 16:31:19]: DEBUG - Click (95, 651)
[2020-04-18 16:31:19]: INFO - Search for su_cai.png
[2020-04-18 16:31:19]: DEBUG - Matching...
[2020-04-18 16:31:20]: DEBUG - Matching...
[2020-04-18 16:31:20]: DEBUG - Matched.
[2020-04-18 16:31:21]: DEBUG - Click (78, 327)
[2020-04-18 16:31:24]: INFO - Search for man_2.png
[2020-04-18 16:31:24]: DEBUG - Not existed.
[2020-04-18 16:31:24]: INFO - Search for man_3.png
[2020-04-18 16:31:24]: DEBUG - Existed
[2020-04-18 16:31:24]: INFO - Search for gou_liang_bai_dan.png
[2020-04-18 16:31:24]: DEBUG - Matching...
[2020-04-18 16:31:24]: DEBUG - Matched.
[2020-04-18 16:31:27]: INFO - Search for man_2.png
[2020-04-18 16:31:27]: DEBUG - Not existed.
[2020-04-18 16:31:27]: INFO - Search for man_3.png
[2020-04-18 16:31:27]: DEBUG - Not existed.
[2020-04-18 16:31:28]: INFO - Search for man_2.png
[2020-04-18 16:31:28]: DEBUG - Not existed.
[2020-04-18 16:31:28]: INFO - Search for man_3.png
[2020-04-18 16:31:28]: DEBUG - Not existed.
[2020-04-18 16:31:29]: INFO - Search for man_2.png
[2020-04-18 16:31:29]: DEBUG - Not existed.
[2020-04-18 16:31:29]: INFO - Search for man_3.png
[2020-04-18 16:31:29]: DEBUG - Not existed.
[2020-04-18 16:31:30]: INFO - Search for fan_hui.png
[2020-04-18 16:31:30]: DEBUG - Matching...
[2020-04-18 16:31:30]: DEBUG - Matched.
[2020-04-18 16:31:32]: DEBUG - Click (70, 76)
[2020-04-18 16:31:33]: INFO - Finished.
[2020-04-18 16:31:35]: DEBUG - Click (1088, 571)
[2020-04-18 16:31:42]: INFO - Search for sheng_li.png.
[2020-04-18 16:31:42]: DEBUG - Matching...
[2020-04-18 16:31:42]: DEBUG - Matching...
[2020-04-18 16:31:43]: DEBUG - Matching...
[2020-04-18 16:31:43]: DEBUG - Matching...
[2020-04-18 16:31:43]: DEBUG - Matching...
[2020-04-18 16:31:43]: DEBUG - Matched.
[2020-04-18 16:31:44]: DEBUG - Click (870, 517)
[2020-04-18 16:31:46]: INFO - Search for jie_suan.png.
[2020-04-18 16:31:46]: DEBUG - Matching...
[2020-04-18 16:31:47]: DEBUG - Matching...
[2020-04-18 16:31:47]: DEBUG - Matched.
[2020-04-18 16:31:49]: DEBUG - Click (898, 539)
[2020-04-18 16:31:53]: DEBUG - Not existed.
[2020-04-18 16:31:53]: DEBUG - Matching...
[2020-04-18 16:31:53]: DEBUG - Matched.
[2020-04-18 16:31:53]: INFO - Discover 3st monster.
[2020-04-18 16:31:53]: DEBUG - Click (1076, 318)
[2020-04-18 16:31:53]: INFO - Search for zhun_bei.png.
[2020-04-18 16:31:53]: DEBUG - Matching...
[2020-04-18 16:31:53]: DEBUG - Matching...
[2020-04-18 16:31:53]: DEBUG - Matching...
[2020-04-18 16:31:54]: DEBUG - Matching...
[2020-04-18 16:31:54]: DEBUG - Matching...
[2020-04-18 16:31:54]: DEBUG - Matching...
[2020-04-18 16:31:55]: DEBUG - Matching...
[2020-04-18 16:31:55]: DEBUG - Matching...
[2020-04-18 16:31:55]: DEBUG - Matching...
[2020-04-18 16:31:55]: DEBUG - Matched.
[2020-04-18 16:31:58]: INFO - Check if needed to change dog food.
[2020-04-18 16:31:58]: DEBUG - Not existed.
[2020-04-18 16:31:58]: DEBUG - Not existed.
[2020-04-18 16:32:00]: DEBUG - Click (1062, 529)
[2020-04-18 16:32:07]: INFO - Search for sheng_li.png.
[2020-04-18 16:32:07]: DEBUG - Matching...
[2020-04-18 16:32:07]: DEBUG - Matching...
[2020-04-18 16:32:07]: DEBUG - Matching...
[2020-04-18 16:32:08]: DEBUG - Matching...
[2020-04-18 16:32:08]: DEBUG - Matching...
[2020-04-18 16:32:08]: DEBUG - Matching...
[2020-04-18 16:32:09]: DEBUG - Matching...
[2020-04-18 16:32:09]: DEBUG - Matching...
[2020-04-18 16:32:09]: DEBUG - Matching...
[2020-04-18 16:32:10]: DEBUG - Matching...
[2020-04-18 16:32:10]: DEBUG - Matching...
[2020-04-18 16:32:10]: DEBUG - Matching...
[2020-04-18 16:32:10]: DEBUG - Matching...
[2020-04-18 16:32:11]: DEBUG - Matching...
[2020-04-18 16:32:11]: DEBUG - Matching...
[2020-04-18 16:32:11]: DEBUG - Matching...
[2020-04-18 16:32:12]: DEBUG - Matching...
[2020-04-18 16:32:12]: DEBUG - Matching...
[2020-04-18 16:32:12]: DEBUG - Matching...
[2020-04-18 16:32:13]: DEBUG - Matching...
[2020-04-18 16:32:13]: DEBUG - Matching...
[2020-04-18 16:32:13]: DEBUG - Matching...
[2020-04-18 16:32:14]: DEBUG - Matching...
[2020-04-18 16:32:14]: DEBUG - Matching...
[2020-04-18 16:32:14]: DEBUG - Matching...
[2020-04-18 16:32:15]: DEBUG - Matching...
[2020-04-18 16:32:15]: DEBUG - Matching...
[2020-04-18 16:32:15]: DEBUG - Matching...
[2020-04-18 16:32:16]: DEBUG - Matching...
[2020-04-18 16:32:16]: DEBUG - Matching...
[2020-04-18 16:32:16]: DEBUG - Matching...
[2020-04-18 16:32:16]: DEBUG - Matching...
[2020-04-18 16:32:17]: DEBUG - Matching...
[2020-04-18 16:32:17]: DEBUG - Matching...
[2020-04-18 16:32:17]: DEBUG - Matching...
[2020-04-18 16:32:18]: DEBUG - Matching...
[2020-04-18 16:32:18]: DEBUG - Matching...
[2020-04-18 16:32:18]: DEBUG - Matching...
[2020-04-18 16:32:19]: DEBUG - Matching...
[2020-04-18 16:32:19]: DEBUG - Matching...
[2020-04-18 16:32:19]: DEBUG - Matching...
[2020-04-18 16:32:20]: DEBUG - Matching...
[2020-04-18 16:32:20]: DEBUG - Matching...
[2020-04-18 16:32:20]: DEBUG - Matching...
[2020-04-18 16:32:21]: DEBUG - Matching...
[2020-04-18 16:32:21]: DEBUG - Matching...
[2020-04-18 16:32:21]: DEBUG - Matching...
[2020-04-18 16:32:21]: DEBUG - Matching...
[2020-04-18 16:32:22]: DEBUG - Matching...
[2020-04-18 16:32:22]: DEBUG - Matching...
[2020-04-18 16:32:22]: DEBUG - Matched.
[2020-04-18 16:32:23]: DEBUG - Click (866, 500)
[2020-04-18 16:32:25]: INFO - Search for jie_suan.png.
[2020-04-18 16:32:25]: DEBUG - Matching...
[2020-04-18 16:32:26]: DEBUG - Matching...
[2020-04-18 16:32:26]: DEBUG - Matched.
[2020-04-18 16:32:28]: DEBUG - Click (892, 543)
[2020-04-18 16:32:31]: DEBUG - Not existed.
[2020-04-18 16:32:31]: DEBUG - Matching...
[2020-04-18 16:32:32]: DEBUG - Matching...
[2020-04-18 16:32:32]: DEBUG - Matched.
[2020-04-18 16:32:32]: INFO - Discover 4st monster.
[2020-04-18 16:32:32]: DEBUG - Click (1125, 370)
[2020-04-18 16:32:32]: INFO - Search for zhun_bei.png.
[2020-04-18 16:32:33]: DEBUG - Matching...
[2020-04-18 16:32:33]: DEBUG - Matching...
[2020-04-18 16:32:33]: DEBUG - Matching...
[2020-04-18 16:32:33]: DEBUG - Matching...
[2020-04-18 16:32:34]: DEBUG - Matching...
[2020-04-18 16:32:34]: DEBUG - Matching...
[2020-04-18 16:32:34]: DEBUG - Matching...
[2020-04-18 16:32:34]: DEBUG - Matching...
[2020-04-18 16:32:34]: DEBUG - Matched.
[2020-04-18 16:32:38]: INFO - Check if needed to change dog food.
[2020-04-18 16:32:38]: DEBUG - Not existed.
[2020-04-18 16:32:38]: DEBUG - Not existed.
[2020-04-18 16:32:40]: DEBUG - Click (1059, 544)
[2020-04-18 16:32:47]: INFO - Search for sheng_li.png.
[2020-04-18 16:32:47]: DEBUG - Matching...
[2020-04-18 16:32:47]: DEBUG - Matching...
[2020-04-18 16:32:48]: DEBUG - Matching...
[2020-04-18 16:32:48]: DEBUG - Matching...
[2020-04-18 16:32:48]: DEBUG - Matched.
[2020-04-18 16:32:49]: DEBUG - Click (895, 510)
[2020-04-18 16:32:51]: INFO - Search for jie_suan.png.
[2020-04-18 16:32:51]: DEBUG - Matching...
[2020-04-18 16:32:51]: DEBUG - Matched.
[2020-04-18 16:32:54]: DEBUG - Click (879, 413)
[2020-04-18 16:32:57]: DEBUG - Not existed.
[2020-04-18 16:32:57]: DEBUG - Matching...
[2020-04-18 16:32:58]: DEBUG - Matching...
[2020-04-18 16:32:59]: DEBUG - Matching...
[2020-04-18 16:33:00]: DEBUG - Not existed.
