[2020-04-18 15:06:43]: INFO - Run in foreground.
[2020-04-18 15:06:44]: INFO - Run in background.
[2020-04-18 15:11:51]: INFO - Run in foreground.
[2020-04-18 15:11:51]: INFO - Run in background.
[2020-04-18 15:12:49]: DEBUG - Not existed.
[2020-04-18 15:12:49]: DEBUG - Not existed.
[2020-04-18 15:12:49]: DEBUG - Existed
[2020-04-18 15:12:49]: INFO - Current sence is tan_suo.
[2020-04-18 15:12:49]: DEBUG - Existed
[2020-04-18 15:12:49]: DEBUG - Click (1042, 594)
[2020-04-18 15:12:54]: INFO - Start for times: 1.
[2020-04-18 15:12:55]: DEBUG - Not existed.
[2020-04-18 15:12:55]: INFO - Search for tan_suo.png.
[2020-04-18 15:12:55]: DEBUG - Matching...
[2020-04-18 15:12:55]: DEBUG - Matched.
[2020-04-18 15:12:57]: DEBUG - Click (866, 531)
[2020-04-18 15:13:00]: INFO - Search for zhen_rong_suo_ding.png.
[2020-04-18 15:13:00]: DEBUG - Not existed.
[2020-04-18 15:13:00]: INFO - Search for zhan_dou.png.
[2020-04-18 15:13:00]: DEBUG - Not existed.
[2020-04-18 15:13:00]: DEBUG - Matching...
[2020-04-18 15:13:01]: DEBUG - Matching...
[2020-04-18 15:13:02]: DEBUG - Matching...
[2020-04-18 15:13:14]: DEBUG - Not existed.
[2020-04-18 15:13:14]: DEBUG - Not existed.
[2020-04-18 15:13:14]: DEBUG - Not existed.
[2020-04-18 15:13:14]: DEBUG - Not existed.
[2020-04-18 15:13:14]: DEBUG - Not existed.
[2020-04-18 15:13:14]: DEBUG - Not existed.
[2020-04-18 15:13:17]: DEBUG - Not existed.
[2020-04-18 15:13:17]: INFO - Start for times: 1.
[2020-04-18 15:13:17]: DEBUG - Not existed.
[2020-04-18 15:13:17]: INFO - Search for tan_suo.png.
[2020-04-18 15:13:17]: DEBUG - Matching...
[2020-04-18 15:13:17]: DEBUG - Matched.
[2020-04-18 15:13:19]: DEBUG - Click (865, 530)
[2020-04-18 15:13:22]: INFO - Search for zhen_rong_suo_ding.png.
[2020-04-18 15:13:22]: DEBUG - Not existed.
[2020-04-18 15:13:22]: INFO - Search for zhan_dou.png.
[2020-04-18 15:13:22]: DEBUG - Not existed.
[2020-04-18 15:13:22]: DEBUG - Matching...
[2020-04-18 15:13:23]: DEBUG - Matching...
[2020-04-18 15:13:24]: DEBUG - Matching...
[2020-04-18 15:13:24]: DEBUG - Matched.
[2020-04-18 15:13:24]: INFO - Discover 1st monster.
[2020-04-18 15:13:24]: DEBUG - Click (1072, 322)
[2020-04-18 15:13:24]: INFO - Search for zhun_bei.png.
[2020-04-18 15:13:24]: DEBUG - Matching...
[2020-04-18 15:13:24]: DEBUG - Matching...
[2020-04-18 15:13:25]: DEBUG - Matching...
[2020-04-18 15:13:25]: DEBUG - Matching...
[2020-04-18 15:13:25]: DEBUG - Matching...
[2020-04-18 15:13:26]: DEBUG - Matching...
[2020-04-18 15:13:26]: DEBUG - Matching...
[2020-04-18 15:13:26]: DEBUG - Matching...
[2020-04-18 15:13:27]: DEBUG - Matching...
[2020-04-18 15:13:27]: DEBUG - Matching...
[2020-04-18 15:13:27]: DEBUG - Matching...
[2020-04-18 15:13:27]: DEBUG - Matched.
[2020-04-18 15:13:30]: INFO - Check if needed to change dog food.
[2020-04-18 15:13:30]: DEBUG - Not existed.
[2020-04-18 15:13:30]: DEBUG - Not existed.
[2020-04-18 15:13:33]: DEBUG - Click (1101, 584)
[2020-04-18 15:13:40]: INFO - Search for sheng_li.png.
[2020-04-18 15:13:40]: DEBUG - Matching...
[2020-04-18 15:13:40]: DEBUG - Matching...
[2020-04-18 15:13:40]: DEBUG - Matching...
[2020-04-18 15:13:41]: DEBUG - Matching...
[2020-04-18 15:13:41]: DEBUG - Matching...
[2020-04-18 15:13:41]: DEBUG - Matched.
[2020-04-18 15:13:42]: DEBUG - Click (854, 525)
[2020-04-18 15:13:45]: INFO - Search for jie_suan.png.
[2020-04-18 15:13:45]: DEBUG - Matching...
[2020-04-18 15:13:46]: DEBUG - Matching...
[2020-04-18 15:13:46]: DEBUG - Matched.
[2020-04-18 15:13:48]: DEBUG - Click (888, 516)
[2020-04-18 15:13:51]: DEBUG - Not existed.
[2020-04-18 15:13:51]: DEBUG - Matching...
[2020-04-18 15:13:51]: DEBUG - Matched.
[2020-04-18 15:13:51]: INFO - Discover 2st monster.
[2020-04-18 15:13:51]: DEBUG - Click (864, 317)
[2020-04-18 15:13:51]: INFO - Search for zhun_bei.png.
[2020-04-18 15:13:51]: DEBUG - Matching...
[2020-04-18 15:13:51]: DEBUG - Matching...
[2020-04-18 15:13:52]: DEBUG - Matching...
[2020-04-18 15:13:52]: DEBUG - Matching...
[2020-04-18 15:13:52]: DEBUG - Matching...
[2020-04-18 15:13:52]: DEBUG - Matching...
[2020-04-18 15:13:53]: DEBUG - Matching...
[2020-04-18 15:13:53]: DEBUG - Matched.
[2020-04-18 15:13:56]: INFO - Check if needed to change dog food.
[2020-04-18 15:13:56]: DEBUG - Not existed.
[2020-04-18 15:13:56]: DEBUG - Not existed.
[2020-04-18 15:13:57]: DEBUG - Click (1074, 561)
[2020-04-18 15:14:04]: INFO - Search for sheng_li.png.
[2020-04-18 15:14:04]: DEBUG - Matching...
[2020-04-18 15:14:04]: DEBUG - Matching...
[2020-04-18 15:14:05]: DEBUG - Matching...
[2020-04-18 15:14:05]: DEBUG - Matching...
[2020-04-18 15:14:05]: DEBUG - Matching...
[2020-04-18 15:14:05]: DEBUG - Matching...
[2020-04-18 15:14:05]: DEBUG - Matched.
[2020-04-18 15:14:06]: DEBUG - Click (865, 520)
[2020-04-18 15:14:08]: INFO - Search for jie_suan.png.
[2020-04-18 15:14:08]: DEBUG - Matching...
[2020-04-18 15:14:10]: DEBUG - Matching...
[2020-04-18 15:14:10]: DEBUG - Matched.
[2020-04-18 15:14:12]: DEBUG - Click (892, 520)
[2020-04-18 15:14:15]: DEBUG - Not existed.
[2020-04-18 15:14:15]: DEBUG - Matching...
[2020-04-18 15:14:15]: DEBUG - Matched.
[2020-04-18 15:14:15]: INFO - Discover 3st monster.
[2020-04-18 15:14:15]: DEBUG - Click (915, 471)
[2020-04-18 15:14:15]: INFO - Search for zhun_bei.png.
[2020-04-18 15:14:15]: DEBUG - Matching...
[2020-04-18 15:14:15]: DEBUG - Matching...
[2020-04-18 15:14:15]: DEBUG - Matching...
[2020-04-18 15:14:16]: DEBUG - Matching...
[2020-04-18 15:14:16]: DEBUG - Matching...
[2020-04-18 15:14:16]: DEBUG - Matching...
[2020-04-18 15:14:17]: DEBUG - Matching...
[2020-04-18 15:14:17]: DEBUG - Matched.
[2020-04-18 15:14:20]: INFO - Check if needed to change dog food.
[2020-04-18 15:14:20]: DEBUG - Not existed.
[2020-04-18 15:14:20]: DEBUG - Not existed.
[2020-04-18 15:14:22]: DEBUG - Click (1103, 589)
[2020-04-18 15:14:28]: INFO - Search for sheng_li.png.
[2020-04-18 15:14:28]: DEBUG - Matching...
[2020-04-18 15:14:29]: DEBUG - Matching...
[2020-04-18 15:14:29]: DEBUG - Matching...
[2020-04-18 15:14:29]: DEBUG - Matching...
[2020-04-18 15:14:29]: DEBUG - Matching...
[2020-04-18 15:14:30]: DEBUG - Matching...
[2020-04-18 15:14:30]: DEBUG - Matched.
[2020-04-18 15:14:31]: DEBUG - Click (875, 513)
[2020-04-18 15:14:33]: INFO - Search for jie_suan.png.
[2020-04-18 15:14:33]: DEBUG - Matching...
[2020-04-18 15:14:34]: DEBUG - Matching...
[2020-04-18 15:14:35]: DEBUG - Matching...
[2020-04-18 15:14:35]: DEBUG - Matched.
[2020-04-18 15:14:38]: DEBUG - Click (869, 528)
[2020-04-18 15:14:41]: DEBUG - Not existed.
[2020-04-18 15:14:41]: DEBUG - Matching...
[2020-04-18 15:14:42]: DEBUG - Matching...
[2020-04-18 15:14:43]: DEBUG - Matching...
[2020-04-18 15:14:44]: DEBUG - Not existed.
[2020-04-18 15:15:14]: DEBUG - Not existed.
[2020-04-18 15:15:14]: DEBUG - Not existed.
[2020-04-18 15:15:14]: DEBUG - Not existed.
[2020-04-18 15:15:14]: DEBUG - Not existed.
[2020-04-18 15:15:14]: DEBUG - Not existed.
[2020-04-18 15:15:14]: DEBUG - Not existed.
[2020-04-18 15:15:16]: DEBUG - Not existed.
[2020-04-18 15:15:16]: INFO - Start for times: 1.
[2020-04-18 15:15:16]: DEBUG - Existed
[2020-04-18 15:15:16]: INFO - Search for zhen_rong_suo_ding.png.
[2020-04-18 15:15:16]: DEBUG - Not existed.
[2020-04-18 15:15:16]: INFO - Search for zhan_dou.png.
[2020-04-18 15:15:16]: DEBUG - Not existed.
[2020-04-18 15:15:16]: DEBUG - Matching...
[2020-04-18 15:15:17]: DEBUG - Matching...
[2020-04-18 15:15:18]: DEBUG - Matching...
[2020-04-18 15:15:19]: DEBUG - Existed
[2020-04-18 15:15:21]: DEBUG - Click (962, 513)
[2020-04-18 15:15:23]: DEBUG - Not existed.
[2020-04-18 15:15:23]: DEBUG - Matching...
[2020-04-18 15:15:23]: DEBUG - Matched.
[2020-04-18 15:15:23]: INFO - Discover 1st monster.
[2020-04-18 15:15:23]: DEBUG - Click (895, 404)
[2020-04-18 15:15:23]: INFO - Search for zhun_bei.png.
[2020-04-18 15:15:23]: DEBUG - Matching...
[2020-04-18 15:15:23]: DEBUG - Matching...
[2020-04-18 15:15:24]: DEBUG - Matching...
[2020-04-18 15:15:24]: DEBUG - Matching...
[2020-04-18 15:15:24]: DEBUG - Matching...
[2020-04-18 15:15:25]: DEBUG - Matching...
[2020-04-18 15:15:25]: DEBUG - Matching...
[2020-04-18 15:15:25]: DEBUG - Matched.
[2020-04-18 15:15:28]: INFO - Check if needed to change dog food.
[2020-04-18 15:15:28]: DEBUG - Not existed.
[2020-04-18 15:15:28]: DEBUG - Not existed.
[2020-04-18 15:15:30]: DEBUG - Click (1092, 580)
[2020-04-18 15:15:38]: INFO - Search for sheng_li.png.
[2020-04-18 15:15:38]: DEBUG - Matching...
[2020-04-18 15:15:38]: DEBUG - Matching...
[2020-04-18 15:15:38]: DEBUG - Matching...
[2020-04-18 15:15:38]: DEBUG - Matched.
[2020-04-18 15:15:40]: DEBUG - Click (867, 503)
[2020-04-18 15:15:42]: INFO - Search for jie_suan.png.
[2020-04-18 15:15:42]: DEBUG - Matching...
[2020-04-18 15:15:42]: DEBUG - Matched.
[2020-04-18 15:15:44]: DEBUG - Click (900, 411)
[2020-04-18 15:15:46]: DEBUG - Not existed.
[2020-04-18 15:15:47]: DEBUG - Matching...
[2020-04-18 15:15:48]: DEBUG - Matching...
[2020-04-18 15:15:49]: DEBUG - Matching...
[2020-04-18 15:15:50]: DEBUG - Existed
[2020-04-18 15:15:51]: DEBUG - Click (946, 510)
[2020-04-18 15:15:53]: DEBUG - Not existed.
[2020-04-18 15:15:53]: DEBUG - Matching...
[2020-04-18 15:15:53]: DEBUG - Matched.
[2020-04-18 15:15:53]: INFO - Discover 2st monster.
[2020-04-18 15:15:53]: DEBUG - Click (1112, 322)
[2020-04-18 15:15:53]: INFO - Search for zhun_bei.png.
[2020-04-18 15:15:53]: DEBUG - Matching...
[2020-04-18 15:15:53]: DEBUG - Matching...
[2020-04-18 15:15:54]: DEBUG - Matching...
[2020-04-18 15:15:54]: DEBUG - Matching...
[2020-04-18 15:15:54]: DEBUG - Matching...
[2020-04-18 15:15:54]: DEBUG - Matching...
[2020-04-18 15:15:55]: DEBUG - Matching...
[2020-04-18 15:15:55]: DEBUG - Matched.
[2020-04-18 15:15:58]: INFO - Check if needed to change dog food.
[2020-04-18 15:15:58]: DEBUG - Not existed.
[2020-04-18 15:15:58]: DEBUG - Not existed.
[2020-04-18 15:16:00]: DEBUG - Click (1110, 579)
[2020-04-18 15:16:07]: INFO - Search for sheng_li.png.
[2020-04-18 15:16:07]: DEBUG - Matching...
[2020-04-18 15:16:08]: DEBUG - Matching...
[2020-04-18 15:16:08]: DEBUG - Matching...
[2020-04-18 15:16:08]: DEBUG - Matching...
[2020-04-18 15:16:08]: DEBUG - Matched.
[2020-04-18 15:16:10]: DEBUG - Click (863, 503)
[2020-04-18 15:16:11]: INFO - Search for jie_suan.png.
[2020-04-18 15:16:11]: DEBUG - Matching...
[2020-04-18 15:16:13]: DEBUG - Matching...
[2020-04-18 15:16:13]: DEBUG - Matched.
[2020-04-18 15:16:15]: DEBUG - Click (888, 521)
[2020-04-18 15:16:17]: DEBUG - Not existed.
[2020-04-18 15:16:17]: DEBUG - Matching...
[2020-04-18 15:16:17]: DEBUG - Matched.
[2020-04-18 15:16:17]: INFO - Discover 3st monster.
[2020-04-18 15:16:17]: DEBUG - Click (823, 328)
[2020-04-18 15:16:17]: INFO - Search for zhun_bei.png.
[2020-04-18 15:16:17]: DEBUG - Matching...
[2020-04-18 15:16:18]: DEBUG - Matching...
[2020-04-18 15:16:18]: DEBUG - Matching...
[2020-04-18 15:16:18]: DEBUG - Matching...
[2020-04-18 15:16:19]: DEBUG - Matching...
[2020-04-18 15:16:19]: DEBUG - Matching...
[2020-04-18 15:16:19]: DEBUG - Matching...
[2020-04-18 15:16:19]: DEBUG - Matched.
[2020-04-18 15:16:22]: INFO - Check if needed to change dog food.
[2020-04-18 15:16:22]: DEBUG - Not existed.
[2020-04-18 15:16:22]: DEBUG - Not existed.
[2020-04-18 15:16:24]: DEBUG - Click (1087, 573)
[2020-04-18 15:16:31]: INFO - Search for sheng_li.png.
[2020-04-18 15:16:31]: DEBUG - Matching...
[2020-04-18 15:16:32]: DEBUG - Matching...
[2020-04-18 15:16:32]: DEBUG - Matching...
[2020-04-18 15:16:32]: DEBUG - Matching...
[2020-04-18 15:16:32]: DEBUG - Matching...
[2020-04-18 15:16:33]: DEBUG - Matched.
[2020-04-18 15:16:33]: DEBUG - Click (875, 546)
[2020-04-18 15:16:35]: INFO - Search for jie_suan.png.
[2020-04-18 15:16:35]: DEBUG - Matching...
[2020-04-18 15:16:35]: DEBUG - Matched.
[2020-04-18 15:16:37]: DEBUG - Click (895, 422)
[2020-04-18 15:16:41]: DEBUG - Not existed.
[2020-04-18 15:16:41]: DEBUG - Matching...
[2020-04-18 15:16:41]: DEBUG - Matched.
[2020-04-18 15:16:41]: INFO - Discover 4st monster.
[2020-04-18 15:16:41]: DEBUG - Click (1033, 343)
[2020-04-18 15:16:41]: INFO - Search for zhun_bei.png.
[2020-04-18 15:16:41]: DEBUG - Matching...
[2020-04-18 15:16:41]: DEBUG - Matching...
[2020-04-18 15:16:41]: DEBUG - Matching...
[2020-04-18 15:16:42]: DEBUG - Matching...
[2020-04-18 15:16:42]: DEBUG - Matching...
[2020-04-18 15:16:42]: DEBUG - Matching...
[2020-04-18 15:16:42]: DEBUG - Matching...
[2020-04-18 15:16:43]: DEBUG - Matching...
[2020-04-18 15:16:43]: DEBUG - Matched.
[2020-04-18 15:16:46]: INFO - Check if needed to change dog food.
[2020-04-18 15:16:46]: DEBUG - Not existed.
[2020-04-18 15:16:46]: DEBUG - Not existed.
[2020-04-18 15:16:48]: DEBUG - Click (1097, 576)
[2020-04-18 15:16:55]: INFO - Search for sheng_li.png.
[2020-04-18 15:16:55]: DEBUG - Matching...
[2020-04-18 15:16:55]: DEBUG - Matching...
[2020-04-18 15:16:56]: DEBUG - Matching...
[2020-04-18 15:16:56]: DEBUG - Matching...
[2020-04-18 15:16:56]: DEBUG - Matched.
[2020-04-18 15:16:57]: DEBUG - Click (892, 508)
[2020-04-18 15:16:59]: INFO - Search for jie_suan.png.
[2020-04-18 15:16:59]: DEBUG - Matching...
[2020-04-18 15:16:59]: DEBUG - Matched.
[2020-04-18 15:17:01]: DEBUG - Click (893, 407)
[2020-04-18 15:17:04]: DEBUG - Existed
[2020-04-18 15:17:05]: DEBUG - Click (586, 317)
[2020-04-18 15:17:05]: INFO - Search for zhun_bei.png.
[2020-04-18 15:17:05]: DEBUG - Matching...
[2020-04-18 15:17:06]: DEBUG - Matching...
[2020-04-18 15:17:06]: DEBUG - Matching...
[2020-04-18 15:17:06]: DEBUG - Matching...
[2020-04-18 15:17:06]: DEBUG - Matching...
[2020-04-18 15:17:07]: DEBUG - Matching...
[2020-04-18 15:17:07]: DEBUG - Matching...
[2020-04-18 15:17:07]: DEBUG - Matching...
[2020-04-18 15:17:07]: DEBUG - Matched.
[2020-04-18 15:17:10]: INFO - Check if needed to change dog food.
[2020-04-18 15:17:10]: DEBUG - Not existed.
[2020-04-18 15:17:11]: DEBUG - Not existed.
[2020-04-18 15:17:12]: DEBUG - Click (1077, 560)
[2020-04-18 15:17:19]: INFO - Search for sheng_li.png.
[2020-04-18 15:17:19]: DEBUG - Matching...
[2020-04-18 15:17:20]: DEBUG - Matching...
[2020-04-18 15:17:20]: DEBUG - Matching...
[2020-04-18 15:17:20]: DEBUG - Matching...
[2020-04-18 15:17:20]: DEBUG - Matched.
[2020-04-18 15:17:21]: DEBUG - Click (897, 516)
[2020-04-18 15:17:24]: INFO - Search for jie_suan.png.
[2020-04-18 15:17:24]: DEBUG - Matching...
[2020-04-18 15:17:25]: DEBUG - Matching...
[2020-04-18 15:17:25]: DEBUG - Matched.
[2020-04-18 15:17:27]: DEBUG - Click (901, 531)
[2020-04-18 15:17:35]: DEBUG - Not existed.
[2020-04-18 15:17:35]: DEBUG - Existed
[2020-04-18 15:17:35]: INFO - Discover treasure.
[2020-04-18 15:17:36]: DEBUG - Click (699, 473)
[2020-04-18 15:17:38]: INFO - Search for huo_de_jiang_li.png.
[2020-04-18 15:17:38]: DEBUG - Matching...
[2020-04-18 15:17:38]: DEBUG - Matched.
[2020-04-18 15:17:39]: DEBUG - Click (1079, 267)
[2020-04-18 15:17:42]: DEBUG - Existed
[2020-04-18 15:17:47]: INFO - Check if discover shi_ju(use ping_an_qi_tan).
[2020-04-18 15:17:47]: DEBUG - Not existed.
[2020-04-18 15:17:47]: INFO - Start for times: 2.
[2020-04-18 15:17:47]: DEBUG - Not existed.
[2020-04-18 15:17:47]: INFO - Search for tan_suo.png.
[2020-04-18 15:17:47]: DEBUG - Matching...
[2020-04-18 15:17:47]: DEBUG - Matched.
[2020-04-18 15:17:50]: DEBUG - Click (865, 531)
[2020-04-18 15:17:53]: INFO - Search for zhen_rong_suo_ding.png.
[2020-04-18 15:17:53]: DEBUG - Not existed.
[2020-04-18 15:17:53]: INFO - Search for zhan_dou.png.
[2020-04-18 15:17:53]: DEBUG - Not existed.
[2020-04-18 15:17:53]: DEBUG - Matching...
[2020-04-18 15:17:53]: DEBUG - Matched.
[2020-04-18 15:17:53]: INFO - Discover 1st monster.
[2020-04-18 15:17:53]: DEBUG - Click (861, 442)
[2020-04-18 15:17:53]: INFO - Search for zhun_bei.png.
[2020-04-18 15:17:53]: DEBUG - Matching...
[2020-04-18 15:17:54]: DEBUG - Matching...
[2020-04-18 15:17:54]: DEBUG - Matching...
[2020-04-18 15:17:54]: DEBUG - Matching...
[2020-04-18 15:17:54]: DEBUG - Matching...
[2020-04-18 15:17:55]: DEBUG - Matching...
[2020-04-18 15:17:55]: DEBUG - Matching...
[2020-04-18 15:17:55]: DEBUG - Matched.
[2020-04-18 15:17:58]: INFO - Check if needed to change dog food.
[2020-04-18 15:17:58]: DEBUG - Not existed.
[2020-04-18 15:17:58]: DEBUG - Not existed.
[2020-04-18 15:18:00]: DEBUG - Click (1055, 544)
[2020-04-18 15:18:07]: INFO - Search for sheng_li.png.
[2020-04-18 15:18:07]: DEBUG - Matching...
[2020-04-18 15:18:07]: DEBUG - Matching...
[2020-04-18 15:18:08]: DEBUG - Matching...
[2020-04-18 15:18:08]: DEBUG - Matched.
[2020-04-18 15:18:09]: DEBUG - Click (880, 523)
[2020-04-18 15:18:11]: INFO - Search for jie_suan.png.
[2020-04-18 15:18:11]: DEBUG - Matching...
[2020-04-18 15:18:11]: DEBUG - Matched.
[2020-04-18 15:18:13]: DEBUG - Click (873, 411)
[2020-04-18 15:18:16]: DEBUG - Not existed.
[2020-04-18 15:18:16]: DEBUG - Matching...
[2020-04-18 15:18:16]: DEBUG - Matched.
[2020-04-18 15:18:16]: INFO - Discover 2st monster.
[2020-04-18 15:18:16]: DEBUG - Click (1077, 323)
[2020-04-18 15:18:16]: INFO - Search for zhun_bei.png.
[2020-04-18 15:18:16]: DEBUG - Matching...
[2020-04-18 15:18:16]: DEBUG - Matching...
[2020-04-18 15:18:16]: DEBUG - Matching...
[2020-04-18 15:18:17]: DEBUG - Matching...
[2020-04-18 15:18:17]: DEBUG - Matching...
[2020-04-18 15:18:17]: DEBUG - Matching...
[2020-04-18 15:18:17]: DEBUG - Matching...
[2020-04-18 15:18:18]: DEBUG - Matching...
[2020-04-18 15:18:18]: DEBUG - Matched.
[2020-04-18 15:18:21]: INFO - Check if needed to change dog food.
[2020-04-18 15:18:21]: DEBUG - Not existed.
[2020-04-18 15:18:21]: DEBUG - Not existed.
[2020-04-18 15:18:23]: DEBUG - Click (1084, 570)
[2020-04-18 15:18:31]: INFO - Search for sheng_li.png.
[2020-04-18 15:18:31]: DEBUG - Matching...
[2020-04-18 15:18:31]: DEBUG - Matching...
[2020-04-18 15:18:32]: DEBUG - Matching...
[2020-04-18 15:18:32]: DEBUG - Matched.
[2020-04-18 15:18:33]: DEBUG - Click (859, 519)
[2020-04-18 15:18:34]: INFO - Search for jie_suan.png.
[2020-04-18 15:18:34]: DEBUG - Matching...
[2020-04-18 15:18:36]: DEBUG - Matching...
[2020-04-18 15:18:36]: DEBUG - Matched.
[2020-04-18 15:18:38]: DEBUG - Click (882, 557)
[2020-04-18 15:18:40]: DEBUG - Not existed.
[2020-04-18 15:18:40]: DEBUG - Matching...
[2020-04-18 15:18:41]: DEBUG - Matched.
[2020-04-18 15:18:41]: INFO - Discover 3st monster.
[2020-04-18 15:18:41]: DEBUG - Click (864, 313)
[2020-04-18 15:18:41]: INFO - Search for zhun_bei.png.
[2020-04-18 15:18:41]: DEBUG - Matching...
[2020-04-18 15:18:41]: DEBUG - Matching...
[2020-04-18 15:18:41]: DEBUG - Matching...
[2020-04-18 15:18:41]: DEBUG - Matching...
[2020-04-18 15:18:42]: DEBUG - Matching...
[2020-04-18 15:18:42]: DEBUG - Matching...
[2020-04-18 15:18:42]: DEBUG - Matching...
[2020-04-18 15:18:43]: DEBUG - Matching...
[2020-04-18 15:18:43]: DEBUG - Matching...
[2020-04-18 15:18:43]: DEBUG - Matching...
[2020-04-18 15:18:44]: DEBUG - Matching...
[2020-04-18 15:18:44]: DEBUG - Matched.
[2020-04-18 15:18:47]: INFO - Check if needed to change dog food.
[2020-04-18 15:18:47]: DEBUG - Not existed.
[2020-04-18 15:18:47]: DEBUG - Not existed.
[2020-04-18 15:18:49]: DEBUG - Click (1064, 540)
[2020-04-18 15:18:57]: INFO - Search for sheng_li.png.
[2020-04-18 15:18:57]: DEBUG - Matching...
[2020-04-18 15:18:57]: DEBUG - Matching...
[2020-04-18 15:18:57]: DEBUG - Matching...
[2020-04-18 15:18:57]: DEBUG - Matching...
[2020-04-18 15:18:58]: DEBUG - Matched.
[2020-04-18 15:18:59]: DEBUG - Click (889, 506)
[2020-04-18 15:19:01]: INFO - Search for jie_suan.png.
[2020-04-18 15:19:01]: DEBUG - Matching...
[2020-04-18 15:19:02]: DEBUG - Matching...
[2020-04-18 15:19:02]: DEBUG - Matched.
[2020-04-18 15:19:04]: DEBUG - Click (889, 554)
[2020-04-18 15:19:07]: DEBUG - Not existed.
[2020-04-18 15:19:08]: DEBUG - Matching...
[2020-04-18 15:19:09]: DEBUG - Matching...
[2020-04-18 15:19:10]: DEBUG - Matching...
[2020-04-18 15:19:11]: DEBUG - Existed
[2020-04-18 15:19:12]: DEBUG - Click (950, 514)
[2020-04-18 15:19:15]: DEBUG - Not existed.
[2020-04-18 15:19:15]: DEBUG - Matching...
[2020-04-18 15:19:15]: DEBUG - Matched.
[2020-04-18 15:19:15]: INFO - Discover 4st monster.
[2020-04-18 15:19:15]: DEBUG - Click (909, 389)
[2020-04-18 15:19:15]: INFO - Search for zhun_bei.png.
[2020-04-18 15:19:15]: DEBUG - Matching...
[2020-04-18 15:19:15]: DEBUG - Matching...
[2020-04-18 15:19:15]: DEBUG - Matching...
[2020-04-18 15:19:15]: DEBUG - Matching...
[2020-04-18 15:19:16]: DEBUG - Matching...
[2020-04-18 15:19:16]: DEBUG - Matching...
[2020-04-18 15:19:16]: DEBUG - Matching...
[2020-04-18 15:19:16]: DEBUG - Matched.
[2020-04-18 15:19:19]: INFO - Check if needed to change dog food.
[2020-04-18 15:19:19]: DEBUG - Not existed.
[2020-04-18 15:19:19]: DEBUG - Not existed.
[2020-04-18 15:19:22]: DEBUG - Click (1081, 569)
[2020-04-18 15:19:29]: INFO - Search for sheng_li.png.
[2020-04-18 15:19:29]: DEBUG - Matching...
[2020-04-18 15:19:29]: DEBUG - Matching...
[2020-04-18 15:19:30]: DEBUG - Matching...
[2020-04-18 15:19:30]: DEBUG - Matching...
[2020-04-18 15:19:30]: DEBUG - Matched.
[2020-04-18 15:19:31]: DEBUG - Click (893, 511)
[2020-04-18 15:19:33]: INFO - Search for jie_suan.png.
[2020-04-18 15:19:33]: DEBUG - Matching...
[2020-04-18 15:19:34]: DEBUG - Matching...
[2020-04-18 15:19:34]: DEBUG - Matched.
[2020-04-18 15:19:36]: DEBUG - Click (878, 531)
[2020-04-18 15:19:40]: DEBUG - Not existed.
[2020-04-18 15:19:40]: DEBUG - Matching...
[2020-04-18 15:19:41]: DEBUG - Matching...
[2020-04-18 15:19:41]: DEBUG - Matched.
[2020-04-18 15:19:41]: INFO - Discover 5st monster.
[2020-04-18 15:19:41]: DEBUG - Click (1123, 317)
[2020-04-18 15:19:41]: INFO - Search for zhun_bei.png.
[2020-04-18 15:19:41]: DEBUG - Matching...
[2020-04-18 15:19:41]: DEBUG - Matching...
[2020-04-18 15:19:41]: DEBUG - Matching...
[2020-04-18 15:19:42]: DEBUG - Matching...
[2020-04-18 15:19:42]: DEBUG - Matching...
[2020-04-18 15:19:42]: DEBUG - Matching...
[2020-04-18 15:19:42]: DEBUG - Matching...
[2020-04-18 15:19:42]: DEBUG - Matched.
[2020-04-18 15:19:45]: INFO - Check if needed to change dog food.
[2020-04-18 15:19:45]: DEBUG - Not existed.
[2020-04-18 15:19:45]: DEBUG - Not existed.
[2020-04-18 15:19:48]: DEBUG - Click (1071, 541)
[2020-04-18 15:19:55]: INFO - Search for sheng_li.png.
[2020-04-18 15:19:55]: DEBUG - Matching...
[2020-04-18 15:19:55]: DEBUG - Matching...
[2020-04-18 15:19:55]: DEBUG - Matching...
[2020-04-18 15:19:56]: DEBUG - Matching...
[2020-04-18 15:19:56]: DEBUG - Matching...
[2020-04-18 15:19:56]: DEBUG - Matched.
[2020-04-18 15:19:57]: DEBUG - Click (857, 533)
[2020-04-18 15:19:59]: INFO - Search for jie_suan.png.
[2020-04-18 15:19:59]: DEBUG - Matching...
[2020-04-18 15:19:59]: DEBUG - Matched.
[2020-04-18 15:20:01]: DEBUG - Click (871, 403)
[2020-04-18 15:20:04]: DEBUG - Existed
[2020-04-18 15:20:05]: DEBUG - Click (598, 315)
[2020-04-18 15:20:05]: INFO - Search for zhun_bei.png.
[2020-04-18 15:20:05]: DEBUG - Matching...
[2020-04-18 15:20:06]: DEBUG - Matching...
[2020-04-18 15:20:06]: DEBUG - Matching...
[2020-04-18 15:20:06]: DEBUG - Matching...
[2020-04-18 15:20:06]: DEBUG - Matching...
[2020-04-18 15:20:07]: DEBUG - Matching...
[2020-04-18 15:20:07]: DEBUG - Matching...
[2020-04-18 15:20:07]: DEBUG - Matched.
[2020-04-18 15:20:10]: INFO - Check if needed to change dog food.
[2020-04-18 15:20:10]: DEBUG - Not existed.
[2020-04-18 15:20:10]: DEBUG - Not existed.
[2020-04-18 15:20:12]: DEBUG - Click (1066, 548)
[2020-04-18 15:20:19]: INFO - Search for sheng_li.png.
[2020-04-18 15:20:19]: DEBUG - Matching...
[2020-04-18 15:20:20]: DEBUG - Matching...
[2020-04-18 15:20:20]: DEBUG - Matching...
[2020-04-18 15:20:20]: DEBUG - Matching...
[2020-04-18 15:20:20]: DEBUG - Matched.
[2020-04-18 15:20:21]: DEBUG - Click (899, 523)
[2020-04-18 15:20:24]: INFO - Search for jie_suan.png.
[2020-04-18 15:20:24]: DEBUG - Matching...
[2020-04-18 15:20:25]: DEBUG - Matching...
[2020-04-18 15:20:25]: DEBUG - Matched.
[2020-04-18 15:20:27]: DEBUG - Click (862, 547)
[2020-04-18 15:20:35]: DEBUG - Not existed.
[2020-04-18 15:20:35]: DEBUG - Existed
[2020-04-18 15:20:35]: INFO - Discover treasure.
[2020-04-18 15:20:36]: DEBUG - Click (653, 481)
[2020-04-18 15:20:39]: INFO - Search for huo_de_jiang_li.png.
[2020-04-18 15:20:39]: DEBUG - Matching...
[2020-04-18 15:20:39]: DEBUG - Matched.
[2020-04-18 15:20:40]: DEBUG - Click (1097, 253)
[2020-04-18 15:20:43]: DEBUG - Not existed.
[2020-04-18 15:20:43]: DEBUG - Not existed.
[2020-04-18 15:20:48]: INFO - Check if discover shi_ju(use ping_an_qi_tan).
[2020-04-18 15:20:48]: DEBUG - Existed
[2020-04-18 15:20:50]: DEBUG - Click (1036, 597)
[2020-04-18 15:20:55]: INFO - Start for times: 3.
[2020-04-18 15:20:55]: DEBUG - Not existed.
[2020-04-18 15:20:55]: INFO - Search for tan_suo.png.
[2020-04-18 15:20:56]: DEBUG - Matching...
[2020-04-18 15:20:56]: DEBUG - Matched.
[2020-04-18 15:20:58]: DEBUG - Click (866, 531)
[2020-04-18 15:21:01]: INFO - Search for zhen_rong_suo_ding.png.
[2020-04-18 15:21:01]: DEBUG - Not existed.
[2020-04-18 15:21:01]: INFO - Search for zhan_dou.png.
[2020-04-18 15:21:01]: DEBUG - Not existed.
[2020-04-18 15:21:01]: DEBUG - Matching...
[2020-04-18 15:21:01]: DEBUG - Matched.
[2020-04-18 15:21:01]: INFO - Discover 1st monster.
[2020-04-18 15:21:01]: DEBUG - Click (1076, 321)
[2020-04-18 15:21:01]: INFO - Search for zhun_bei.png.
[2020-04-18 15:21:01]: DEBUG - Matching...
[2020-04-18 15:21:02]: DEBUG - Matching...
[2020-04-18 15:21:02]: DEBUG - Matching...
[2020-04-18 15:21:02]: DEBUG - Matching...
[2020-04-18 15:21:02]: DEBUG - Matching...
[2020-04-18 15:21:03]: DEBUG - Matching...
[2020-04-18 15:21:03]: DEBUG - Matching...
[2020-04-18 15:21:03]: DEBUG - Matched.
[2020-04-18 15:21:06]: INFO - Check if needed to change dog food.
[2020-04-18 15:21:06]: DEBUG - Not existed.
[2020-04-18 15:21:06]: DEBUG - Not existed.
[2020-04-18 15:21:08]: DEBUG - Click (1083, 553)
[2020-04-18 15:21:15]: INFO - Search for sheng_li.png.
[2020-04-18 15:21:15]: DEBUG - Matching...
[2020-04-18 15:21:15]: DEBUG - Matching...
[2020-04-18 15:21:15]: DEBUG - Matching...
[2020-04-18 15:21:16]: DEBUG - Matching...
[2020-04-18 15:21:16]: DEBUG - Matching...
[2020-04-18 15:21:16]: DEBUG - Matched.
[2020-04-18 15:21:17]: DEBUG - Click (889, 526)
[2020-04-18 15:21:19]: INFO - Search for jie_suan.png.
[2020-04-18 15:21:19]: DEBUG - Matching...
[2020-04-18 15:21:20]: DEBUG - Matching...
[2020-04-18 15:21:20]: DEBUG - Matched.
[2020-04-18 15:21:22]: DEBUG - Click (907, 543)
[2020-04-18 15:21:26]: DEBUG - Not existed.
[2020-04-18 15:21:26]: DEBUG - Matching...
[2020-04-18 15:21:26]: DEBUG - Matched.
[2020-04-18 15:21:26]: INFO - Discover 2st monster.
[2020-04-18 15:21:26]: DEBUG - Click (868, 317)
[2020-04-18 15:21:26]: INFO - Search for zhun_bei.png.
[2020-04-18 15:21:26]: DEBUG - Matching...
[2020-04-18 15:21:26]: DEBUG - Matching...
[2020-04-18 15:21:26]: DEBUG - Matching...
[2020-04-18 15:21:27]: DEBUG - Matching...
[2020-04-18 15:21:27]: DEBUG - Matching...
[2020-04-18 15:21:27]: DEBUG - Matching...
[2020-04-18 15:21:27]: DEBUG - Matching...
[2020-04-18 15:21:28]: DEBUG - Matching...
[2020-04-18 15:21:28]: DEBUG - Matched.
[2020-04-18 15:21:31]: INFO - Check if needed to change dog food.
[2020-04-18 15:21:31]: DEBUG - Not existed.
[2020-04-18 15:21:31]: DEBUG - Not existed.
[2020-04-18 15:21:33]: DEBUG - Click (1071, 551)
[2020-04-18 15:21:40]: INFO - Search for sheng_li.png.
[2020-04-18 15:21:40]: DEBUG - Matching...
[2020-04-18 15:21:40]: DEBUG - Matching...
[2020-04-18 15:21:40]: DEBUG - Matching...
[2020-04-18 15:21:41]: DEBUG - Matching...
[2020-04-18 15:21:41]: DEBUG - Matched.
[2020-04-18 15:21:42]: DEBUG - Click (865, 539)
[2020-04-18 15:21:44]: INFO - Search for jie_suan.png.
[2020-04-18 15:21:44]: DEBUG - Matching...
[2020-04-18 15:21:44]: DEBUG - Matched.
[2020-04-18 15:21:46]: DEBUG - Click (887, 409)
[2020-04-18 15:21:49]: DEBUG - Not existed.
[2020-04-18 15:21:49]: DEBUG - Matching...
[2020-04-18 15:21:49]: DEBUG - Matched.
[2020-04-18 15:21:49]: INFO - Discover 3st monster.
[2020-04-18 15:21:49]: DEBUG - Click (987, 413)
[2020-04-18 15:21:49]: INFO - Search for zhun_bei.png.
[2020-04-18 15:21:49]: DEBUG - Matching...
[2020-04-18 15:21:49]: DEBUG - Matching...
[2020-04-18 15:21:50]: DEBUG - Matching...
[2020-04-18 15:21:50]: DEBUG - Matching...
[2020-04-18 15:21:50]: DEBUG - Matching...
[2020-04-18 15:21:50]: DEBUG - Matching...
[2020-04-18 15:21:51]: DEBUG - Matching...
[2020-04-18 15:21:51]: DEBUG - Matched.
[2020-04-18 15:21:54]: INFO - Check if needed to change dog food.
[2020-04-18 15:21:54]: DEBUG - Not existed.
[2020-04-18 15:21:54]: DEBUG - Not existed.
[2020-04-18 15:21:57]: DEBUG - Click (1079, 572)
[2020-04-18 15:22:03]: INFO - Search for sheng_li.png.
[2020-04-18 15:22:03]: DEBUG - Matching...
[2020-04-18 15:22:04]: DEBUG - Matching...
[2020-04-18 15:22:04]: DEBUG - Matching...
[2020-04-18 15:22:04]: DEBUG - Matching...
[2020-04-18 15:22:04]: DEBUG - Matching...
[2020-04-18 15:22:05]: DEBUG - Matching...
[2020-04-18 15:22:05]: DEBUG - Matching...
[2020-04-18 15:22:05]: DEBUG - Matching...
[2020-04-18 15:22:06]: DEBUG - Matching...
[2020-04-18 15:22:06]: DEBUG - Matching...
[2020-04-18 15:22:06]: DEBUG - Matching...
[2020-04-18 15:22:07]: DEBUG - Matching...
[2020-04-18 15:22:07]: DEBUG - Matching...
[2020-04-18 15:22:07]: DEBUG - Matching...
[2020-04-18 15:22:07]: DEBUG - Matching...
[2020-04-18 15:22:08]: DEBUG - Matching...
[2020-04-18 15:22:08]: DEBUG - Matching...
[2020-04-18 15:22:08]: DEBUG - Matching...
[2020-04-18 15:22:08]: DEBUG - Matching...
[2020-04-18 15:22:09]: DEBUG - Matching...
[2020-04-18 15:22:09]: DEBUG - Matching...
[2020-04-18 15:22:09]: DEBUG - Matching...
[2020-04-18 15:22:09]: DEBUG - Matching...
[2020-04-18 15:22:10]: DEBUG - Matching...
[2020-04-18 15:22:10]: DEBUG - Matching...
[2020-04-18 15:22:10]: DEBUG - Matching...
[2020-04-18 15:22:11]: DEBUG - Matching...
[2020-04-18 15:22:11]: DEBUG - Matching...
[2020-04-18 15:22:11]: DEBUG - Matching...
[2020-04-18 15:22:11]: DEBUG - Matching...
[2020-04-18 15:22:12]: DEBUG - Matching...
[2020-04-18 15:22:35]: DEBUG - Not existed.
[2020-04-18 15:22:35]: DEBUG - Not existed.
[2020-04-18 15:22:35]: DEBUG - Not existed.
[2020-04-18 15:22:35]: DEBUG - Not existed.
[2020-04-18 15:22:35]: DEBUG - Not existed.
[2020-04-18 15:22:35]: DEBUG - Not existed.
[2020-04-18 15:22:37]: DEBUG - Not existed.
[2020-04-18 15:22:37]: INFO - Start for times: 1.
[2020-04-18 15:22:37]: DEBUG - Existed
[2020-04-18 15:22:37]: INFO - Search for zhen_rong_suo_ding.png.
[2020-04-18 15:22:37]: DEBUG - Not existed.
[2020-04-18 15:22:37]: INFO - Search for zhan_dou.png.
[2020-04-18 15:22:37]: DEBUG - Existed
[2020-04-18 15:22:38]: DEBUG - Click (595, 315)
[2020-04-18 15:22:38]: INFO - Search for zhun_bei.png.
[2020-04-18 15:22:38]: DEBUG - Matching...
[2020-04-18 15:22:38]: DEBUG - Matching...
[2020-04-18 15:22:39]: DEBUG - Matching...
[2020-04-18 15:22:39]: DEBUG - Matching...
[2020-04-18 15:22:39]: DEBUG - Matching...
[2020-04-18 15:22:39]: DEBUG - Matching...
[2020-04-18 15:22:40]: DEBUG - Matching...
[2020-04-18 15:22:40]: DEBUG - Matching...
[2020-04-18 15:22:40]: DEBUG - Matched.
[2020-04-18 15:22:43]: INFO - Check if needed to change dog food.
[2020-04-18 15:22:43]: DEBUG - Existed
[2020-04-18 15:22:44]: DEBUG - Click (496, 435)
[2020-04-18 15:22:45]: INFO - Search for quan_bu.png
[2020-04-18 15:22:45]: DEBUG - Matching...
[2020-04-18 15:22:46]: DEBUG - Matching...
[2020-04-18 15:22:46]: DEBUG - Matched.
[2020-04-18 15:22:47]: DEBUG - Click (99, 648)
[2020-04-18 15:22:47]: INFO - Search for su_cai.png
[2020-04-18 15:22:47]: DEBUG - Matching...
[2020-04-18 15:22:48]: DEBUG - Matching...
[2020-04-18 15:22:49]: DEBUG - Matching...
[2020-04-18 15:22:50]: DEBUG - Matching...
[2020-04-18 15:22:52]: DEBUG - Matching...
[2020-04-18 15:22:53]: DEBUG - Matching...
[2020-04-18 15:22:54]: DEBUG - Matching...
[2020-04-18 15:22:55]: DEBUG - Matching...
[2020-04-18 15:22:56]: DEBUG - Matching...
[2020-04-18 15:22:57]: DEBUG - Matching...
[2020-04-18 15:22:58]: DEBUG - Matching...
[2020-04-18 15:24:45]: DEBUG - Not existed.
[2020-04-18 15:24:45]: DEBUG - Not existed.
[2020-04-18 15:24:45]: DEBUG - Existed
[2020-04-18 15:24:45]: INFO - Current sence is tan_suo.
[2020-04-18 15:24:45]: DEBUG - Existed
[2020-04-18 15:24:45]: DEBUG - Click (1026, 593)
[2020-04-18 15:24:50]: INFO - Start for times: 1.
[2020-04-18 15:24:50]: DEBUG - Not existed.
[2020-04-18 15:24:50]: INFO - Search for tan_suo.png.
[2020-04-18 15:24:50]: DEBUG - Matching...
[2020-04-18 15:24:50]: DEBUG - Matched.
[2020-04-18 15:24:52]: DEBUG - Click (865, 530)
[2020-04-18 15:24:55]: INFO - Search for zhen_rong_suo_ding.png.
[2020-04-18 15:24:55]: DEBUG - Not existed.
[2020-04-18 15:24:55]: INFO - Search for zhan_dou.png.
[2020-04-18 15:24:55]: DEBUG - Not existed.
[2020-04-18 15:24:55]: DEBUG - Matching...
[2020-04-18 15:24:55]: DEBUG - Matched.
[2020-04-18 15:24:55]: INFO - Discover 1st monster.
[2020-04-18 15:24:55]: DEBUG - Click (887, 459)
[2020-04-18 15:24:55]: INFO - Search for zhun_bei.png.
[2020-04-18 15:24:55]: DEBUG - Matching...
[2020-04-18 15:24:55]: DEBUG - Matching...
[2020-04-18 15:24:56]: DEBUG - Matching...
[2020-04-18 15:24:56]: DEBUG - Matching...
[2020-04-18 15:24:56]: DEBUG - Matching...
[2020-04-18 15:24:56]: DEBUG - Matching...
[2020-04-18 15:24:57]: DEBUG - Matching...
[2020-04-18 15:24:57]: DEBUG - Matched.
[2020-04-18 15:25:00]: INFO - Check if needed to change dog food.
[2020-04-18 15:25:00]: DEBUG - Not existed.
[2020-04-18 15:25:00]: DEBUG - Not existed.
[2020-04-18 15:25:02]: DEBUG - Click (1054, 535)
[2020-04-18 15:25:10]: INFO - Search for sheng_li.png.
[2020-04-18 15:25:10]: DEBUG - Matching...
[2020-04-18 15:25:10]: DEBUG - Matching...
[2020-04-18 15:25:10]: DEBUG - Matching...
[2020-04-18 15:25:10]: DEBUG - Matching...
[2020-04-18 15:25:11]: DEBUG - Matching...
[2020-04-18 15:25:11]: DEBUG - Matching...
[2020-04-18 15:25:11]: DEBUG - Matching...
[2020-04-18 15:25:12]: DEBUG - Matching...
[2020-04-18 15:25:12]: DEBUG - Matching...
[2020-04-18 15:25:12]: DEBUG - Matching...
[2020-04-18 15:25:12]: DEBUG - Matched.
[2020-04-18 15:25:13]: DEBUG - Click (885, 538)
[2020-04-18 15:25:15]: INFO - Search for jie_suan.png.
[2020-04-18 15:25:15]: DEBUG - Matching...
[2020-04-18 15:25:15]: DEBUG - Matched.
[2020-04-18 15:25:17]: DEBUG - Click (877, 407)
[2020-04-18 15:25:20]: DEBUG - Not existed.
[2020-04-18 15:25:20]: DEBUG - Matching...
[2020-04-18 15:25:20]: DEBUG - Matched.
[2020-04-18 15:25:20]: INFO - Discover 2st monster.
[2020-04-18 15:25:21]: DEBUG - Click (868, 310)
[2020-04-18 15:25:21]: INFO - Search for zhun_bei.png.
[2020-04-18 15:25:21]: DEBUG - Matching...
[2020-04-18 15:25:21]: DEBUG - Matching...
[2020-04-18 15:25:21]: DEBUG - Matching...
[2020-04-18 15:25:21]: DEBUG - Matching...
[2020-04-18 15:25:22]: DEBUG - Matching...
[2020-04-18 15:25:22]: DEBUG - Matching...
[2020-04-18 15:25:22]: DEBUG - Matching...
[2020-04-18 15:25:22]: DEBUG - Matched.
[2020-04-18 15:25:25]: INFO - Check if needed to change dog food.
[2020-04-18 15:25:25]: DEBUG - Not existed.
[2020-04-18 15:25:25]: DEBUG - Not existed.
[2020-04-18 15:25:27]: DEBUG - Click (1076, 548)
[2020-04-18 15:25:34]: INFO - Search for sheng_li.png.
[2020-04-18 15:25:34]: DEBUG - Matching...
[2020-04-18 15:25:34]: DEBUG - Matching...
[2020-04-18 15:25:35]: DEBUG - Matching...
[2020-04-18 15:25:35]: DEBUG - Matching...
[2020-04-18 15:25:35]: DEBUG - Matching...
[2020-04-18 15:25:35]: DEBUG - Matched.
[2020-04-18 15:25:36]: DEBUG - Click (881, 531)
[2020-04-18 15:25:38]: INFO - Search for jie_suan.png.
[2020-04-18 15:25:38]: DEBUG - Matching...
[2020-04-18 15:25:39]: DEBUG - Matching...
[2020-04-18 15:25:39]: DEBUG - Matched.
[2020-04-18 15:25:41]: DEBUG - Click (900, 549)
[2020-04-18 15:25:44]: DEBUG - Not existed.
[2020-04-18 15:25:44]: DEBUG - Matching...
[2020-04-18 15:25:44]: DEBUG - Matched.
[2020-04-18 15:25:44]: INFO - Discover 3st monster.
[2020-04-18 15:25:44]: DEBUG - Click (1074, 322)
[2020-04-18 15:25:44]: INFO - Search for zhun_bei.png.
[2020-04-18 15:25:44]: DEBUG - Matching...
[2020-04-18 15:25:44]: DEBUG - Matching...
[2020-04-18 15:25:45]: DEBUG - Matching...
[2020-04-18 15:25:45]: DEBUG - Matching...
[2020-04-18 15:25:45]: DEBUG - Matching...
[2020-04-18 15:25:46]: DEBUG - Matching...
[2020-04-18 15:25:46]: DEBUG - Matching...
[2020-04-18 15:25:46]: DEBUG - Matched.
[2020-04-18 15:25:49]: INFO - Check if needed to change dog food.
[2020-04-18 15:25:49]: DEBUG - Not existed.
[2020-04-18 15:25:49]: DEBUG - Not existed.
[2020-04-18 15:25:51]: DEBUG - Click (1071, 564)
[2020-04-18 15:25:58]: INFO - Search for sheng_li.png.
[2020-04-18 15:25:58]: DEBUG - Matching...
[2020-04-18 15:25:59]: DEBUG - Matching...
[2020-04-18 15:25:59]: DEBUG - Matching...
[2020-04-18 15:25:59]: DEBUG - Matching...
[2020-04-18 15:25:59]: DEBUG - Matched.
[2020-04-18 15:26:00]: DEBUG - Click (852, 509)
[2020-04-18 15:26:02]: INFO - Search for jie_suan.png.
[2020-04-18 15:26:02]: DEBUG - Matching...
[2020-04-18 15:26:03]: DEBUG - Matching...
[2020-04-18 15:26:03]: DEBUG - Matched.
[2020-04-18 15:26:05]: DEBUG - Click (867, 552)
[2020-04-18 15:26:08]: DEBUG - Existed
[2020-04-18 15:26:09]: DEBUG - Click (593, 299)
[2020-04-18 15:26:09]: INFO - Search for zhun_bei.png.
[2020-04-18 15:26:09]: DEBUG - Matching...
[2020-04-18 15:26:09]: DEBUG - Matching...
[2020-04-18 15:26:10]: DEBUG - Matching...
[2020-04-18 15:26:10]: DEBUG - Matching...
[2020-04-18 15:26:10]: DEBUG - Matching...
[2020-04-18 15:26:10]: DEBUG - Matching...
[2020-04-18 15:26:11]: DEBUG - Matching...
[2020-04-18 15:26:11]: DEBUG - Matched.
[2020-04-18 15:26:14]: INFO - Check if needed to change dog food.
[2020-04-18 15:26:14]: DEBUG - Not existed.
[2020-04-18 15:26:14]: DEBUG - Not existed.
[2020-04-18 15:26:15]: DEBUG - Click (1062, 553)
[2020-04-18 15:26:22]: INFO - Search for sheng_li.png.
[2020-04-18 15:26:22]: DEBUG - Matching...
[2020-04-18 15:26:22]: DEBUG - Matching...
[2020-04-18 15:26:22]: DEBUG - Matching...
[2020-04-18 15:26:23]: DEBUG - Matching...
[2020-04-18 15:26:23]: DEBUG - Matching...
[2020-04-18 15:26:23]: DEBUG - Matching...
[2020-04-18 15:26:23]: DEBUG - Matched.
[2020-04-18 15:26:25]: DEBUG - Click (875, 508)
[2020-04-18 15:26:26]: INFO - Search for jie_suan.png.
[2020-04-18 15:26:26]: DEBUG - Matching...
[2020-04-18 15:26:26]: DEBUG - Matched.
[2020-04-18 15:26:29]: DEBUG - Click (877, 422)
[2020-04-18 15:26:37]: DEBUG - Not existed.
[2020-04-18 15:26:37]: DEBUG - Existed
[2020-04-18 15:26:37]: INFO - Discover treasure.
[2020-04-18 15:26:38]: DEBUG - Click (446, 454)
[2020-04-18 15:26:40]: INFO - Search for huo_de_jiang_li.png.
[2020-04-18 15:26:40]: DEBUG - Matching...
[2020-04-18 15:26:40]: DEBUG - Matched.
[2020-04-18 15:26:41]: DEBUG - Click (1093, 259)
[2020-04-18 15:26:44]: DEBUG - Not existed.
[2020-04-18 15:26:44]: DEBUG - Not existed.
[2020-04-18 15:26:49]: INFO - Check if discover shi_ju(use ping_an_qi_tan).
[2020-04-18 15:26:49]: DEBUG - Existed
[2020-04-18 15:26:52]: DEBUG - Click (1034, 583)
[2020-04-18 15:26:57]: INFO - Start for times: 2.
[2020-04-18 15:26:57]: DEBUG - Not existed.
[2020-04-18 15:26:57]: INFO - Search for tan_suo.png.
[2020-04-18 15:26:57]: DEBUG - Matching...
[2020-04-18 15:26:57]: DEBUG - Matched.
[2020-04-18 15:26:59]: DEBUG - Click (866, 531)
[2020-04-18 15:27:02]: INFO - Search for zhen_rong_suo_ding.png.
[2020-04-18 15:27:02]: DEBUG - Not existed.
[2020-04-18 15:27:02]: INFO - Search for zhan_dou.png.
[2020-04-18 15:27:02]: DEBUG - Not existed.
[2020-04-18 15:27:02]: DEBUG - Matching...
[2020-04-18 15:27:02]: DEBUG - Matched.
[2020-04-18 15:27:02]: INFO - Discover 1st monster.
[2020-04-18 15:27:02]: DEBUG - Click (867, 311)
[2020-04-18 15:27:02]: INFO - Search for zhun_bei.png.
[2020-04-18 15:27:02]: DEBUG - Matching...
[2020-04-18 15:27:03]: DEBUG - Matching...
[2020-04-18 15:27:03]: DEBUG - Matching...
[2020-04-18 15:27:03]: DEBUG - Matching...
[2020-04-18 15:27:04]: DEBUG - Matching...
[2020-04-18 15:27:04]: DEBUG - Matching...
[2020-04-18 15:27:04]: DEBUG - Matching...
[2020-04-18 15:27:04]: DEBUG - Matched.
[2020-04-18 15:27:07]: INFO - Check if needed to change dog food.
[2020-04-18 15:27:07]: DEBUG - Not existed.
[2020-04-18 15:27:07]: DEBUG - Not existed.
[2020-04-18 15:27:09]: DEBUG - Click (1071, 560)
[2020-04-18 15:27:16]: INFO - Search for sheng_li.png.
[2020-04-18 15:27:16]: DEBUG - Matching...
[2020-04-18 15:27:16]: DEBUG - Matching...
[2020-04-18 15:27:16]: DEBUG - Matching...
[2020-04-18 15:27:17]: DEBUG - Matching...
[2020-04-18 15:27:17]: DEBUG - Matched.
[2020-04-18 15:27:18]: DEBUG - Click (870, 504)
[2020-04-18 15:27:20]: INFO - Search for jie_suan.png.
[2020-04-18 15:27:20]: DEBUG - Matching...
[2020-04-18 15:27:21]: DEBUG - Matching...
[2020-04-18 15:27:21]: DEBUG - Matched.
[2020-04-18 15:27:23]: DEBUG - Click (876, 526)
[2020-04-18 15:27:26]: DEBUG - Not existed.
[2020-04-18 15:27:26]: DEBUG - Matching...
[2020-04-18 15:27:26]: DEBUG - Matched.
[2020-04-18 15:27:26]: INFO - Discover 2st monster.
[2020-04-18 15:27:26]: DEBUG - Click (909, 471)
[2020-04-18 15:27:26]: INFO - Search for zhun_bei.png.
[2020-04-18 15:27:26]: DEBUG - Matching...
[2020-04-18 15:27:26]: DEBUG - Matching...
[2020-04-18 15:27:27]: DEBUG - Matching...
[2020-04-18 15:27:27]: DEBUG - Matching...
[2020-04-18 15:27:27]: DEBUG - Matching...
[2020-04-18 15:27:27]: DEBUG - Matching...
[2020-04-18 15:27:28]: DEBUG - Matching...
[2020-04-18 15:27:28]: DEBUG - Matched.
[2020-04-18 15:27:31]: INFO - Check if needed to change dog food.
[2020-04-18 15:27:31]: DEBUG - Not existed.
[2020-04-18 15:27:31]: DEBUG - Not existed.
[2020-04-18 15:27:33]: DEBUG - Click (1080, 558)
[2020-04-18 15:27:40]: INFO - Search for sheng_li.png.
[2020-04-18 15:27:40]: DEBUG - Matching...
[2020-04-18 15:27:40]: DEBUG - Matching...
[2020-04-18 15:27:40]: DEBUG - Matching...
[2020-04-18 15:27:41]: DEBUG - Matching...
[2020-04-18 15:27:41]: DEBUG - Matched.
[2020-04-18 15:27:42]: DEBUG - Click (871, 504)
[2020-04-18 15:27:44]: INFO - Search for jie_suan.png.
[2020-04-18 15:27:44]: DEBUG - Matching...
[2020-04-18 15:27:45]: DEBUG - Matching...
[2020-04-18 15:27:45]: DEBUG - Matched.
[2020-04-18 15:27:47]: DEBUG - Click (899, 532)
[2020-04-18 15:27:51]: DEBUG - Not existed.
[2020-04-18 15:27:51]: DEBUG - Matching...
[2020-04-18 15:27:51]: DEBUG - Matched.
[2020-04-18 15:27:51]: INFO - Discover 3st monster.
[2020-04-18 15:27:51]: DEBUG - Click (1075, 324)
[2020-04-18 15:27:51]: INFO - Search for zhun_bei.png.
[2020-04-18 15:27:51]: DEBUG - Matching...
[2020-04-18 15:27:51]: DEBUG - Matching...
[2020-04-18 15:27:51]: DEBUG - Matching...
[2020-04-18 15:27:51]: DEBUG - Matching...
[2020-04-18 15:27:52]: DEBUG - Matching...
[2020-04-18 15:27:52]: DEBUG - Matching...
[2020-04-18 15:27:52]: DEBUG - Matching...
[2020-04-18 15:27:52]: DEBUG - Matched.
[2020-04-18 15:27:55]: INFO - Check if needed to change dog food.
[2020-04-18 15:27:55]: DEBUG - Not existed.
[2020-04-18 15:27:55]: DEBUG - Not existed.
[2020-04-18 15:27:57]: DEBUG - Click (1098, 578)
[2020-04-18 15:28:04]: INFO - Search for sheng_li.png.
[2020-04-18 15:28:04]: DEBUG - Matching...
[2020-04-18 15:28:04]: DEBUG - Matching...
[2020-04-18 15:28:05]: DEBUG - Matching...
[2020-04-18 15:28:05]: DEBUG - Matching...
[2020-04-18 15:28:05]: DEBUG - Matched.
[2020-04-18 15:28:06]: DEBUG - Click (873, 532)
[2020-04-18 15:28:08]: INFO - Search for jie_suan.png.
[2020-04-18 15:28:08]: DEBUG - Matching...
[2020-04-18 15:28:08]: DEBUG - Matched.
[2020-04-18 15:28:10]: DEBUG - Click (864, 413)
[2020-04-18 15:28:13]: DEBUG - Not existed.
[2020-04-18 15:28:13]: DEBUG - Matching...
[2020-04-18 15:28:14]: DEBUG - Matching...
[2020-04-18 15:28:15]: DEBUG - Matching...
[2020-04-18 15:28:15]: DEBUG - Matched.
[2020-04-18 15:28:15]: INFO - Discover 4st monster.
[2020-04-18 15:28:15]: DEBUG - Click (1132, 380)
[2020-04-18 15:28:15]: INFO - Search for zhun_bei.png.
[2020-04-18 15:28:15]: DEBUG - Matching...
[2020-04-18 15:28:16]: DEBUG - Matching...
[2020-04-18 15:28:16]: DEBUG - Matching...
[2020-04-18 15:28:16]: DEBUG - Matching...
[2020-04-18 15:28:16]: DEBUG - Matching...
[2020-04-18 15:28:17]: DEBUG - Matching...
[2020-04-18 15:28:17]: DEBUG - Matching...
[2020-04-18 15:28:17]: DEBUG - Matched.
[2020-04-18 15:28:20]: INFO - Check if needed to change dog food.
[2020-04-18 15:28:20]: DEBUG - Not existed.
[2020-04-18 15:28:20]: DEBUG - Not existed.
[2020-04-18 15:28:22]: DEBUG - Click (1060, 555)
[2020-04-18 15:28:29]: INFO - Search for sheng_li.png.
[2020-04-18 15:28:29]: DEBUG - Matching...
[2020-04-18 15:28:30]: DEBUG - Matching...
[2020-04-18 15:28:30]: DEBUG - Matching...
[2020-04-18 15:28:30]: DEBUG - Matching...
[2020-04-18 15:28:30]: DEBUG - Matched.
[2020-04-18 15:28:31]: DEBUG - Click (864, 540)
[2020-04-18 15:28:33]: INFO - Search for jie_suan.png.
[2020-04-18 15:28:34]: DEBUG - Matching...
[2020-04-18 15:28:35]: DEBUG - Matching...
[2020-04-18 15:28:35]: DEBUG - Matched.
[2020-04-18 15:28:37]: DEBUG - Click (880, 530)
[2020-04-18 15:28:40]: DEBUG - Not existed.
[2020-04-18 15:28:40]: DEBUG - Matching...
[2020-04-18 15:28:41]: DEBUG - Matching...
[2020-04-18 15:28:42]: DEBUG - Matching...
[2020-04-18 15:28:43]: DEBUG - Existed
[2020-04-18 15:28:44]: DEBUG - Click (943, 511)
[2020-04-18 15:28:46]: DEBUG - Not existed.
[2020-04-18 15:28:46]: DEBUG - Matching...
[2020-04-18 15:28:47]: DEBUG - Matching...
[2020-04-18 15:28:48]: DEBUG - Matching...
[2020-04-18 15:28:49]: DEBUG - Existed
[2020-04-18 15:28:50]: DEBUG - Click (946, 507)
[2020-04-18 15:28:52]: DEBUG - Not existed.
[2020-04-18 15:28:52]: DEBUG - Matching...
[2020-04-18 15:28:52]: DEBUG - Matched.
[2020-04-18 15:28:52]: INFO - Discover 5st monster.
[2020-04-18 15:28:52]: DEBUG - Click (863, 330)
[2020-04-18 15:28:52]: INFO - Search for zhun_bei.png.
[2020-04-18 15:28:52]: DEBUG - Matching...
[2020-04-18 15:28:53]: DEBUG - Matching...
[2020-04-18 15:28:53]: DEBUG - Matching...
[2020-04-18 15:28:53]: DEBUG - Matching...
[2020-04-18 15:28:53]: DEBUG - Matching...
[2020-04-18 15:28:54]: DEBUG - Matching...
[2020-04-18 15:28:54]: DEBUG - Matching...
[2020-04-18 15:28:54]: DEBUG - Matching...
[2020-04-18 15:28:55]: DEBUG - Matching...
[2020-04-18 15:28:55]: DEBUG - Matched.
[2020-04-18 15:28:58]: INFO - Check if needed to change dog food.
[2020-04-18 15:28:58]: DEBUG - Not existed.
[2020-04-18 15:28:58]: DEBUG - Not existed.
[2020-04-18 15:29:00]: DEBUG - Click (1059, 539)
[2020-04-18 15:29:08]: INFO - Search for sheng_li.png.
[2020-04-18 15:29:08]: DEBUG - Matching...
[2020-04-18 15:29:08]: DEBUG - Matching...
[2020-04-18 15:29:08]: DEBUG - Matching...
[2020-04-18 15:29:08]: DEBUG - Matched.
[2020-04-18 15:29:10]: DEBUG - Click (896, 516)
[2020-04-18 15:29:11]: INFO - Search for jie_suan.png.
[2020-04-18 15:29:11]: DEBUG - Matching...
[2020-04-18 15:29:12]: DEBUG - Matching...
[2020-04-18 15:29:12]: DEBUG - Matched.
[2020-04-18 15:29:15]: DEBUG - Click (877, 551)
[2020-04-18 15:29:18]: DEBUG - Not existed.
[2020-04-18 15:29:18]: DEBUG - Matching...
[2020-04-18 15:29:18]: DEBUG - Matched.
[2020-04-18 15:29:18]: INFO - Discover 6st monster.
[2020-04-18 15:29:18]: DEBUG - Click (923, 308)
[2020-04-18 15:29:18]: INFO - Search for zhun_bei.png.
[2020-04-18 15:29:18]: DEBUG - Matching...
[2020-04-18 15:29:18]: DEBUG - Matching...
[2020-04-18 15:29:18]: DEBUG - Matching...
[2020-04-18 15:29:19]: DEBUG - Matching...
[2020-04-18 15:29:19]: DEBUG - Matching...
[2020-04-18 15:29:19]: DEBUG - Matching...
[2020-04-18 15:29:20]: DEBUG - Matching...
[2020-04-18 15:29:20]: DEBUG - Matching...
[2020-04-18 15:29:20]: DEBUG - Matched.
[2020-04-18 15:29:23]: INFO - Check if needed to change dog food.
[2020-04-18 15:29:23]: DEBUG - Not existed.
[2020-04-18 15:29:23]: DEBUG - Not existed.
[2020-04-18 15:29:25]: DEBUG - Click (1093, 568)
[2020-04-18 15:29:33]: INFO - Search for sheng_li.png.
[2020-04-18 15:29:33]: DEBUG - Matching...
[2020-04-18 15:29:33]: DEBUG - Matching...
[2020-04-18 15:29:33]: DEBUG - Matching...
[2020-04-18 15:29:33]: DEBUG - Matched.
[2020-04-18 15:29:34]: DEBUG - Click (880, 527)
[2020-04-18 15:29:37]: INFO - Search for jie_suan.png.
[2020-04-18 15:29:37]: DEBUG - Matching...
[2020-04-18 15:29:38]: DEBUG - Matching...
[2020-04-18 15:29:38]: DEBUG - Matched.
[2020-04-18 15:29:40]: DEBUG - Click (903, 539)
[2020-04-18 15:29:43]: DEBUG - Not existed.
[2020-04-18 15:29:43]: DEBUG - Matching...
[2020-04-18 15:29:43]: DEBUG - Matched.
[2020-04-18 15:29:43]: INFO - Discover 7st monster.
[2020-04-18 15:29:43]: DEBUG - Click (1129, 312)
[2020-04-18 15:29:43]: INFO - Search for zhun_bei.png.
[2020-04-18 15:29:43]: DEBUG - Matching...
[2020-04-18 15:29:43]: DEBUG - Matching...
[2020-04-18 15:29:43]: DEBUG - Matching...
[2020-04-18 15:29:44]: DEBUG - Matching...
[2020-04-18 15:29:44]: DEBUG - Matching...
[2020-04-18 15:29:44]: DEBUG - Matching...
[2020-04-18 15:29:45]: DEBUG - Matching...
[2020-04-18 15:29:45]: DEBUG - Matching...
[2020-04-18 15:29:45]: DEBUG - Matched.
[2020-04-18 15:29:48]: INFO - Check if needed to change dog food.
[2020-04-18 15:29:48]: DEBUG - Not existed.
[2020-04-18 15:29:48]: DEBUG - Not existed.
[2020-04-18 15:29:50]: DEBUG - Click (1085, 560)
[2020-04-18 15:29:57]: INFO - Search for sheng_li.png.
[2020-04-18 15:29:57]: DEBUG - Matching...
[2020-04-18 15:29:57]: DEBUG - Matching...
[2020-04-18 15:29:57]: DEBUG - Matching...
[2020-04-18 15:29:58]: DEBUG - Matching...
[2020-04-18 15:29:58]: DEBUG - Matching...
[2020-04-18 15:29:58]: DEBUG - Matched.
[2020-04-18 15:29:59]: DEBUG - Click (884, 513)
[2020-04-18 15:30:01]: INFO - Search for jie_suan.png.
[2020-04-18 15:30:01]: DEBUG - Matching...
[2020-04-18 15:30:03]: DEBUG - Matching...
[2020-04-18 15:30:03]: DEBUG - Matched.
[2020-04-18 15:30:05]: DEBUG - Click (886, 532)
[2020-04-18 15:30:08]: DEBUG - Existed
[2020-04-18 15:30:09]: DEBUG - Click (588, 301)
[2020-04-18 15:30:09]: INFO - Search for zhun_bei.png.
[2020-04-18 15:30:09]: DEBUG - Matching...
[2020-04-18 15:30:09]: DEBUG - Matching...
[2020-04-18 15:30:09]: DEBUG - Matching...
[2020-04-18 15:30:10]: DEBUG - Matching...
[2020-04-18 15:30:10]: DEBUG - Matching...
[2020-04-18 15:30:10]: DEBUG - Matching...
[2020-04-18 15:30:10]: DEBUG - Matching...
[2020-04-18 15:30:10]: DEBUG - Matched.
[2020-04-18 15:30:13]: INFO - Check if needed to change dog food.
[2020-04-18 15:30:13]: DEBUG - Existed
[2020-04-18 15:30:15]: DEBUG - Click (464, 429)
[2020-04-18 15:30:16]: INFO - Search for quan_bu.png
[2020-04-18 15:30:16]: DEBUG - Matching...
[2020-04-18 15:30:17]: DEBUG - Matching...
[2020-04-18 15:30:17]: DEBUG - Matched.
[2020-04-18 15:30:18]: DEBUG - Click (84, 621)
[2020-04-18 15:30:18]: INFO - Search for su_cai.png
[2020-04-18 15:30:18]: DEBUG - Matching...
[2020-04-18 15:30:19]: DEBUG - Matching...
[2020-04-18 15:30:19]: DEBUG - Matched.
[2020-04-18 15:30:20]: DEBUG - Click (109, 352)
[2020-04-18 15:30:23]: INFO - Search for man_2.png
[2020-04-18 15:30:23]: DEBUG - Existed
[2020-04-18 15:30:23]: INFO - Search for gou_liang_bai_dan.png
[2020-04-18 15:30:23]: DEBUG - Matching...
[2020-04-18 15:30:23]: DEBUG - Matched.
[2020-04-18 15:30:25]: INFO - Search for man_2.png
[2020-04-18 15:30:25]: DEBUG - Not existed.
[2020-04-18 15:30:25]: INFO - Search for man_3.png
[2020-04-18 15:30:25]: DEBUG - Not existed.
[2020-04-18 15:30:26]: INFO - Search for man_2.png
[2020-04-18 15:30:26]: DEBUG - Not existed.
[2020-04-18 15:30:26]: INFO - Search for man_3.png
[2020-04-18 15:30:26]: DEBUG - Not existed.
[2020-04-18 15:30:27]: INFO - Search for man_2.png
[2020-04-18 15:30:27]: DEBUG - Not existed.
[2020-04-18 15:30:27]: INFO - Search for man_3.png
[2020-04-18 15:30:27]: DEBUG - Not existed.
[2020-04-18 15:30:28]: INFO - Search for fan_hui.png
[2020-04-18 15:30:28]: DEBUG - Matching...
[2020-04-18 15:30:28]: DEBUG - Matched.
[2020-04-18 15:30:29]: DEBUG - Click (57, 73)
[2020-04-18 15:30:30]: INFO - Finished.
[2020-04-18 15:30:32]: DEBUG - Click (1061, 556)
[2020-04-18 15:30:39]: INFO - Search for sheng_li.png.
[2020-04-18 15:30:39]: DEBUG - Matching...
[2020-04-18 15:30:40]: DEBUG - Matching...
[2020-04-18 15:30:40]: DEBUG - Matching...
[2020-04-18 15:30:40]: DEBUG - Matching...
[2020-04-18 15:30:40]: DEBUG - Matched.
[2020-04-18 15:30:41]: DEBUG - Click (880, 501)
[2020-04-18 15:30:44]: INFO - Search for jie_suan.png.
[2020-04-18 15:30:44]: DEBUG - Matching...
[2020-04-18 15:30:45]: DEBUG - Matching...
[2020-04-18 15:30:45]: DEBUG - Matched.
[2020-04-18 15:30:47]: DEBUG - Click (902, 527)
[2020-04-18 15:30:55]: DEBUG - Not existed.
[2020-04-18 15:30:55]: DEBUG - Existed
[2020-04-18 15:30:55]: INFO - Discover treasure.
[2020-04-18 15:30:56]: DEBUG - Click (523, 439)
[2020-04-18 15:30:58]: INFO - Search for huo_de_jiang_li.png.
[2020-04-18 15:30:58]: DEBUG - Matching...
[2020-04-18 15:30:58]: DEBUG - Matched.
[2020-04-18 15:30:59]: DEBUG - Click (1094, 253)
[2020-04-18 15:31:02]: DEBUG - Not existed.
[2020-04-18 15:31:02]: DEBUG - Existed
[2020-04-18 15:31:02]: INFO - Discover treasure.
[2020-04-18 15:31:03]: DEBUG - Click (671, 446)
[2020-04-18 15:31:06]: INFO - Search for huo_de_jiang_li.png.
[2020-04-18 15:31:06]: DEBUG - Matching...
[2020-04-18 15:31:06]: DEBUG - Matched.
[2020-04-18 15:31:07]: DEBUG - Click (1087, 264)
[2020-04-18 15:31:11]: DEBUG - Not existed.
[2020-04-18 15:31:11]: DEBUG - Not existed.
[2020-04-18 15:31:16]: INFO - Check if discover shi_ju(use ping_an_qi_tan).
[2020-04-18 15:31:16]: DEBUG - Existed
[2020-04-18 15:31:18]: DEBUG - Click (1036, 585)
[2020-04-18 15:31:23]: INFO - Start for times: 3.
[2020-04-18 15:31:23]: DEBUG - Not existed.
[2020-04-18 15:31:23]: INFO - Search for tan_suo.png.
[2020-04-18 15:31:23]: DEBUG - Matching...
[2020-04-18 15:31:23]: DEBUG - Matched.
[2020-04-18 15:31:25]: DEBUG - Click (866, 530)
[2020-04-18 15:31:28]: INFO - Search for zhen_rong_suo_ding.png.
[2020-04-18 15:31:28]: DEBUG - Not existed.
[2020-04-18 15:31:28]: INFO - Search for zhan_dou.png.
[2020-04-18 15:31:28]: DEBUG - Not existed.
[2020-04-18 15:31:28]: DEBUG - Matching...
[2020-04-18 15:31:28]: DEBUG - Matched.
[2020-04-18 15:31:28]: INFO - Discover 1st monster.
[2020-04-18 15:31:28]: DEBUG - Click (1075, 323)
[2020-04-18 15:31:28]: INFO - Search for zhun_bei.png.
[2020-04-18 15:31:28]: DEBUG - Matching...
[2020-04-18 15:31:28]: DEBUG - Matching...
[2020-04-18 15:31:28]: DEBUG - Matching...
[2020-04-18 15:31:29]: DEBUG - Matching...
[2020-04-18 15:31:29]: DEBUG - Matching...
[2020-04-18 15:31:29]: DEBUG - Matching...
[2020-04-18 15:31:29]: DEBUG - Matching...
[2020-04-18 15:31:30]: DEBUG - Matched.
[2020-04-18 15:31:33]: INFO - Check if needed to change dog food.
[2020-04-18 15:31:33]: DEBUG - Not existed.
[2020-04-18 15:31:33]: DEBUG - Not existed.
[2020-04-18 15:31:35]: DEBUG - Click (1077, 563)
[2020-04-18 15:31:41]: INFO - Search for sheng_li.png.
[2020-04-18 15:31:41]: DEBUG - Matching...
[2020-04-18 15:31:42]: DEBUG - Matching...
[2020-04-18 15:31:42]: DEBUG - Matching...
[2020-04-18 15:31:42]: DEBUG - Matching...
[2020-04-18 15:31:42]: DEBUG - Matching...
[2020-04-18 15:31:42]: DEBUG - Matched.
[2020-04-18 15:31:44]: DEBUG - Click (876, 539)
[2020-04-18 15:31:45]: INFO - Search for jie_suan.png.
[2020-04-18 15:31:45]: DEBUG - Matching...
[2020-04-18 15:31:46]: DEBUG - Matching...
[2020-04-18 15:31:47]: DEBUG - Matched.
[2020-04-18 15:31:49]: DEBUG - Click (865, 545)
[2020-04-18 15:31:52]: DEBUG - Not existed.
[2020-04-18 15:31:52]: DEBUG - Matching...
[2020-04-18 15:31:52]: DEBUG - Matched.
[2020-04-18 15:31:52]: INFO - Discover 2st monster.
[2020-04-18 15:31:52]: DEBUG - Click (902, 472)
[2020-04-18 15:31:52]: INFO - Search for zhun_bei.png.
[2020-04-18 15:31:52]: DEBUG - Matching...
[2020-04-18 15:31:52]: DEBUG - Matching...
[2020-04-18 15:31:52]: DEBUG - Matching...
[2020-04-18 15:31:53]: DEBUG - Matching...
[2020-04-18 15:31:53]: DEBUG - Matching...
[2020-04-18 15:31:53]: DEBUG - Matching...
[2020-04-18 15:31:53]: DEBUG - Matching...
[2020-04-18 15:31:54]: DEBUG - Matched.
[2020-04-18 15:31:57]: INFO - Check if needed to change dog food.
[2020-04-18 15:31:57]: DEBUG - Not existed.
[2020-04-18 15:31:57]: DEBUG - Not existed.
[2020-04-18 15:31:58]: DEBUG - Click (1106, 591)
[2020-04-18 15:32:06]: INFO - Search for sheng_li.png.
[2020-04-18 15:32:06]: DEBUG - Matching...
[2020-04-18 15:32:06]: DEBUG - Matching...
[2020-04-18 15:32:06]: DEBUG - Matching...
[2020-04-18 15:32:06]: DEBUG - Matched.
[2020-04-18 15:32:07]: DEBUG - Click (888, 506)
[2020-04-18 15:32:09]: INFO - Search for jie_suan.png.
[2020-04-18 15:32:09]: DEBUG - Matching...
[2020-04-18 15:32:09]: DEBUG - Matched.
[2020-04-18 15:32:11]: DEBUG - Click (878, 426)
[2020-04-18 15:32:14]: DEBUG - Not existed.
[2020-04-18 15:32:14]: DEBUG - Matching...
[2020-04-18 15:32:14]: DEBUG - Matched.
[2020-04-18 15:32:14]: INFO - Discover 3st monster.
[2020-04-18 15:32:14]: DEBUG - Click (865, 317)
[2020-04-18 15:32:14]: INFO - Search for zhun_bei.png.
[2020-04-18 15:32:14]: DEBUG - Matching...
[2020-04-18 15:32:14]: DEBUG - Matching...
[2020-04-18 15:32:15]: DEBUG - Matching...
[2020-04-18 15:32:15]: DEBUG - Matching...
[2020-04-18 15:32:15]: DEBUG - Matching...
[2020-04-18 15:32:15]: DEBUG - Matching...
[2020-04-18 15:32:16]: DEBUG - Matching...
[2020-04-18 15:32:16]: DEBUG - Matched.
[2020-04-18 15:32:19]: INFO - Check if needed to change dog food.
[2020-04-18 15:32:19]: DEBUG - Not existed.
[2020-04-18 15:32:19]: DEBUG - Not existed.
[2020-04-18 15:32:21]: DEBUG - Click (1065, 564)
[2020-04-18 15:32:28]: INFO - Search for sheng_li.png.
[2020-04-18 15:32:28]: DEBUG - Matching...
[2020-04-18 15:32:28]: DEBUG - Matching...
[2020-04-18 15:32:29]: DEBUG - Matching...
[2020-04-18 15:32:29]: DEBUG - Matching...
[2020-04-18 15:32:29]: DEBUG - Matching...
[2020-04-18 15:32:29]: DEBUG - Matched.
[2020-04-18 15:32:30]: DEBUG - Click (874, 528)
[2020-04-18 15:32:32]: INFO - Search for jie_suan.png.
[2020-04-18 15:32:32]: DEBUG - Matching...
[2020-04-18 15:32:32]: DEBUG - Matched.
[2020-04-18 15:32:34]: DEBUG - Click (877, 411)
[2020-04-18 15:32:37]: DEBUG - Existed
[2020-04-18 15:32:38]: DEBUG - Click (584, 303)
[2020-04-18 15:32:38]: INFO - Search for zhun_bei.png.
[2020-04-18 15:32:38]: DEBUG - Matching...
[2020-04-18 15:32:38]: DEBUG - Matching...
[2020-04-18 15:32:39]: DEBUG - Matching...
[2020-04-18 15:32:39]: DEBUG - Matching...
[2020-04-18 15:32:39]: DEBUG - Matching...
[2020-04-18 15:32:39]: DEBUG - Matching...
[2020-04-18 15:32:40]: DEBUG - Matching...
[2020-04-18 15:32:40]: DEBUG - Matched.
[2020-04-18 15:32:43]: INFO - Check if needed to change dog food.
[2020-04-18 15:32:43]: DEBUG - Not existed.
[2020-04-18 15:32:43]: DEBUG - Not existed.
[2020-04-18 15:32:45]: DEBUG - Click (1076, 544)
[2020-04-18 15:32:52]: INFO - Search for sheng_li.png.
[2020-04-18 15:32:52]: DEBUG - Matching...
[2020-04-18 15:32:52]: DEBUG - Matching...
[2020-04-18 15:32:53]: DEBUG - Matching...
[2020-04-18 15:32:53]: DEBUG - Matched.
[2020-04-18 15:32:54]: DEBUG - Click (889, 502)
[2020-04-18 15:32:56]: INFO - Search for jie_suan.png.
[2020-04-18 15:32:56]: DEBUG - Matching...
[2020-04-18 15:32:57]: DEBUG - Matching...
[2020-04-18 15:32:57]: DEBUG - Matched.
[2020-04-18 15:32:59]: DEBUG - Click (872, 557)
[2020-04-18 15:33:07]: DEBUG - Not existed.
[2020-04-18 15:33:07]: DEBUG - Not existed.
[2020-04-18 15:33:12]: INFO - Check if discover shi_ju(use ping_an_qi_tan).
[2020-04-18 15:33:12]: DEBUG - Existed
[2020-04-18 15:33:13]: DEBUG - Click (1037, 585)
[2020-04-18 15:33:19]: INFO - Start for times: 4.
[2020-04-18 15:33:19]: DEBUG - Not existed.
[2020-04-18 15:33:19]: INFO - Search for tan_suo.png.
[2020-04-18 15:33:19]: DEBUG - Matching...
[2020-04-18 15:33:19]: DEBUG - Matched.
[2020-04-18 15:33:21]: DEBUG - Click (866, 531)
[2020-04-18 15:33:24]: INFO - Search for zhen_rong_suo_ding.png.
[2020-04-18 15:33:24]: DEBUG - Not existed.
[2020-04-18 15:33:24]: INFO - Search for zhan_dou.png.
[2020-04-18 15:33:24]: DEBUG - Not existed.
[2020-04-18 15:33:24]: DEBUG - Matching...
[2020-04-18 15:33:24]: DEBUG - Matched.
[2020-04-18 15:33:24]: INFO - Discover 1st monster.
[2020-04-18 15:33:24]: DEBUG - Click (873, 420)
[2020-04-18 15:33:24]: INFO - Search for zhun_bei.png.
[2020-04-18 15:33:24]: DEBUG - Matching...
[2020-04-18 15:33:25]: DEBUG - Matching...
[2020-04-18 15:33:25]: DEBUG - Matching...
[2020-04-18 15:33:25]: DEBUG - Matching...
[2020-04-18 15:33:26]: DEBUG - Matching...
[2020-04-18 15:33:26]: DEBUG - Matching...
[2020-04-18 15:33:26]: DEBUG - Matching...
[2020-04-18 15:33:26]: DEBUG - Matched.
[2020-04-18 15:33:29]: INFO - Check if needed to change dog food.
[2020-04-18 15:33:29]: DEBUG - Not existed.
[2020-04-18 15:33:29]: DEBUG - Not existed.
[2020-04-18 15:33:31]: DEBUG - Click (1078, 567)
[2020-04-18 15:33:38]: INFO - Search for sheng_li.png.
[2020-04-18 15:33:38]: DEBUG - Matching...
[2020-04-18 15:33:38]: DEBUG - Matching...
[2020-04-18 15:33:39]: DEBUG - Matching...
[2020-04-18 15:33:39]: DEBUG - Matching...
[2020-04-18 15:33:39]: DEBUG - Matching...
[2020-04-18 15:33:39]: DEBUG - Matched.
[2020-04-18 15:33:40]: DEBUG - Click (885, 526)
[2020-04-18 15:33:42]: INFO - Search for jie_suan.png.
[2020-04-18 15:33:42]: DEBUG - Matching...
[2020-04-18 15:33:42]: DEBUG - Matched.
[2020-04-18 15:33:44]: DEBUG - Click (883, 412)
[2020-04-18 15:33:48]: DEBUG - Not existed.
[2020-04-18 15:33:48]: DEBUG - Matching...
[2020-04-18 15:33:48]: DEBUG - Matched.
[2020-04-18 15:33:48]: INFO - Discover 2st monster.
[2020-04-18 15:33:48]: DEBUG - Click (862, 315)
[2020-04-18 15:33:48]: INFO - Search for zhun_bei.png.
[2020-04-18 15:33:48]: DEBUG - Matching...
[2020-04-18 15:33:48]: DEBUG - Matching...
[2020-04-18 15:33:48]: DEBUG - Matching...
[2020-04-18 15:33:48]: DEBUG - Matching...
[2020-04-18 15:33:49]: DEBUG - Matching...
[2020-04-18 15:33:49]: DEBUG - Matching...
[2020-04-18 15:33:49]: DEBUG - Matching...
[2020-04-18 15:33:49]: DEBUG - Matched.
[2020-04-18 15:33:52]: INFO - Check if needed to change dog food.
[2020-04-18 15:33:52]: DEBUG - Not existed.
[2020-04-18 15:33:52]: DEBUG - Not existed.
[2020-04-18 15:33:54]: DEBUG - Click (1065, 563)
[2020-04-18 15:34:01]: INFO - Search for sheng_li.png.
[2020-04-18 15:34:01]: DEBUG - Matching...
[2020-04-18 15:34:01]: DEBUG - Matching...
[2020-04-18 15:34:01]: DEBUG - Matching...
[2020-04-18 15:34:02]: DEBUG - Matching...
[2020-04-18 15:34:02]: DEBUG - Matching...
[2020-04-18 15:34:02]: DEBUG - Matching...
[2020-04-18 15:34:02]: DEBUG - Matched.
[2020-04-18 15:34:03]: DEBUG - Click (892, 514)
[2020-04-18 15:34:05]: INFO - Search for jie_suan.png.
[2020-04-18 15:34:05]: DEBUG - Matching...
[2020-04-18 15:34:05]: DEBUG - Matched.
[2020-04-18 15:34:07]: DEBUG - Click (891, 433)
[2020-04-18 15:34:10]: DEBUG - Not existed.
[2020-04-18 15:34:10]: DEBUG - Matching...
[2020-04-18 15:34:10]: DEBUG - Matched.
[2020-04-18 15:34:10]: INFO - Discover 3st monster.
[2020-04-18 15:34:10]: DEBUG - Click (1075, 322)
[2020-04-18 15:34:10]: INFO - Search for zhun_bei.png.
[2020-04-18 15:34:10]: DEBUG - Matching...
[2020-04-18 15:34:10]: DEBUG - Matching...
[2020-04-18 15:34:11]: DEBUG - Matching...
[2020-04-18 15:34:11]: DEBUG - Matching...
[2020-04-18 15:34:11]: DEBUG - Matching...
[2020-04-18 15:34:11]: DEBUG - Matching...
[2020-04-18 15:34:12]: DEBUG - Matching...
[2020-04-18 15:34:12]: DEBUG - Matched.
[2020-04-18 15:34:15]: INFO - Check if needed to change dog food.
[2020-04-18 15:34:15]: DEBUG - Not existed.
[2020-04-18 15:34:15]: DEBUG - Not existed.
[2020-04-18 15:34:17]: DEBUG - Click (1091, 569)
[2020-04-18 15:34:24]: INFO - Search for sheng_li.png.
[2020-04-18 15:34:24]: DEBUG - Matching...
[2020-04-18 15:34:25]: DEBUG - Matching...
[2020-04-18 15:34:25]: DEBUG - Matching...
[2020-04-18 15:34:25]: DEBUG - Matched.
[2020-04-18 15:34:26]: DEBUG - Click (876, 503)
[2020-04-18 15:34:28]: INFO - Search for jie_suan.png.
[2020-04-18 15:34:28]: DEBUG - Matching...
[2020-04-18 15:34:28]: DEBUG - Matched.
[2020-04-18 15:34:30]: DEBUG - Click (878, 418)
[2020-04-18 15:34:33]: DEBUG - Existed
[2020-04-18 15:34:34]: DEBUG - Click (585, 317)
[2020-04-18 15:34:34]: INFO - Search for zhun_bei.png.
[2020-04-18 15:34:34]: DEBUG - Matching...
[2020-04-18 15:34:34]: DEBUG - Matching...
[2020-04-18 15:34:35]: DEBUG - Matching...
[2020-04-18 15:34:35]: DEBUG - Matching...
[2020-04-18 15:34:35]: DEBUG - Matching...
[2020-04-18 15:34:35]: DEBUG - Matching...
[2020-04-18 15:34:36]: DEBUG - Matching...
[2020-04-18 15:34:36]: DEBUG - Matched.
[2020-04-18 15:34:39]: INFO - Check if needed to change dog food.
[2020-04-18 15:34:39]: DEBUG - Not existed.
[2020-04-18 15:34:39]: DEBUG - Not existed.
[2020-04-18 15:34:41]: DEBUG - Click (1078, 548)
[2020-04-18 15:34:48]: INFO - Search for sheng_li.png.
[2020-04-18 15:34:48]: DEBUG - Matching...
[2020-04-18 15:34:48]: DEBUG - Matching...
[2020-04-18 15:34:49]: DEBUG - Matching...
[2020-04-18 15:34:49]: DEBUG - Matching...
[2020-04-18 15:34:49]: DEBUG - Matched.
[2020-04-18 15:34:50]: DEBUG - Click (871, 519)
[2020-04-18 15:34:52]: INFO - Search for jie_suan.png.
[2020-04-18 15:34:52]: DEBUG - Matching...
[2020-04-18 15:34:53]: DEBUG - Matching...
[2020-04-18 15:34:53]: DEBUG - Matched.
[2020-04-18 15:34:55]: DEBUG - Click (888, 548)
[2020-04-18 15:35:03]: DEBUG - Not existed.
[2020-04-18 15:35:03]: DEBUG - Existed
[2020-04-18 15:35:03]: INFO - Discover treasure.
[2020-04-18 15:35:05]: DEBUG - Click (752, 434)
[2020-04-18 15:35:07]: INFO - Search for huo_de_jiang_li.png.
[2020-04-18 15:35:07]: DEBUG - Matching...
[2020-04-18 15:35:07]: DEBUG - Matched.
[2020-04-18 15:35:08]: DEBUG - Click (1084, 269)
[2020-04-18 15:35:11]: DEBUG - Not existed.
[2020-04-18 15:35:11]: DEBUG - Existed
[2020-04-18 15:35:11]: INFO - Discover treasure.
[2020-04-18 15:35:12]: DEBUG - Click (497, 454)
[2020-04-18 15:35:15]: INFO - Search for huo_de_jiang_li.png.
[2020-04-18 15:35:15]: DEBUG - Matching...
[2020-04-18 15:35:15]: DEBUG - Matched.
[2020-04-18 15:35:16]: DEBUG - Click (1090, 261)
[2020-04-18 15:35:19]: DEBUG - Not existed.
[2020-04-18 15:35:19]: DEBUG - Not existed.
[2020-04-18 15:35:24]: INFO - Check if discover shi_ju(use ping_an_qi_tan).
[2020-04-18 15:35:24]: DEBUG - Existed
[2020-04-18 15:35:26]: DEBUG - Click (1038, 590)
[2020-04-18 15:35:30]: INFO - Start for times: 5.
[2020-04-18 15:35:31]: DEBUG - Not existed.
[2020-04-18 15:35:31]: INFO - Search for tan_suo.png.
[2020-04-18 15:35:31]: DEBUG - Matching...
[2020-04-18 15:35:31]: DEBUG - Matched.
[2020-04-18 15:35:33]: DEBUG - Click (864, 529)
[2020-04-18 15:35:36]: INFO - Search for zhen_rong_suo_ding.png.
[2020-04-18 15:35:36]: DEBUG - Not existed.
[2020-04-18 15:35:37]: INFO - Search for zhan_dou.png.
[2020-04-18 15:35:37]: DEBUG - Not existed.
[2020-04-18 15:35:37]: DEBUG - Matching...
[2020-04-18 15:35:37]: DEBUG - Matched.
[2020-04-18 15:35:37]: INFO - Discover 1st monster.
[2020-04-18 15:35:37]: DEBUG - Click (873, 414)
[2020-04-18 15:35:37]: INFO - Search for zhun_bei.png.
[2020-04-18 15:35:37]: DEBUG - Matching...
[2020-04-18 15:35:37]: DEBUG - Matching...
[2020-04-18 15:35:37]: DEBUG - Matching...
[2020-04-18 15:35:38]: DEBUG - Matching...
[2020-04-18 15:35:38]: DEBUG - Matching...
[2020-04-18 15:35:38]: DEBUG - Matching...
[2020-04-18 15:35:38]: DEBUG - Matching...
[2020-04-18 15:35:39]: DEBUG - Matching...
[2020-04-18 15:35:39]: DEBUG - Matched.
[2020-04-18 15:35:42]: INFO - Check if needed to change dog food.
[2020-04-18 15:35:42]: DEBUG - Not existed.
[2020-04-18 15:35:42]: DEBUG - Not existed.
[2020-04-18 15:35:44]: DEBUG - Click (1083, 579)
[2020-04-18 15:35:50]: INFO - Search for sheng_li.png.
[2020-04-18 15:35:50]: DEBUG - Matching...
[2020-04-18 15:35:51]: DEBUG - Matching...
[2020-04-18 15:35:51]: DEBUG - Matching...
[2020-04-18 15:35:51]: DEBUG - Matching...
[2020-04-18 15:35:51]: DEBUG - Matching...
[2020-04-18 15:35:52]: DEBUG - Matching...
[2020-04-18 15:35:52]: DEBUG - Matched.
[2020-04-18 15:35:53]: DEBUG - Click (893, 503)
[2020-04-18 15:35:55]: INFO - Search for jie_suan.png.
[2020-04-18 15:35:55]: DEBUG - Matching...
[2020-04-18 15:35:56]: DEBUG - Matching...
[2020-04-18 15:35:56]: DEBUG - Matched.
[2020-04-18 15:35:59]: DEBUG - Click (883, 534)
[2020-04-18 15:36:02]: DEBUG - Not existed.
[2020-04-18 15:36:02]: DEBUG - Matching...
[2020-04-18 15:36:02]: DEBUG - Matched.
[2020-04-18 15:36:02]: INFO - Discover 2st monster.
[2020-04-18 15:36:02]: DEBUG - Click (1073, 323)
[2020-04-18 15:36:02]: INFO - Search for zhun_bei.png.
[2020-04-18 15:36:02]: DEBUG - Matching...
[2020-04-18 15:36:02]: DEBUG - Matching...
[2020-04-18 15:36:02]: DEBUG - Matching...
[2020-04-18 15:36:02]: DEBUG - Matching...
[2020-04-18 15:36:03]: DEBUG - Matching...
[2020-04-18 15:36:03]: DEBUG - Matching...
[2020-04-18 15:36:03]: DEBUG - Matching...
[2020-04-18 15:36:04]: DEBUG - Matching...
[2020-04-18 15:36:04]: DEBUG - Matched.
[2020-04-18 15:36:07]: INFO - Check if needed to change dog food.
[2020-04-18 15:36:07]: DEBUG - Not existed.
[2020-04-18 15:36:07]: DEBUG - Not existed.
[2020-04-18 15:36:09]: DEBUG - Click (1098, 571)
[2020-04-18 15:36:16]: INFO - Search for sheng_li.png.
[2020-04-18 15:36:16]: DEBUG - Matching...
[2020-04-18 15:36:16]: DEBUG - Matching...
[2020-04-18 15:36:17]: DEBUG - Matching...
[2020-04-18 15:36:17]: DEBUG - Matching...
[2020-04-18 15:36:17]: DEBUG - Matched.
[2020-04-18 15:36:18]: DEBUG - Click (881, 503)
[2020-04-18 15:36:20]: INFO - Search for jie_suan.png.
[2020-04-18 15:36:20]: DEBUG - Matching...
[2020-04-18 15:36:20]: DEBUG - Matched.
[2020-04-18 15:36:22]: DEBUG - Click (875, 431)
[2020-04-18 15:36:25]: DEBUG - Not existed.
[2020-04-18 15:36:25]: DEBUG - Matching...
[2020-04-18 15:36:25]: DEBUG - Matched.
[2020-04-18 15:36:25]: INFO - Discover 3st monster.
[2020-04-18 15:36:26]: DEBUG - Click (864, 316)
[2020-04-18 15:36:26]: INFO - Search for zhun_bei.png.
[2020-04-18 15:36:26]: DEBUG - Matching...
[2020-04-18 15:36:26]: DEBUG - Matching...
[2020-04-18 15:36:26]: DEBUG - Matching...
[2020-04-18 15:36:27]: DEBUG - Matching...
[2020-04-18 15:36:27]: DEBUG - Matching...
[2020-04-18 15:36:27]: DEBUG - Matching...
[2020-04-18 15:36:28]: DEBUG - Matching...
[2020-04-18 15:36:28]: DEBUG - Matching...
[2020-04-18 15:36:28]: DEBUG - Matching...
[2020-04-18 15:36:28]: DEBUG - Matching...
[2020-04-18 15:36:29]: DEBUG - Matching...
[2020-04-18 15:36:29]: DEBUG - Matching...
[2020-04-18 15:36:29]: DEBUG - Matching...
[2020-04-18 15:36:30]: DEBUG - Matching...
[2020-04-18 15:36:30]: DEBUG - Matching...
[2020-04-18 15:36:30]: DEBUG - Matching...
[2020-04-18 15:36:30]: DEBUG - Matching...
[2020-04-18 15:36:31]: DEBUG - Matching...
[2020-04-18 15:36:31]: DEBUG - Matching...
[2020-04-18 15:36:31]: DEBUG - Matching...
[2020-04-18 15:36:31]: DEBUG - Matching...
[2020-04-18 15:36:32]: DEBUG - Matching...
[2020-04-18 15:36:32]: DEBUG - Matching...
[2020-04-18 15:36:32]: DEBUG - Matching...
[2020-04-18 15:36:32]: DEBUG - Matching...
[2020-04-18 15:36:33]: DEBUG - Matching...
[2020-04-18 15:36:33]: DEBUG - Matching...
[2020-04-18 15:36:33]: DEBUG - Matching...
[2020-04-18 15:36:33]: DEBUG - Matching...
[2020-04-18 15:36:34]: DEBUG - Matching...
[2020-04-18 15:36:34]: DEBUG - Matching...
[2020-04-18 15:36:34]: DEBUG - Matching...
[2020-04-18 15:36:34]: DEBUG - Matching...
[2020-04-18 15:36:35]: DEBUG - Matching...
[2020-04-18 15:36:35]: DEBUG - Matching...
[2020-04-18 15:36:35]: DEBUG - Matching...
[2020-04-18 15:36:35]: DEBUG - Matching...
[2020-04-18 15:36:36]: DEBUG - Matching...
